 3.0079 
 2.9844 
 2.9811 
 2.9450 
 3.0099 
 2.9867 
 3.0561 
 3.0371 
 3.0340 
 2.9880 
 3.0042 
 2.9627 
 2.9221 
 2.9288 
 2.8915 
 2.8931 
 2.9207 
 2.9339 
 2.9549 
 2.9707 
 2.9829 
 2.9932 
 2.9748 
 2.9546 
 2.9722 
 3.0150 
 3.0064 
 2.9950 
 2.9801 
 2.9809 
 3.0069 
 3.0400 
 3.0248 
 3.0280 
 3.0270 
 3.0246 
 2.9867 
 2.9796 
 2.9637 
 2.9874 
 2.9874 
 2.9771 
 3.0255 
 3.0197 
 3.0474 
 3.0678 
 3.0706 
 3.1023 
 3.0978 
 3.1186 
 3.1322 
 3.1534 
 3.1506 
 3.1500 
 3.1751 
 3.1728 
 3.1927 
 3.1931 
 3.1774 
 3.2245 
 3.2193 
 3.2169 
 3.2185 
 3.2239 
 3.2469 
 3.2589 
 3.2932 
 3.2862 
 3.2658 
 3.2548 
 3.2646 
 3.2080 
 3.2036 
 3.1682 
 3.1160 
 3.1506 
 3.1837 
 3.2255 
 3.2447 
 3.2577 
 3.2661 
 3.2800 
 3.2527 
 3.2773 
 3.2910 
 3.3078 
 3.3047 
 3.2410 
 3.2794 
 3.2694 
 3.2508 
 3.2523 
 3.2682 
 3.2606 
 3.2749 
 3.2835 
 3.2984 
 3.2502 
 3.2492 
 3.2367 
 3.2205 
 3.1820 
 3.1894 
 3.1882 
 3.1866 
 3.1903 
 3.1921 
 3.1989 
 3.1596 
 3.1644 
 3.1523 
 3.1629 
 3.1489 
 3.1508 
 3.1467 
 3.1327 
 3.1191 
 3.1342 
 3.1758 
 3.1962 
 3.2125 
 3.1936 
 3.1934 
 3.2017 
 3.1946 
 3.2310 
 3.2183 
 3.2229 
 3.2328 
 3.2393 
 3.2469 
 3.2523 
 3.2540 
 3.2442 
 3.2515 
 3.2229 
 3.2296 
 3.2486 
 3.2482 
 3.2671 
 3.2533 
 3.2717 
 3.2875 
 3.2802 
 3.2856 
 3.2410 
 3.2247 
 3.2399 
 3.2361 
 3.2300 
 3.2306 
 3.2671 
 3.2537 
 3.2375 
 3.2542 
 3.2292 
 3.2498 
 3.2255 
 3.2389 
 3.2467 
 3.2682 
 3.2777 
 3.2826 
 3.3133 
 3.3129 
 3.3200 
 3.3058 
 3.3250 
 3.3060 
 3.3010 
 3.3115 
 3.3010 
 3.2905 
 3.3087 
 3.3136 
 3.2824 
 3.3008 
 3.3231 
 3.3437 
 3.3487 
 3.3467 
 3.3515 
 3.3256 
 3.3548 
 3.3499 
 3.3272 
 3.3429 
 3.3511 
 3.3471 
 3.3849 
 3.3726 
 3.3769 
 3.3678 
 3.3676 
 3.3630 
 3.3695 
 3.3644 
 3.3474 
 3.3501 
 3.3524 
 3.3464 
 3.3481 
 3.3320 
 3.3425 
 3.3619 
 3.3578 
 3.3441 
 3.3538 
 3.3443 
 3.2984 
 3.2794 
 3.2860 
 3.2835 
 3.2564 
 3.2426 
 3.2298 
 3.2336 
 3.2432 
 3.2298 
 3.2183 
 3.1820 
 3.1655 
 3.1555 
 3.1621 
 3.1701 
 3.1664 
 3.1171 
 3.1250 
 3.1375 
 3.1709 
 3.1621 
 3.1849 
 3.1911 
 3.2133 
 3.1868 
 3.2027 
 3.2284 
 3.2149 
 3.2288 
 3.2527 
 3.2635 
 3.2379 
 3.2684 
 3.2566 
 3.2771 
 3.2966 
 3.2951 
 3.3178 
 3.3283 
 3.3817 
 3.3656 
 3.3972 
 3.4065 
 3.4151 
 3.4551 
 3.4516 
 3.4607 
 3.4579 
 3.4135 
 3.4138 
 3.4362 
 3.4806 
 3.4651 
 3.4298 
 3.3841 
 3.4088 
 3.4259 
 3.4324 
 3.4582 
 3.4667 
 3.4713 
 3.4651 
 3.4760 
 3.4513 
 3.4629 
 3.4256 
 3.4350 
 3.4223 
 3.4239 
 3.4423 
 3.4484 
 3.4579 
 3.4333 
 3.4314 
 3.4452 
 3.4629 
 3.4754 
 3.4664 
 3.4837 
 3.4775 
 3.4983 
 3.5086 
 3.4926 
 3.4980 
 3.4938 
 3.4785 
 3.4682 
 3.5065 
 3.5106 
 3.5118 
 3.5255 
 3.5366 
 3.5086 
 3.5354 
 3.5281 
 3.5456 
 3.5427 
 3.5476 
 3.5249 
 3.5378 
 3.5275 
 3.4417 
 3.3965 
 3.3471 
 3.3429 
 3.3167 
 3.2173 
 3.2718 
 3.2880 
 3.2642 
 3.3127 
 3.3308 
 3.3351 
 3.3329 
 3.2768 
 3.2873 
 3.2189 
 3.2125 
 3.2193 
 3.2135 
 3.2133 
 3.1751 
 3.1995 
 3.2044 
 3.2080 
 3.2272 
 3.2573 
 3.2453 
 3.1966 
 3.1536 
 3.1739 
 3.1377 
 3.1303 
 3.1570 
 3.1751 
 3.1519 
 3.1416 
 3.1510 
 3.1760 
 3.2080 
 3.2296 
 3.2367 
 3.2347 
 3.2726 
 3.2973 
 3.3003 
 3.3109 
 3.2696 
 3.3076 
 3.2824 
 3.2929 
 3.2658 
 3.2673 
 3.2787 
 3.2884 
 3.3365 
 3.3347 
 3.3182 
 3.3329 
 3.3340 
 3.3517 
 3.3436 
 3.3659 
 3.3467 
 3.3010 
 3.2880 
 3.2858 
 3.2500 
 3.2658 
 3.2884 
 3.2906 
 3.2839 
 3.3091 
 3.3116 
 3.3175 
 3.3436 
 3.3272 
 3.3404 
 3.3586 
 3.3250 
 3.3232 
 3.3214 
 3.3333 
 3.3683 
 3.3807 
 3.3576 
 3.3538 
 3.3541 
 3.3611 
 3.3714 
 3.3503 
 3.3268 
 3.3261 
 3.3347 
 3.3478 
 3.3311 
 3.3400 
 3.3368 
 3.3541 
 3.3918 
 3.4085 
 3.4108 
 3.3878 
 3.4085 
 3.4085 
 3.4092 
 3.4102 
 3.3834 
 3.3600 
 3.3766 
 3.3731 
 3.3597 
 3.3725 
 3.4009 
 3.4138 
 3.3995 
 3.4029 
 3.3933 
 3.4002 
 3.4042 
 3.3868 
 3.2912 
 3.3333 
 3.3193 
 3.3145 
 3.3171 
 3.3054 
 3.3054 
 3.3047 
 3.2847 
 3.2839 
 3.2658 
 3.2566 
 3.2438 
 3.2300 
 3.2477 
 3.2612 
 3.2947 
 3.3058 
 3.2995 
 3.3142 
 3.3386 
 3.3407 
 3.3649 
 3.3762 
 3.3810 
 3.3861 
 3.3735 
 3.4131 
 3.4685 
 3.4417 
 3.4509 
 3.4414 
 3.4372 
 3.3915 
 3.3942 
 3.3908 
 3.3810 
 3.3827 
 3.3945 
 3.3762 
 3.3569 
 3.3492 
 3.3229 
 3.3293 
 3.3283 
 3.3025 
 3.3383 
 3.3354 
 3.3572 
 3.3552 
 3.3593 
 3.3600 
 3.3752 
 3.3925 
 3.3714 
 3.3769 
 3.3925 
 3.3888 
 3.3803 
 3.3460 
 3.3185 
 3.3450 
 3.3670 
 3.3607 
 3.3453 
 3.3742 
 3.3638 
 3.3779 
 3.3680 
 2.9844 
 2.9811 
 2.9450 
 3.0099 
 2.9867 
 3.0561 
 3.0371 
 3.0340 
 2.9880 
 3.0042 
 2.9627 
 2.9221 
 2.9288 
 2.8915 
 2.8931 
 2.9207 
 2.9339 
 2.9549 
 2.9707 
 2.9829 
 2.9932 
 2.9748 
 2.9546 
 2.9722 
 3.0150 
 3.0064 
 2.9950 
 2.9801 
 2.9809 
 3.0069 
 3.0400 
 3.0248 
 3.0280 
 3.0270 
 3.0246 
 2.9867 
 2.9796 
 2.9637 
 2.9874 
 2.9874 
 2.9771 
 3.0255 
 3.0197 
 3.0474 
 3.0678 
 3.0706 
 3.1023 
 3.0978 
 3.1186 
 3.1322 
 3.1534 
 3.1506 
 3.1500 
 3.1751 
 3.1728 
 3.1927 
 3.1931 
 3.1774 
 3.2245 
 3.2193 
 3.2169 
 3.2185 
 3.2239 
 3.2469 
 3.2589 
 3.2932 
 3.2862 
 3.2658 
 3.2548 
 3.2646 
 3.2080 
 3.2036 
 3.1682 
 3.1160 
 3.1506 
 3.1837 
 3.2255 
 3.2447 
 3.2577 
 3.2661 
 3.2800 
 3.2527 
 3.2773 
 3.2910 
 3.3078 
 3.3047 
 3.2410 
 3.2794 
 3.2694 
 3.2508 
 3.2523 
 3.2682 
 3.2606 
 3.2749 
 3.2835 
 3.2984 
 3.2502 
 3.2492 
 3.2367 
 3.2205 
 3.1820 
 3.1894 
 3.1882 
 3.1866 
 3.1903 
 3.1921 
 3.1989 
 3.1596 
 3.1644 
 3.1523 
 3.1629 
 3.1489 
 3.1508 
 3.1467 
 3.1327 
 3.1191 
 3.1342 
 3.1758 
 3.1962 
 3.2125 
 3.1936 
 3.1934 
 3.2017 
 3.1946 
 3.2310 
 3.2183 
 3.2229 
 3.2328 
 3.2393 
 3.2469 
 3.2523 
 3.2540 
 3.2442 
 3.2515 
 3.2229 
 3.2296 
 3.2486 
 3.2482 
 3.2671 
 3.2533 
 3.2717 
 3.2875 
 3.2802 
 3.2856 
 3.2410 
 3.2247 
 3.2399 
 3.2361 
 3.2300 
 3.2306 
 3.2671 
 3.2537 
 3.2375 
 3.2542 
 3.2292 
 3.2498 
 3.2255 
 3.2389 
 3.2467 
 3.2682 
 3.2777 
 3.2826 
 3.3133 
 3.3129 
 3.3200 
 3.3058 
 3.3250 
 3.3060 
 3.3010 
 3.3115 
 3.3010 
 3.2905 
 3.3087 
 3.3136 
 3.2824 
 3.3008 
 3.3231 
 3.3437 
 3.3487 
 3.3467 
 3.3515 
 3.3256 
 3.3548 
 3.3499 
 3.3272 
 3.3429 
 3.3511 
 3.3471 
 3.3849 
 3.3726 
 3.3769 
 3.3678 
 3.3676 
 3.3630 
 3.3695 
 3.3644 
 3.3474 
 3.3501 
 3.3524 
 3.3464 
 3.3481 
 3.3320 
 3.3425 
 3.3619 
 3.3578 
 3.3441 
 3.3538 
 3.3443 
 3.2984 
 3.2794 
 3.2860 
 3.2835 
 3.2564 
 3.2426 
 3.2298 
 3.2336 
 3.2432 
 3.2298 
 3.2183 
 3.1820 
 3.1655 
 3.1555 
 3.1621 
 3.1701 
 3.1664 
 3.1171 
 3.1250 
 3.1375 
 3.1709 
 3.1621 
 3.1849 
 3.1911 
 3.2133 
 3.1868 
 3.2027 
 3.2284 
 3.2149 
 3.2288 
 3.2527 
 3.2635 
 3.2379 
 3.2684 
 3.2566 
 3.2771 
 3.2966 
 3.2951 
 3.3178 
 3.3283 
 3.3817 
 3.3656 
 3.3972 
 3.4065 
 3.4151 
 3.4551 
 3.4516 
 3.4607 
 3.4579 
 3.4135 
 3.4138 
 3.4362 
 3.4806 
 3.4651 
 3.4298 
 3.3841 
 3.4088 
 3.4259 
 3.4324 
 3.4582 
 3.4667 
 3.4713 
 3.4651 
 3.4760 
 3.4513 
 3.4629 
 3.4256 
 3.4350 
 3.4223 
 3.4239 
 3.4423 
 3.4484 
 3.4579 
 3.4333 
 3.4314 
 3.4452 
 3.4629 
 3.4754 
 3.4664 
 3.4837 
 3.4775 
 3.4983 
 3.5086 
 3.4926 
 3.4980 
 3.4938 
 3.4785 
 3.4682 
 3.5065 
 3.5106 
 3.5118 
 3.5255 
 3.5366 
 3.5086 
 3.5354 
 3.5281 
 3.5456 
 3.5427 
 3.5476 
 3.5249 
 3.5378 
 3.5275 
 3.4417 
 3.3965 
 3.3471 
 3.3429 
 3.3167 
 3.2173 
 3.2718 
 3.2880 
 3.2642 
 3.3127 
 3.3308 
 3.3351 
 3.3329 
 3.2768 
 3.2873 
 3.2189 
 3.2125 
 3.2193 
 3.2135 
 3.2133 
 3.1751 
 3.1995 
 3.2044 
 3.2080 
 3.2272 
 3.2573 
 3.2453 
 3.1966 
 3.1536 
 3.1739 
 3.1377 
 3.1303 
 3.1570 
 3.1751 
 3.1519 
 3.1416 
 3.1510 
 3.1760 
 3.2080 
 3.2296 
 3.2367 
 3.2347 
 3.2726 
 3.2973 
 3.3003 
 3.3109 
 3.2696 
 3.3076 
 3.2824 
 3.2929 
 3.2658 
 3.2673 
 3.2787 
 3.2884 
 3.3365 
 3.3347 
 3.3182 
 3.3329 
 3.3340 
 3.3517 
 3.3436 
 3.3659 
 3.3467 
 3.3010 
 3.2880 
 3.2858 
 3.2500 
 3.2658 
 3.2884 
 3.2906 
 3.2839 
 3.3091 
 3.3116 
 3.3175 
 3.3436 
 3.3272 
 3.3404 
 3.3586 
 3.3250 
 3.3232 
 3.3214 
 3.3333 
 3.3683 
 3.3807 
 3.3576 
 3.3538 
 3.3541 
 3.3611 
 3.3714 
 3.3503 
 3.3268 
 3.3261 
 3.3347 
 3.3478 
 3.3311 
 3.3400 
 3.3368 
 3.3541 
 3.3918 
 3.4085 
 3.4108 
 3.3878 
 3.4085 
 3.4085 
 3.4092 
 3.4102 
 3.3834 
 3.3600 
 3.3766 
 3.3731 
 3.3597 
 3.3725 
 3.4009 
 3.4138 
 3.3995 
 3.4029 
 3.3933 
 3.4002 
 3.4042 
 3.3868 
 3.2912 
 3.3333 
 3.3193 
 3.3145 
 3.3171 
 3.3054 
 3.3054 
 3.3047 
 3.2847 
 3.2839 
 3.2658 
 3.2566 
 3.2438 
 3.2300 
 3.2477 
 3.2612 
 3.2947 
 3.3058 
 3.2995 
 3.3142 
 3.3386 
 3.3407 
 3.3649 
 3.3762 
 3.3810 
 3.3861 
 3.3735 
 3.4131 
 3.4685 
 3.4417 
 3.4509 
 3.4414 
 3.4372 
 3.3915 
 3.3942 
 3.3908 
 3.3810 
 3.3827 
 3.3945 
 3.3762 
 3.3569 
 3.3492 
 3.3229 
 3.3293 
 3.3283 
 3.3025 
 3.3383 
 3.3354 
 3.3572 
 3.3552 
 3.3593 
 3.3600 
 3.3752 
 3.3925 
 3.3714 
 3.3769 
 3.3925 
 3.3888 
 3.3803 
 3.3460 
 3.3185 
 3.3450 
 3.3670 
 3.3607 
 3.3453 
 3.3742 
 3.3638 
 3.3779 
 3.3680 
 3.4108 
 2.9811 
 2.9450 
 3.0099 
 2.9867 
 3.0561 
 3.0371 
 3.0340 
 2.9880 
 3.0042 
 2.9627 
 2.9221 
 2.9288 
 2.8915 
 2.8931 
 2.9207 
 2.9339 
 2.9549 
 2.9707 
 2.9829 
 2.9932 
 2.9748 
 2.9546 
 2.9722 
 3.0150 
 3.0064 
 2.9950 
 2.9801 
 2.9809 
 3.0069 
 3.0400 
 3.0248 
 3.0280 
 3.0270 
 3.0246 
 2.9867 
 2.9796 
 2.9637 
 2.9874 
 2.9874 
 2.9771 
 3.0255 
 3.0197 
 3.0474 
 3.0678 
 3.0706 
 3.1023 
 3.0978 
 3.1186 
 3.1322 
 3.1534 
 3.1506 
 3.1500 
 3.1751 
 3.1728 
 3.1927 
 3.1931 
 3.1774 
 3.2245 
 3.2193 
 3.2169 
 3.2185 
 3.2239 
 3.2469 
 3.2589 
 3.2932 
 3.2862 
 3.2658 
 3.2548 
 3.2646 
 3.2080 
 3.2036 
 3.1682 
 3.1160 
 3.1506 
 3.1837 
 3.2255 
 3.2447 
 3.2577 
 3.2661 
 3.2800 
 3.2527 
 3.2773 
 3.2910 
 3.3078 
 3.3047 
 3.2410 
 3.2794 
 3.2694 
 3.2508 
 3.2523 
 3.2682 
 3.2606 
 3.2749 
 3.2835 
 3.2984 
 3.2502 
 3.2492 
 3.2367 
 3.2205 
 3.1820 
 3.1894 
 3.1882 
 3.1866 
 3.1903 
 3.1921 
 3.1989 
 3.1596 
 3.1644 
 3.1523 
 3.1629 
 3.1489 
 3.1508 
 3.1467 
 3.1327 
 3.1191 
 3.1342 
 3.1758 
 3.1962 
 3.2125 
 3.1936 
 3.1934 
 3.2017 
 3.1946 
 3.2310 
 3.2183 
 3.2229 
 3.2328 
 3.2393 
 3.2469 
 3.2523 
 3.2540 
 3.2442 
 3.2515 
 3.2229 
 3.2296 
 3.2486 
 3.2482 
 3.2671 
 3.2533 
 3.2717 
 3.2875 
 3.2802 
 3.2856 
 3.2410 
 3.2247 
 3.2399 
 3.2361 
 3.2300 
 3.2306 
 3.2671 
 3.2537 
 3.2375 
 3.2542 
 3.2292 
 3.2498 
 3.2255 
 3.2389 
 3.2467 
 3.2682 
 3.2777 
 3.2826 
 3.3133 
 3.3129 
 3.3200 
 3.3058 
 3.3250 
 3.3060 
 3.3010 
 3.3115 
 3.3010 
 3.2905 
 3.3087 
 3.3136 
 3.2824 
 3.3008 
 3.3231 
 3.3437 
 3.3487 
 3.3467 
 3.3515 
 3.3256 
 3.3548 
 3.3499 
 3.3272 
 3.3429 
 3.3511 
 3.3471 
 3.3849 
 3.3726 
 3.3769 
 3.3678 
 3.3676 
 3.3630 
 3.3695 
 3.3644 
 3.3474 
 3.3501 
 3.3524 
 3.3464 
 3.3481 
 3.3320 
 3.3425 
 3.3619 
 3.3578 
 3.3441 
 3.3538 
 3.3443 
 3.2984 
 3.2794 
 3.2860 
 3.2835 
 3.2564 
 3.2426 
 3.2298 
 3.2336 
 3.2432 
 3.2298 
 3.2183 
 3.1820 
 3.1655 
 3.1555 
 3.1621 
 3.1701 
 3.1664 
 3.1171 
 3.1250 
 3.1375 
 3.1709 
 3.1621 
 3.1849 
 3.1911 
 3.2133 
 3.1868 
 3.2027 
 3.2284 
 3.2149 
 3.2288 
 3.2527 
 3.2635 
 3.2379 
 3.2684 
 3.2566 
 3.2771 
 3.2966 
 3.2951 
 3.3178 
 3.3283 
 3.3817 
 3.3656 
 3.3972 
 3.4065 
 3.4151 
 3.4551 
 3.4516 
 3.4607 
 3.4579 
 3.4135 
 3.4138 
 3.4362 
 3.4806 
 3.4651 
 3.4298 
 3.3841 
 3.4088 
 3.4259 
 3.4324 
 3.4582 
 3.4667 
 3.4713 
 3.4651 
 3.4760 
 3.4513 
 3.4629 
 3.4256 
 3.4350 
 3.4223 
 3.4239 
 3.4423 
 3.4484 
 3.4579 
 3.4333 
 3.4314 
 3.4452 
 3.4629 
 3.4754 
 3.4664 
 3.4837 
 3.4775 
 3.4983 
 3.5086 
 3.4926 
 3.4980 
 3.4938 
 3.4785 
 3.4682 
 3.5065 
 3.5106 
 3.5118 
 3.5255 
 3.5366 
 3.5086 
 3.5354 
 3.5281 
 3.5456 
 3.5427 
 3.5476 
 3.5249 
 3.5378 
 3.5275 
 3.4417 
 3.3965 
 3.3471 
 3.3429 
 3.3167 
 3.2173 
 3.2718 
 3.2880 
 3.2642 
 3.3127 
 3.3308 
 3.3351 
 3.3329 
 3.2768 
 3.2873 
 3.2189 
 3.2125 
 3.2193 
 3.2135 
 3.2133 
 3.1751 
 3.1995 
 3.2044 
 3.2080 
 3.2272 
 3.2573 
 3.2453 
 3.1966 
 3.1536 
 3.1739 
 3.1377 
 3.1303 
 3.1570 
 3.1751 
 3.1519 
 3.1416 
 3.1510 
 3.1760 
 3.2080 
 3.2296 
 3.2367 
 3.2347 
 3.2726 
 3.2973 
 3.3003 
 3.3109 
 3.2696 
 3.3076 
 3.2824 
 3.2929 
 3.2658 
 3.2673 
 3.2787 
 3.2884 
 3.3365 
 3.3347 
 3.3182 
 3.3329 
 3.3340 
 3.3517 
 3.3436 
 3.3659 
 3.3467 
 3.3010 
 3.2880 
 3.2858 
 3.2500 
 3.2658 
 3.2884 
 3.2906 
 3.2839 
 3.3091 
 3.3116 
 3.3175 
 3.3436 
 3.3272 
 3.3404 
 3.3586 
 3.3250 
 3.3232 
 3.3214 
 3.3333 
 3.3683 
 3.3807 
 3.3576 
 3.3538 
 3.3541 
 3.3611 
 3.3714 
 3.3503 
 3.3268 
 3.3261 
 3.3347 
 3.3478 
 3.3311 
 3.3400 
 3.3368 
 3.3541 
 3.3918 
 3.4085 
 3.4108 
 3.3878 
 3.4085 
 3.4085 
 3.4092 
 3.4102 
 3.3834 
 3.3600 
 3.3766 
 3.3731 
 3.3597 
 3.3725 
 3.4009 
 3.4138 
 3.3995 
 3.4029 
 3.3933 
 3.4002 
 3.4042 
 3.3868 
 3.2912 
 3.3333 
 3.3193 
 3.3145 
 3.3171 
 3.3054 
 3.3054 
 3.3047 
 3.2847 
 3.2839 
 3.2658 
 3.2566 
 3.2438 
 3.2300 
 3.2477 
 3.2612 
 3.2947 
 3.3058 
 3.2995 
 3.3142 
 3.3386 
 3.3407 
 3.3649 
 3.3762 
 3.3810 
 3.3861 
 3.3735 
 3.4131 
 3.4685 
 3.4417 
 3.4509 
 3.4414 
 3.4372 
 3.3915 
 3.3942 
 3.3908 
 3.3810 
 3.3827 
 3.3945 
 3.3762 
 3.3569 
 3.3492 
 3.3229 
 3.3293 
 3.3283 
 3.3025 
 3.3383 
 3.3354 
 3.3572 
 3.3552 
 3.3593 
 3.3600 
 3.3752 
 3.3925 
 3.3714 
 3.3769 
 3.3925 
 3.3888 
 3.3803 
 3.3460 
 3.3185 
 3.3450 
 3.3670 
 3.3607 
 3.3453 
 3.3742 
 3.3638 
 3.3779 
 3.3680 
 3.4108 
 3.4167 
 2.9450 
 3.0099 
 2.9867 
 3.0561 
 3.0371 
 3.0340 
 2.9880 
 3.0042 
 2.9627 
 2.9221 
 2.9288 
 2.8915 
 2.8931 
 2.9207 
 2.9339 
 2.9549 
 2.9707 
 2.9829 
 2.9932 
 2.9748 
 2.9546 
 2.9722 
 3.0150 
 3.0064 
 2.9950 
 2.9801 
 2.9809 
 3.0069 
 3.0400 
 3.0248 
 3.0280 
 3.0270 
 3.0246 
 2.9867 
 2.9796 
 2.9637 
 2.9874 
 2.9874 
 2.9771 
 3.0255 
 3.0197 
 3.0474 
 3.0678 
 3.0706 
 3.1023 
 3.0978 
 3.1186 
 3.1322 
 3.1534 
 3.1506 
 3.1500 
 3.1751 
 3.1728 
 3.1927 
 3.1931 
 3.1774 
 3.2245 
 3.2193 
 3.2169 
 3.2185 
 3.2239 
 3.2469 
 3.2589 
 3.2932 
 3.2862 
 3.2658 
 3.2548 
 3.2646 
 3.2080 
 3.2036 
 3.1682 
 3.1160 
 3.1506 
 3.1837 
 3.2255 
 3.2447 
 3.2577 
 3.2661 
 3.2800 
 3.2527 
 3.2773 
 3.2910 
 3.3078 
 3.3047 
 3.2410 
 3.2794 
 3.2694 
 3.2508 
 3.2523 
 3.2682 
 3.2606 
 3.2749 
 3.2835 
 3.2984 
 3.2502 
 3.2492 
 3.2367 
 3.2205 
 3.1820 
 3.1894 
 3.1882 
 3.1866 
 3.1903 
 3.1921 
 3.1989 
 3.1596 
 3.1644 
 3.1523 
 3.1629 
 3.1489 
 3.1508 
 3.1467 
 3.1327 
 3.1191 
 3.1342 
 3.1758 
 3.1962 
 3.2125 
 3.1936 
 3.1934 
 3.2017 
 3.1946 
 3.2310 
 3.2183 
 3.2229 
 3.2328 
 3.2393 
 3.2469 
 3.2523 
 3.2540 
 3.2442 
 3.2515 
 3.2229 
 3.2296 
 3.2486 
 3.2482 
 3.2671 
 3.2533 
 3.2717 
 3.2875 
 3.2802 
 3.2856 
 3.2410 
 3.2247 
 3.2399 
 3.2361 
 3.2300 
 3.2306 
 3.2671 
 3.2537 
 3.2375 
 3.2542 
 3.2292 
 3.2498 
 3.2255 
 3.2389 
 3.2467 
 3.2682 
 3.2777 
 3.2826 
 3.3133 
 3.3129 
 3.3200 
 3.3058 
 3.3250 
 3.3060 
 3.3010 
 3.3115 
 3.3010 
 3.2905 
 3.3087 
 3.3136 
 3.2824 
 3.3008 
 3.3231 
 3.3437 
 3.3487 
 3.3467 
 3.3515 
 3.3256 
 3.3548 
 3.3499 
 3.3272 
 3.3429 
 3.3511 
 3.3471 
 3.3849 
 3.3726 
 3.3769 
 3.3678 
 3.3676 
 3.3630 
 3.3695 
 3.3644 
 3.3474 
 3.3501 
 3.3524 
 3.3464 
 3.3481 
 3.3320 
 3.3425 
 3.3619 
 3.3578 
 3.3441 
 3.3538 
 3.3443 
 3.2984 
 3.2794 
 3.2860 
 3.2835 
 3.2564 
 3.2426 
 3.2298 
 3.2336 
 3.2432 
 3.2298 
 3.2183 
 3.1820 
 3.1655 
 3.1555 
 3.1621 
 3.1701 
 3.1664 
 3.1171 
 3.1250 
 3.1375 
 3.1709 
 3.1621 
 3.1849 
 3.1911 
 3.2133 
 3.1868 
 3.2027 
 3.2284 
 3.2149 
 3.2288 
 3.2527 
 3.2635 
 3.2379 
 3.2684 
 3.2566 
 3.2771 
 3.2966 
 3.2951 
 3.3178 
 3.3283 
 3.3817 
 3.3656 
 3.3972 
 3.4065 
 3.4151 
 3.4551 
 3.4516 
 3.4607 
 3.4579 
 3.4135 
 3.4138 
 3.4362 
 3.4806 
 3.4651 
 3.4298 
 3.3841 
 3.4088 
 3.4259 
 3.4324 
 3.4582 
 3.4667 
 3.4713 
 3.4651 
 3.4760 
 3.4513 
 3.4629 
 3.4256 
 3.4350 
 3.4223 
 3.4239 
 3.4423 
 3.4484 
 3.4579 
 3.4333 
 3.4314 
 3.4452 
 3.4629 
 3.4754 
 3.4664 
 3.4837 
 3.4775 
 3.4983 
 3.5086 
 3.4926 
 3.4980 
 3.4938 
 3.4785 
 3.4682 
 3.5065 
 3.5106 
 3.5118 
 3.5255 
 3.5366 
 3.5086 
 3.5354 
 3.5281 
 3.5456 
 3.5427 
 3.5476 
 3.5249 
 3.5378 
 3.5275 
 3.4417 
 3.3965 
 3.3471 
 3.3429 
 3.3167 
 3.2173 
 3.2718 
 3.2880 
 3.2642 
 3.3127 
 3.3308 
 3.3351 
 3.3329 
 3.2768 
 3.2873 
 3.2189 
 3.2125 
 3.2193 
 3.2135 
 3.2133 
 3.1751 
 3.1995 
 3.2044 
 3.2080 
 3.2272 
 3.2573 
 3.2453 
 3.1966 
 3.1536 
 3.1739 
 3.1377 
 3.1303 
 3.1570 
 3.1751 
 3.1519 
 3.1416 
 3.1510 
 3.1760 
 3.2080 
 3.2296 
 3.2367 
 3.2347 
 3.2726 
 3.2973 
 3.3003 
 3.3109 
 3.2696 
 3.3076 
 3.2824 
 3.2929 
 3.2658 
 3.2673 
 3.2787 
 3.2884 
 3.3365 
 3.3347 
 3.3182 
 3.3329 
 3.3340 
 3.3517 
 3.3436 
 3.3659 
 3.3467 
 3.3010 
 3.2880 
 3.2858 
 3.2500 
 3.2658 
 3.2884 
 3.2906 
 3.2839 
 3.3091 
 3.3116 
 3.3175 
 3.3436 
 3.3272 
 3.3404 
 3.3586 
 3.3250 
 3.3232 
 3.3214 
 3.3333 
 3.3683 
 3.3807 
 3.3576 
 3.3538 
 3.3541 
 3.3611 
 3.3714 
 3.3503 
 3.3268 
 3.3261 
 3.3347 
 3.3478 
 3.3311 
 3.3400 
 3.3368 
 3.3541 
 3.3918 
 3.4085 
 3.4108 
 3.3878 
 3.4085 
 3.4085 
 3.4092 
 3.4102 
 3.3834 
 3.3600 
 3.3766 
 3.3731 
 3.3597 
 3.3725 
 3.4009 
 3.4138 
 3.3995 
 3.4029 
 3.3933 
 3.4002 
 3.4042 
 3.3868 
 3.2912 
 3.3333 
 3.3193 
 3.3145 
 3.3171 
 3.3054 
 3.3054 
 3.3047 
 3.2847 
 3.2839 
 3.2658 
 3.2566 
 3.2438 
 3.2300 
 3.2477 
 3.2612 
 3.2947 
 3.3058 
 3.2995 
 3.3142 
 3.3386 
 3.3407 
 3.3649 
 3.3762 
 3.3810 
 3.3861 
 3.3735 
 3.4131 
 3.4685 
 3.4417 
 3.4509 
 3.4414 
 3.4372 
 3.3915 
 3.3942 
 3.3908 
 3.3810 
 3.3827 
 3.3945 
 3.3762 
 3.3569 
 3.3492 
 3.3229 
 3.3293 
 3.3283 
 3.3025 
 3.3383 
 3.3354 
 3.3572 
 3.3552 
 3.3593 
 3.3600 
 3.3752 
 3.3925 
 3.3714 
 3.3769 
 3.3925 
 3.3888 
 3.3803 
 3.3460 
 3.3185 
 3.3450 
 3.3670 
 3.3607 
 3.3453 
 3.3742 
 3.3638 
 3.3779 
 3.3680 
 3.4108 
 3.4167 
 3.4042 
 3.0099 
 2.9867 
 3.0561 
 3.0371 
 3.0340 
 2.9880 
 3.0042 
 2.9627 
 2.9221 
 2.9288 
 2.8915 
 2.8931 
 2.9207 
 2.9339 
 2.9549 
 2.9707 
 2.9829 
 2.9932 
 2.9748 
 2.9546 
 2.9722 
 3.0150 
 3.0064 
 2.9950 
 2.9801 
 2.9809 
 3.0069 
 3.0400 
 3.0248 
 3.0280 
 3.0270 
 3.0246 
 2.9867 
 2.9796 
 2.9637 
 2.9874 
 2.9874 
 2.9771 
 3.0255 
 3.0197 
 3.0474 
 3.0678 
 3.0706 
 3.1023 
 3.0978 
 3.1186 
 3.1322 
 3.1534 
 3.1506 
 3.1500 
 3.1751 
 3.1728 
 3.1927 
 3.1931 
 3.1774 
 3.2245 
 3.2193 
 3.2169 
 3.2185 
 3.2239 
 3.2469 
 3.2589 
 3.2932 
 3.2862 
 3.2658 
 3.2548 
 3.2646 
 3.2080 
 3.2036 
 3.1682 
 3.1160 
 3.1506 
 3.1837 
 3.2255 
 3.2447 
 3.2577 
 3.2661 
 3.2800 
 3.2527 
 3.2773 
 3.2910 
 3.3078 
 3.3047 
 3.2410 
 3.2794 
 3.2694 
 3.2508 
 3.2523 
 3.2682 
 3.2606 
 3.2749 
 3.2835 
 3.2984 
 3.2502 
 3.2492 
 3.2367 
 3.2205 
 3.1820 
 3.1894 
 3.1882 
 3.1866 
 3.1903 
 3.1921 
 3.1989 
 3.1596 
 3.1644 
 3.1523 
 3.1629 
 3.1489 
 3.1508 
 3.1467 
 3.1327 
 3.1191 
 3.1342 
 3.1758 
 3.1962 
 3.2125 
 3.1936 
 3.1934 
 3.2017 
 3.1946 
 3.2310 
 3.2183 
 3.2229 
 3.2328 
 3.2393 
 3.2469 
 3.2523 
 3.2540 
 3.2442 
 3.2515 
 3.2229 
 3.2296 
 3.2486 
 3.2482 
 3.2671 
 3.2533 
 3.2717 
 3.2875 
 3.2802 
 3.2856 
 3.2410 
 3.2247 
 3.2399 
 3.2361 
 3.2300 
 3.2306 
 3.2671 
 3.2537 
 3.2375 
 3.2542 
 3.2292 
 3.2498 
 3.2255 
 3.2389 
 3.2467 
 3.2682 
 3.2777 
 3.2826 
 3.3133 
 3.3129 
 3.3200 
 3.3058 
 3.3250 
 3.3060 
 3.3010 
 3.3115 
 3.3010 
 3.2905 
 3.3087 
 3.3136 
 3.2824 
 3.3008 
 3.3231 
 3.3437 
 3.3487 
 3.3467 
 3.3515 
 3.3256 
 3.3548 
 3.3499 
 3.3272 
 3.3429 
 3.3511 
 3.3471 
 3.3849 
 3.3726 
 3.3769 
 3.3678 
 3.3676 
 3.3630 
 3.3695 
 3.3644 
 3.3474 
 3.3501 
 3.3524 
 3.3464 
 3.3481 
 3.3320 
 3.3425 
 3.3619 
 3.3578 
 3.3441 
 3.3538 
 3.3443 
 3.2984 
 3.2794 
 3.2860 
 3.2835 
 3.2564 
 3.2426 
 3.2298 
 3.2336 
 3.2432 
 3.2298 
 3.2183 
 3.1820 
 3.1655 
 3.1555 
 3.1621 
 3.1701 
 3.1664 
 3.1171 
 3.1250 
 3.1375 
 3.1709 
 3.1621 
 3.1849 
 3.1911 
 3.2133 
 3.1868 
 3.2027 
 3.2284 
 3.2149 
 3.2288 
 3.2527 
 3.2635 
 3.2379 
 3.2684 
 3.2566 
 3.2771 
 3.2966 
 3.2951 
 3.3178 
 3.3283 
 3.3817 
 3.3656 
 3.3972 
 3.4065 
 3.4151 
 3.4551 
 3.4516 
 3.4607 
 3.4579 
 3.4135 
 3.4138 
 3.4362 
 3.4806 
 3.4651 
 3.4298 
 3.3841 
 3.4088 
 3.4259 
 3.4324 
 3.4582 
 3.4667 
 3.4713 
 3.4651 
 3.4760 
 3.4513 
 3.4629 
 3.4256 
 3.4350 
 3.4223 
 3.4239 
 3.4423 
 3.4484 
 3.4579 
 3.4333 
 3.4314 
 3.4452 
 3.4629 
 3.4754 
 3.4664 
 3.4837 
 3.4775 
 3.4983 
 3.5086 
 3.4926 
 3.4980 
 3.4938 
 3.4785 
 3.4682 
 3.5065 
 3.5106 
 3.5118 
 3.5255 
 3.5366 
 3.5086 
 3.5354 
 3.5281 
 3.5456 
 3.5427 
 3.5476 
 3.5249 
 3.5378 
 3.5275 
 3.4417 
 3.3965 
 3.3471 
 3.3429 
 3.3167 
 3.2173 
 3.2718 
 3.2880 
 3.2642 
 3.3127 
 3.3308 
 3.3351 
 3.3329 
 3.2768 
 3.2873 
 3.2189 
 3.2125 
 3.2193 
 3.2135 
 3.2133 
 3.1751 
 3.1995 
 3.2044 
 3.2080 
 3.2272 
 3.2573 
 3.2453 
 3.1966 
 3.1536 
 3.1739 
 3.1377 
 3.1303 
 3.1570 
 3.1751 
 3.1519 
 3.1416 
 3.1510 
 3.1760 
 3.2080 
 3.2296 
 3.2367 
 3.2347 
 3.2726 
 3.2973 
 3.3003 
 3.3109 
 3.2696 
 3.3076 
 3.2824 
 3.2929 
 3.2658 
 3.2673 
 3.2787 
 3.2884 
 3.3365 
 3.3347 
 3.3182 
 3.3329 
 3.3340 
 3.3517 
 3.3436 
 3.3659 
 3.3467 
 3.3010 
 3.2880 
 3.2858 
 3.2500 
 3.2658 
 3.2884 
 3.2906 
 3.2839 
 3.3091 
 3.3116 
 3.3175 
 3.3436 
 3.3272 
 3.3404 
 3.3586 
 3.3250 
 3.3232 
 3.3214 
 3.3333 
 3.3683 
 3.3807 
 3.3576 
 3.3538 
 3.3541 
 3.3611 
 3.3714 
 3.3503 
 3.3268 
 3.3261 
 3.3347 
 3.3478 
 3.3311 
 3.3400 
 3.3368 
 3.3541 
 3.3918 
 3.4085 
 3.4108 
 3.3878 
 3.4085 
 3.4085 
 3.4092 
 3.4102 
 3.3834 
 3.3600 
 3.3766 
 3.3731 
 3.3597 
 3.3725 
 3.4009 
 3.4138 
 3.3995 
 3.4029 
 3.3933 
 3.4002 
 3.4042 
 3.3868 
 3.2912 
 3.3333 
 3.3193 
 3.3145 
 3.3171 
 3.3054 
 3.3054 
 3.3047 
 3.2847 
 3.2839 
 3.2658 
 3.2566 
 3.2438 
 3.2300 
 3.2477 
 3.2612 
 3.2947 
 3.3058 
 3.2995 
 3.3142 
 3.3386 
 3.3407 
 3.3649 
 3.3762 
 3.3810 
 3.3861 
 3.3735 
 3.4131 
 3.4685 
 3.4417 
 3.4509 
 3.4414 
 3.4372 
 3.3915 
 3.3942 
 3.3908 
 3.3810 
 3.3827 
 3.3945 
 3.3762 
 3.3569 
 3.3492 
 3.3229 
 3.3293 
 3.3283 
 3.3025 
 3.3383 
 3.3354 
 3.3572 
 3.3552 
 3.3593 
 3.3600 
 3.3752 
 3.3925 
 3.3714 
 3.3769 
 3.3925 
 3.3888 
 3.3803 
 3.3460 
 3.3185 
 3.3450 
 3.3670 
 3.3607 
 3.3453 
 3.3742 
 3.3638 
 3.3779 
 3.3680 
 3.4108 
 3.4167 
 3.4042 
 3.3922 
 2.9867 
 3.0561 
 3.0371 
 3.0340 
 2.9880 
 3.0042 
 2.9627 
 2.9221 
 2.9288 
 2.8915 
 2.8931 
 2.9207 
 2.9339 
 2.9549 
 2.9707 
 2.9829 
 2.9932 
 2.9748 
 2.9546 
 2.9722 
 3.0150 
 3.0064 
 2.9950 
 2.9801 
 2.9809 
 3.0069 
 3.0400 
 3.0248 
 3.0280 
 3.0270 
 3.0246 
 2.9867 
 2.9796 
 2.9637 
 2.9874 
 2.9874 
 2.9771 
 3.0255 
 3.0197 
 3.0474 
 3.0678 
 3.0706 
 3.1023 
 3.0978 
 3.1186 
 3.1322 
 3.1534 
 3.1506 
 3.1500 
 3.1751 
 3.1728 
 3.1927 
 3.1931 
 3.1774 
 3.2245 
 3.2193 
 3.2169 
 3.2185 
 3.2239 
 3.2469 
 3.2589 
 3.2932 
 3.2862 
 3.2658 
 3.2548 
 3.2646 
 3.2080 
 3.2036 
 3.1682 
 3.1160 
 3.1506 
 3.1837 
 3.2255 
 3.2447 
 3.2577 
 3.2661 
 3.2800 
 3.2527 
 3.2773 
 3.2910 
 3.3078 
 3.3047 
 3.2410 
 3.2794 
 3.2694 
 3.2508 
 3.2523 
 3.2682 
 3.2606 
 3.2749 
 3.2835 
 3.2984 
 3.2502 
 3.2492 
 3.2367 
 3.2205 
 3.1820 
 3.1894 
 3.1882 
 3.1866 
 3.1903 
 3.1921 
 3.1989 
 3.1596 
 3.1644 
 3.1523 
 3.1629 
 3.1489 
 3.1508 
 3.1467 
 3.1327 
 3.1191 
 3.1342 
 3.1758 
 3.1962 
 3.2125 
 3.1936 
 3.1934 
 3.2017 
 3.1946 
 3.2310 
 3.2183 
 3.2229 
 3.2328 
 3.2393 
 3.2469 
 3.2523 
 3.2540 
 3.2442 
 3.2515 
 3.2229 
 3.2296 
 3.2486 
 3.2482 
 3.2671 
 3.2533 
 3.2717 
 3.2875 
 3.2802 
 3.2856 
 3.2410 
 3.2247 
 3.2399 
 3.2361 
 3.2300 
 3.2306 
 3.2671 
 3.2537 
 3.2375 
 3.2542 
 3.2292 
 3.2498 
 3.2255 
 3.2389 
 3.2467 
 3.2682 
 3.2777 
 3.2826 
 3.3133 
 3.3129 
 3.3200 
 3.3058 
 3.3250 
 3.3060 
 3.3010 
 3.3115 
 3.3010 
 3.2905 
 3.3087 
 3.3136 
 3.2824 
 3.3008 
 3.3231 
 3.3437 
 3.3487 
 3.3467 
 3.3515 
 3.3256 
 3.3548 
 3.3499 
 3.3272 
 3.3429 
 3.3511 
 3.3471 
 3.3849 
 3.3726 
 3.3769 
 3.3678 
 3.3676 
 3.3630 
 3.3695 
 3.3644 
 3.3474 
 3.3501 
 3.3524 
 3.3464 
 3.3481 
 3.3320 
 3.3425 
 3.3619 
 3.3578 
 3.3441 
 3.3538 
 3.3443 
 3.2984 
 3.2794 
 3.2860 
 3.2835 
 3.2564 
 3.2426 
 3.2298 
 3.2336 
 3.2432 
 3.2298 
 3.2183 
 3.1820 
 3.1655 
 3.1555 
 3.1621 
 3.1701 
 3.1664 
 3.1171 
 3.1250 
 3.1375 
 3.1709 
 3.1621 
 3.1849 
 3.1911 
 3.2133 
 3.1868 
 3.2027 
 3.2284 
 3.2149 
 3.2288 
 3.2527 
 3.2635 
 3.2379 
 3.2684 
 3.2566 
 3.2771 
 3.2966 
 3.2951 
 3.3178 
 3.3283 
 3.3817 
 3.3656 
 3.3972 
 3.4065 
 3.4151 
 3.4551 
 3.4516 
 3.4607 
 3.4579 
 3.4135 
 3.4138 
 3.4362 
 3.4806 
 3.4651 
 3.4298 
 3.3841 
 3.4088 
 3.4259 
 3.4324 
 3.4582 
 3.4667 
 3.4713 
 3.4651 
 3.4760 
 3.4513 
 3.4629 
 3.4256 
 3.4350 
 3.4223 
 3.4239 
 3.4423 
 3.4484 
 3.4579 
 3.4333 
 3.4314 
 3.4452 
 3.4629 
 3.4754 
 3.4664 
 3.4837 
 3.4775 
 3.4983 
 3.5086 
 3.4926 
 3.4980 
 3.4938 
 3.4785 
 3.4682 
 3.5065 
 3.5106 
 3.5118 
 3.5255 
 3.5366 
 3.5086 
 3.5354 
 3.5281 
 3.5456 
 3.5427 
 3.5476 
 3.5249 
 3.5378 
 3.5275 
 3.4417 
 3.3965 
 3.3471 
 3.3429 
 3.3167 
 3.2173 
 3.2718 
 3.2880 
 3.2642 
 3.3127 
 3.3308 
 3.3351 
 3.3329 
 3.2768 
 3.2873 
 3.2189 
 3.2125 
 3.2193 
 3.2135 
 3.2133 
 3.1751 
 3.1995 
 3.2044 
 3.2080 
 3.2272 
 3.2573 
 3.2453 
 3.1966 
 3.1536 
 3.1739 
 3.1377 
 3.1303 
 3.1570 
 3.1751 
 3.1519 
 3.1416 
 3.1510 
 3.1760 
 3.2080 
 3.2296 
 3.2367 
 3.2347 
 3.2726 
 3.2973 
 3.3003 
 3.3109 
 3.2696 
 3.3076 
 3.2824 
 3.2929 
 3.2658 
 3.2673 
 3.2787 
 3.2884 
 3.3365 
 3.3347 
 3.3182 
 3.3329 
 3.3340 
 3.3517 
 3.3436 
 3.3659 
 3.3467 
 3.3010 
 3.2880 
 3.2858 
 3.2500 
 3.2658 
 3.2884 
 3.2906 
 3.2839 
 3.3091 
 3.3116 
 3.3175 
 3.3436 
 3.3272 
 3.3404 
 3.3586 
 3.3250 
 3.3232 
 3.3214 
 3.3333 
 3.3683 
 3.3807 
 3.3576 
 3.3538 
 3.3541 
 3.3611 
 3.3714 
 3.3503 
 3.3268 
 3.3261 
 3.3347 
 3.3478 
 3.3311 
 3.3400 
 3.3368 
 3.3541 
 3.3918 
 3.4085 
 3.4108 
 3.3878 
 3.4085 
 3.4085 
 3.4092 
 3.4102 
 3.3834 
 3.3600 
 3.3766 
 3.3731 
 3.3597 
 3.3725 
 3.4009 
 3.4138 
 3.3995 
 3.4029 
 3.3933 
 3.4002 
 3.4042 
 3.3868 
 3.2912 
 3.3333 
 3.3193 
 3.3145 
 3.3171 
 3.3054 
 3.3054 
 3.3047 
 3.2847 
 3.2839 
 3.2658 
 3.2566 
 3.2438 
 3.2300 
 3.2477 
 3.2612 
 3.2947 
 3.3058 
 3.2995 
 3.3142 
 3.3386 
 3.3407 
 3.3649 
 3.3762 
 3.3810 
 3.3861 
 3.3735 
 3.4131 
 3.4685 
 3.4417 
 3.4509 
 3.4414 
 3.4372 
 3.3915 
 3.3942 
 3.3908 
 3.3810 
 3.3827 
 3.3945 
 3.3762 
 3.3569 
 3.3492 
 3.3229 
 3.3293 
 3.3283 
 3.3025 
 3.3383 
 3.3354 
 3.3572 
 3.3552 
 3.3593 
 3.3600 
 3.3752 
 3.3925 
 3.3714 
 3.3769 
 3.3925 
 3.3888 
 3.3803 
 3.3460 
 3.3185 
 3.3450 
 3.3670 
 3.3607 
 3.3453 
 3.3742 
 3.3638 
 3.3779 
 3.3680 
 3.4108 
 3.4167 
 3.4042 
 3.3922 
 3.4035 
