 -0.1035 
 0.6452 
 -0.0549 
 0.7590 
 0.3128 
 0.0958 
 0.0371 
 -0.1493 
 0.6242 
 0.2841 
 -0.6315 
 0.9954 
 -0.0232 
 0.0185 
 0.5284 
 0.3492 
 0.4506 
 -0.5555 
 -0.2338 
 -0.3077 
 0.6837 
 0.9505 
 -0.4357 
 0.9511 
 0.2043 
 -0.6261 
 -0.0733 
 -0.7517 
 0.3999 
 0.5168 
 -0.0405 
 0.3662 
 0.4361 
 -0.5744 
 -0.7192 
 -0.0386 
 0.9988 
 0.7616 
 -0.9221 
 0.8973 
 0.7857 
 -0.5753 
 0.9639 
 -0.4909 
 0.2537 
 0.0375 
 -0.0103 
 -0.5068 
 -0.8725 
 -0.6631 
 0.3298 
 0.4122 
 0.7161 
 -0.4603 
 -0.9551 
 0.1163 
 -0.6020 
 0.8405 
 -0.4498 
 -0.5421 
 0.0363 
 -0.4879 
 -0.9677 
 0.9530 
 0.7976 
 0.9184 
 0.6891 
 -0.2381 
 -0.8208 
 0.4655 
 0.3651 
 -0.1297 
 -0.7136 
 -0.3858 
 0.3606 
 0.0079 
 0.4693 
 0.2960 
 -0.8643 
 0.9894 
 -0.6377 
 -0.0791 
 0.1215 
 0.3124 
 0.6244 
 0.5527 
 -0.4069 
 -0.6395 
 0.6838 
 0.3089 
 0.2159 
 -0.0451 
 0.2232 
 -0.2434 
 0.7327 
 -0.0395 
 -0.0780 
 -0.3967 
 0.1094 
 0.1519 
 -0.7116 
 0.4424 
 -0.5998 
 -0.4409 
 0.3973 
 -0.6188 
 -0.1561 
 -0.5846 
 -0.7226 
 0.6275 
 -0.3431 
 -0.0388 
 -0.8660 
 -0.8359 
 -0.3651 
 -0.3708 
 -0.3238 
 0.3081 
 -0.1596 
 0.6642 
 0.7484 
 0.0994 
 -0.3240 
 0.0840 
 -0.4986 
 -0.2637 
 0.6994 
 0.7305 
 -0.8518 
 0.8900 
 -0.9694 
 -0.8415 
 0.5077 
 -0.2543 
 -0.5811 
 0.6725 
 0.7162 
 0.5454 
 -0.3038 
 0.9352 
 -0.3498 
 0.1282 
 -0.5572 
 0.1742 
 -0.3666 
 0.4099 
 -0.8565 
 -0.8179 
 -0.6305 
 -0.6149 
 -0.6871 
 -0.4553 
 -0.6346 
 -0.9294 
 -0.8581 
 -0.9551 
 0.2265 
 -0.4581 
 -0.0607 
 -0.6486 
 0.6222 
 -0.9613 
 0.0265 
 0.8355 
 0.4964 
 0.5593 
 -0.2691 
 0.9263 
 -0.2901 
 0.7471 
 0.4697 
 -0.1552 
 0.0285 
 -0.3283 
 -0.7709 
 0.5735 
 -0.0493 
 -0.7127 
 -0.0271 
 0.8139 
 -0.1208 
 0.3151 
 -0.0789 
 -0.7682 
 -0.3018 
 -0.4043 
 -0.9899 
 -0.6668 
 0.7492 
 0.4702 
 -0.8602 
 -0.7015 
 0.8792 
 0.7619 
 -0.3507 
 -0.0735 
 0.4357 
 -0.1431 
 0.0719 
 0.9006 
 -0.0039 
 0.6350 
 0.4715 
 -0.6836 
 0.5832 
 -0.9726 
 0.4470 
 -0.0151 
 -0.3252 
 0.5096 
 0.4130 
 -0.1149 
 0.6432 
 0.6321 
 0.6323 
 0.0021 
 -0.6726 
 0.1680 
 0.8182 
 -0.4207 
 -0.2916 
 -0.3404 
 0.4541 
 0.3967 
 -0.4425 
 0.7343 
 -0.8294 
 -0.8634 
 0.9365 
 0.2502 
 0.5404 
 -0.7092 
 -0.3723 
 -0.9987 
 0.1189 
 0.8442 
 -0.1094 
 -0.3015 
 0.0261 
 -0.8214 
 0.5276 
 -0.2232 
 -0.7043 
 -0.2299 
 -0.4550 
 -0.4015 
 -0.9769 
 -0.5222 
 -0.0762 
 -0.7183 
 -0.2484 
 -0.0948 
 0.0537 
 0.1028 
 -0.3353 
 -0.5701 
 -0.7017 
 0.1209 
 -0.3427 
 0.3074 
 0.5828 
 0.6218 
 0.3659 
 -0.4349 
 0.0413 
 0.1036 
 -0.0368 
 -0.7152 
 -0.3163 
 0.7298 
 -0.5065 
 -0.6271 
 0.0526 
 -0.2348 
 0.6887 
 0.4180 
 0.3703 
 -0.3803 
 -0.9711 
 -0.3528 
 0.4991 
 -0.5536 
 0.9107 
 -0.9689 
 0.6248 
 -0.6057 
 -0.4922 
 -0.1007 
 0.1653 
 0.1874 
 0.9340 
 -0.0479 
 0.2436 
 0.2344 
 0.2352 
 -0.2519 
 0.3891 
 -0.3906 
 -0.2424 
 0.5133 
 0.0141 
 0.2301 
 -0.1958 
 -0.6040 
 0.0084 
 -0.0598 
 -0.7215 
 -0.0644 
 -0.0400 
 -0.9157 
 -0.8174 
 -0.3632 
 0.9907 
 0.2367 
 0.5116 
 -0.4478 
 0.0679 
 -0.9548 
 0.6470 
 -0.5181 
 0.3042 
 0.2578 
 -0.6807 
 0.5142 
 -0.3363 
 -0.5274 
 0.4216 
 -0.3455 
 0.0303 
 -0.1358 
 0.5976 
 0.0857 
 0.8357 
 -0.7215 
 0.8030 
 -0.4474 
 0.8874 
 -0.8699 
 0.1020 
 -0.9758 
 -0.7200 
 0.7121 
 0.2773 
 0.6598 
 0.3981 
 -0.7204 
 0.3379 
 -0.0666 
 0.8519 
 0.7703 
 0.4139 
 0.2868 
 -0.4869 
 0.4071 
 0.4712 
 0.5276 
 -0.2105 
 -0.8754 
 0.4005 
 -0.2088 
 0.6712 
 -0.5116 
 0.9224 
 0.8135 
 -0.3625 
 0.5345 
 0.5108 
 0.1931 
 -0.7145 
 -0.9062 
 0.7260 
 0.1849 
 -0.8407 
 -0.5058 
 0.6940 
 -0.8554 
 0.6292 
 0.7686 
 -0.2595 
 0.6007 
 0.6213 
 -0.6429 
 0.3886 
 0.3220 
 0.9801 
 -0.2330 
 0.4610 
 -0.8476 
 -0.8507 
 0.0698 
 -0.2303 
 -0.2495 
 0.9458 
 0.4261 
 -0.3082 
 -0.5125 
 0.5113 
 0.7698 
 -0.3069 
 -0.8532 
 0.1056 
 -0.1666 
 -0.5511 
 -0.0435 
 -0.0014 
 0.2058 
 -0.4284 
 0.0791 
 0.0390 
 -0.0436 
 0.1619 
 -0.2183 
 0.8411 
 0.3528 
 -0.4171 
 0.9273 
 -0.9672 
 -0.5559 
 0.6575 
 0.5577 
 -0.3946 
 0.7297 
 0.8546 
 0.5029 
 -0.1154 
 0.0852 
 0.7502 
 0.9549 
 0.1911 
 0.1730 
 0.7660 
 0.5824 
 0.0246 
 0.0998 
 0.2790 
 -0.3377 
 -0.3424 
 -0.7032 
 0.4543 
 -0.2617 
 0.2128 
 -0.9863 
 -0.7222 
 0.9287 
 0.4409 
 0.8307 
 0.4558 
 -0.0046 
 0.2746 
 -0.0306 
 -0.1767 
 -0.4524 
 0.7695 
 0.8105 
 -0.0846 
 -0.1610 
 0.1031 
 0.5808 
 -0.8825 
 -0.0684 
 0.5491 
 0.4085 
 0.3527 
 0.5512 
 -0.0905 
 -0.5485 
 0.8727 
 0.2456 
 0.4666 
 0.6728 
 0.1891 
 -0.2104 
 0.2365 
 0.3543 
 -0.9654 
 0.4779 
 -0.8906 
 -0.5135 
 0.4582 
 -0.1276 
 -0.9970 
 -0.5610 
 -0.2238 
 0.4487 
 0.5342 
 -0.5186 
 -0.9290 
 0.9046 
 0.0610 
 -0.6792 
 -0.2745 
 -0.4448 
 0.1614 
 0.2817 
 -0.7622 
 -0.9374 
 -0.0383 
 -0.6918 
 0.8532 
 -0.1755 
 -0.1923 
 -0.6937 
 0.7501 
 0.7547 
 -0.8143 
 -0.3348 
 0.3870 
 -0.6582 
 -0.3082 
 -0.2699 
 -0.3167 
 0.8308 
 -0.6576 
 -0.6133 
 0.9324 
 -0.0779 
 0.4698 
 -0.8264 
 -0.5693 
 0.1411 
 -0.3529 
 0.9145 
 0.1808 
 -0.7597 
 -0.4466 
 -0.7087 
 0.4383 
 0.5103 
 0.6959 
 -0.6782 
 -0.1461 
 0.6033 
 -0.5872 
 0.3139 
 -0.4197 
 0.3716 
 -0.3824 
 0.8854 
 -0.5222 
 0.3976 
 -0.7202 
 -0.1096 
 0.2921 
 -0.8298 
 0.0240 
 -0.5016 
 -0.2494 
 0.1794 
 0.9904 
 -0.9233 
 -0.4686 
 -0.3956 
 -0.5877 
 0.2674 
 0.4312 
 0.0710 
 -0.8508 
 -0.6933 
 0.3673 
 -0.3324 
 0.6840 
 0.8960 
 0.5034 
 -0.9456 
 0.4882 
 -0.3265 
 0.6027 
 -0.6662 
 0.2734 
 -0.7135 
 0.6402 
 -0.6430 
 -0.6412 
 -0.6966 
 -0.1308 
 0.7600 
 -0.0010 
 0.1360 
 -0.8249 
 -0.1121 
 0.4091 
 0.9636 
 -0.2838 
 -0.7694 
 -0.4798 
 0.9906 
 0.6750 
 0.5001 
 0.5291 
 0.9514 
 0.7672 
 0.2818 
 0.8092 
 0.6214 
 0.2121 
 0.7147 
 -0.6862 
 -0.3532 
 0.0129 
 -0.2135 
 -0.4386 
 0.7769 
 -0.3881 
 0.6541 
 -0.6338 
 0.7021 
 -0.4079 
 -0.9377 
 -0.2580 
 -0.2296 
 0.7130 
 0.8451 
 -0.4865 
 0.1566 
 -0.3455 
 -0.0508 
 0.4862 
 0.3416 
 -0.8722 
 0.8036 
 0.4418 
 -0.1134 
 -0.6553 
 -0.1681 
 -0.9986 
 0.0931 
 0.1286 
 -0.8699 
 -0.2266 
 0.0099 
 0.7371 
 0.4970 
 0.4914 
 0.6959 
 -0.5258 
 -0.3249 
 0.9283 
 -0.7130 
 -0.7929 
 0.8173 
 -0.7696 
 0.4887 
 0.4493 
 -0.7556 
 0.9698 
 -0.5837 
 -0.5005 
 -0.0275 
 -0.4145 
 0.4330 
 0.1484 
 0.4221 
 -0.7984 
 -0.3722 
 0.8566 
 0.7859 
 0.1974 
 -0.0067 
 0.6514 
 0.6316 
 -0.7176 
 0.2093 
 0.5811 
 0.4972 
 -0.9804 
 -0.6132 
 -0.2304 
 -0.1225 
 0.7846 
 0.8606 
 0.2047 
 0.4580 
 0.7887 
 -0.2763 
 -0.5926 
 0.0606 
 0.8544 
 -0.5801 
 0.9640 
 -0.1673 
 -0.4627 
 0.4615 
 0.0682 
 -0.2498 
 -0.2352 
 -0.5657 
 0.6903 
 -0.8565 
 -0.2750 
 -0.7808 
 0.8272 
 -0.9190 
 -0.5441 
 -0.2975 
 0.7820 
 -0.0321 
 -0.5812 
 -0.3637 
 0.7986 
 -0.9860 
 -0.6522 
 0.5355 
 -0.6489 
 0.0147 
 -0.4124 
 0.7465 
 0.6470 
 0.9976 
 -0.2509 
 0.0162 
 0.4970 
 -0.2002 
 0.8633 
 -0.1446 
 -0.9156 
 -0.6849 
 -0.2773 
 -0.8823 
 0.6867 
 0.7800 
 -0.8822 
 -0.5950 
 -0.8253 
 0.1461 
 -0.1260 
 -0.8224 
 0.5514 
 0.4679 
 -0.7095 
 0.2317 
 0.5964 
 0.6405 
 -0.2627 
 0.6199 
 -0.8786 
 -0.8185 
 0.6112 
 0.0940 
 0.7902 
 -0.6263 
 0.6649 
 -0.8747 
 0.2001 
 -0.8799 
 -0.5329 
 -0.5606 
 -0.4815 
 0.1986 
 0.3898 
 0.8443 
 0.3112 
 0.2673 
 -0.1964 
 -0.2843 
 -0.0920 
 0.6779 
 -0.2200 
 0.7794 
 0.6229 
 0.6445 
 0.7298 
 -0.3225 
 -0.8735 
 -0.4663 
 -0.8149 
 0.3426 
 0.8898 
 0.3126 
 -0.1673 
 -0.5168 
 -0.2980 
 0.3995 
 -0.0226 
 0.6407 
 -0.3401 
 -0.8119 
 0.6635 
 -0.1466 
 -0.4861 
 0.2118 
 0.1543 
 0.9229 
 -0.8732 
 0.4389 
 0.8040 
 -0.6096 
 0.7953 
 0.6432 
 0.3319 
 0.3134 
 0.0711 
 -0.7039 
 0.2307 
 -0.2522 
 -0.1225 
 0.1983 
 0.7559 
 -0.7682 
 0.9715 
 0.7145 
 -0.1168 
 0.6632 
 -0.4147 
 0.0219 
 0.5025 
 -0.2393 
 -0.4675 
 -0.4748 
 0.1652 
 -0.1138 
 -0.1070 
 0.9574 
 0.5827 
 -0.5771 
 0.8971 
 -0.8829 
 -0.9521 
 -0.5830 
 -0.4114 
 -0.2679 
 0.7001 
 0.8835 
 -0.8724 
 -0.1808 
 0.8949 
 -0.5543 
 -0.9049 
 -0.9856 
 -0.5601 
 0.3469 
 -0.7363 
 0.4087 
 -0.2302 
 -0.2757 
 0.9252 
 -0.8249 
 -0.4887 
 -0.1748 
 0.4079 
 0.4960 
 -0.9251 
 0.5627 
 -0.3661 
 -0.1712 
 -0.8242 
 -0.3012 
 -0.7412 
 -0.3913 
 0.8924 
 0.5403 
 0.6426 
 -0.7704 
 -0.5934 
 0.1852 
 -0.9786 
 -0.4564 
 0.3218 
 -0.5985 
 0.3714 
 -0.7854 
 -0.1060 
 -0.7459 
 0.0395 
 -0.4865 
 -0.6801 
 -0.1566 
 0.1174 
 -0.3987 
 0.4712 
 -0.3197 
 -0.9106 
 -0.1836 
 -0.3556 
 -0.2834 
 -0.8916 
 0.4970 
 -0.8405 
 -0.4149 
 -0.1669 
 0.3996 
 -0.5418 
 0.5980 
 0.5216 
 -0.3185 
 -0.5379 
 0.4176 
 -0.1871 
 0.8900 
 0.3074 
 -0.7932 
 0.5616 
 0.3949 
 -0.7844 
 -0.5873 
 0.8670 
 -0.5906 
 -0.9189 
 0.0848 
 -0.9912 
 0.1518 
 -0.1077 
 0.6930 
 0.1868 
 -0.8934 
 0.3752 
 -0.7427 
 0.8830 
 -0.9220 
 0.4109 
 0.5317 
 0.4023 
 -0.2105 
 0.7871 
 -0.0605 
 0.2312 
 -0.7385 
 0.6705 
 -0.1065 
 0.8433 
 0.5408 
 -0.5698 
 -0.7174 
 -0.7740 
 -0.5506 
 -0.5562 
 -0.5561 
 -0.1059 
 -0.3806 
 0.6364 
 0.1746 
 0.7424 
 0.4709 
 0.4042 
 0.7087 
 -0.7322 
 -0.7430 
 -0.0851 
 -0.4210 
 0.3417 
 -0.5367 
 -0.5820 
 0.2197 
 0.2246 
 0.9900 
 0.9795 
 0.4457 
 0.6568 
 -0.2689 
 -0.7079 
 0.5650 
 0.2929 
 0.9830 
 0.5501 
 0.9409 
 -0.7083 
 0.4361 
 -0.4250 
 0.2061 
 -0.0637 
 0.1373 
 0.8307 
 -0.1668 
 -0.8224 
 0.5349 
 -0.2558 
 -0.0230 
 -0.4143 
 0.2244 
 0.6983 
 0.2772 
 -0.0043 
 0.8433 
 -0.3056 
 -0.9558 
 -0.9034 
 0.5923 
 0.9418 
 0.4833 
 -0.4424 
 0.4282 
 -0.8038 
 0.8280 
 0.5693 
 -0.6964 
 -0.1578 
 0.9097 
 -0.6210 
 -0.4532 
 -0.8925 
 -0.7031 
 -0.8389 
 0.4230 
 -0.8600 
 0.0483 
 0.5563 
 -0.8570 
 0.3227 
 -0.1303 
 -0.2116 
 0.2088 
