2.118715
1.361011
3.470465
1.921918
0.772940
1.352352
1.803971
1.715382
2.159115
1.114287
1.813241
2.212621
2.769062
2.703351
0.877671
1.961053
0.629111
1.045939
1.011161
0.461244
0.746987
1.663828
1.641921
2.239522
5.489573
4.957923
-0.694862
1.392764
1.484074
5.542325
1.150991
0.900842
1.631713
1.133852
7.060944
2.359643
2.018903
3.481271
1.912866
5.561224
3.454495
0.210256
0.088790
1.509428
5.182511
2.565605
1.830741
2.277456
2.613729
0.045161
0.227730
3.724889
3.053847
1.540309
1.254419
2.196068
2.286468
2.782322
2.119797
1.322284
1.558154
0.259799
0.464893
1.942767
0.288735
0.552270
1.216586
3.264751
0.858010
5.137291
5.039324
-0.339331
0.667330
0.544006
5.754249
1.200935
1.706721
1.601382
0.434991
6.208793
1.803030
1.690464
2.223566
1.089522
5.245435
4.120325
0.080719
-0.451696
0.177148
6.035657
2.000562
1.175628
1.737751
2.467247
-0.371835
1.313641
2.338512
1.777092
2.555002
1.611175
2.175569
1.990713
3.075877
3.651739
1.040393
2.920047
0.383834
-0.079312
1.779589
1.608471
0.499032
0.414973
2.582366
1.372250
5.402036
4.553932
-1.241727
1.255842
0.723631
5.463743
1.129849
0.579119
1.758665
0.848095
6.484457
2.375637
1.560231
2.380977
1.731149
5.684771
3.819098
0.450089
-0.280565
0.619541
6.926780
2.460052
1.534722
2.923525
3.068800
0.537753
0.425706
3.094733
1.598440
1.723117
1.435047
2.005544
0.917228
3.539115
2.711532
1.880532
2.651597
0.814925
1.598165
1.671650
-0.348419
0.252999
1.018009
1.808597
2.336916
5.872966
5.603101
-1.091276
0.087759
0.430228
5.236031
1.338421
2.399482
1.817562
1.006583
6.445252
1.780270
1.745007
1.610154
1.139636
5.824351
3.672815
0.780801
0.677726
1.220669
6.277706
1.988240
1.154229
3.122011
1.965953
-0.314815
0.923069
3.167226
2.985633
0.881178
1.258713
2.155701
2.216487
3.917926
2.983569
0.953149
2.969051
0.451504
0.094808
1.897322
0.215282
-0.107417
1.128023
2.494241
1.402878
6.085959
4.589304
-1.018334
0.473910
1.021621
5.974530
1.396756
2.020429
1.491027
0.857547
5.705005
0.932194
1.718378
1.721290
1.515306
5.673134
4.482145
0.623871
-0.774415
0.345046
5.206275
2.410181
1.487567
2.152052
2.247197
0.797885
1.171397
2.562576
2.544424
1.380233
1.508241
2.424690
2.167763
2.337405
2.717314
0.307684
1.928771
0.615264
0.413888
2.415411
0.389048
0.982972
1.071190
2.107060
1.504851
6.353369
4.742678
-1.110019
1.060157
2.068668
5.138921
1.012173
1.352471
2.635424
0.889415
6.419048
1.714421
2.844632
1.368441
0.870350
5.975932
4.484926
-0.087748
-1.196670
-0.317814
6.367229
2.281439
1.895492
2.798462
2.758209
-0.015262
-0.070226
2.080949
2.026494
2.059469
0.823347
0.275781
2.713088
3.143061
2.882396
0.458477
3.271418
0.867469
-0.032147
1.460193
0.813351
-0.401408
0.747123
2.793143
1.197381
5.031570
5.151581
-0.417108
0.732089
0.473413
5.665294
1.512867
2.369889
1.018156
1.786203
5.823702
1.066969
1.416195
1.602482
2.238048
6.585931
3.811713
0.363773
0.135977
0.686031
5.636305
1.361601
1.790218
3.380104
2.503930
0.317165
0.491168
1.481877
2.015497
2.077444
0.485533
2.170597
2.036378
1.536420
2.543785
0.256561
2.094999
0.156274
-0.253260
1.147864
0.323837
0.643208
1.245965
1.461847
1.090423
5.492451
5.537240
-1.358477
1.159864
1.390870
6.098869
1.138153
1.234714
1.258816
1.433584
5.687947
2.047254
2.157781
1.938473
1.812781
5.483046
4.375874
0.386497
-0.456243
0.403274
5.571601
1.953567
1.600903
2.344650
2.439608
-0.002071
0.179015
1.637568
1.953367
1.319633
1.610730
1.435028
2.157027
3.264476
1.966119
1.405402
3.605914
-0.125545
-0.003800
2.730678
0.867573
0.781059
1.875251
2.375698
1.362904
5.358252
5.351465
-0.810199
0.553964
0.683010
6.095933
2.411962
0.256514
2.549051
0.362727
5.875385
2.563308
2.385708
1.685954
1.180524
5.699487
4.130431
-0.275944
-0.154330
-0.441914
6.524145
1.839374
1.848119
2.397107
2.809359
0.308219
1.472251
2.521665
1.725740
1.911465
2.213902
1.318497
2.787740
3.314972
2.598835
0.528109
2.364902
0.681760
0.292532
1.587888
0.818913
-0.595129
1.201740
1.931416
1.029478
5.254062
5.515676
-1.327160
1.137645
0.995489
5.071869
1.330467
1.348755
1.292371
1.483336
5.912216
2.196181
1.740181
3.169772
1.162608
5.607903
4.179933
0.664007
-0.234518
0.639134
5.528638
2.051522
1.904512
2.873239
2.591688
0.623903
1.847322
2.269284
3.064273
1.102821
1.850140
2.442989
2.883223
3.337080
2.496201
1.657094
3.257077
-0.005133
0.396975
1.687107
1.023917
-0.076083
0.880081
3.185161
1.340725
6.201604
5.264444
-0.689572
0.516508
2.422131
5.185723
1.762653
1.168322
0.969735
0.983901
5.515791
1.988453
1.069854
2.353144
1.520792
6.428174
4.154950
-0.130464
-0.173028
0.166541
5.551407
3.256912
1.254096
3.337536
2.544831
0.241634
0.294628
2.453148
1.966177
1.631336
1.544593
1.366492
2.823720
2.773159
2.462154
0.636038
2.409167
0.952085
0.997214
1.679430
-0.784003
0.609972
0.866996
2.308166
2.464493
6.339624
4.232208
-1.896587
1.336350
1.495874
5.161072
1.431316
1.133885
2.345706
1.410448
5.527370
2.324344
2.051476
1.664815
1.085969
6.297122
4.019597
0.049529
-0.743242
0.072871
5.474189
2.165582
1.039297
2.858986
2.409415
1.276984
0.875818
2.898736
2.250628
1.860200
0.673648
1.633280
2.277379
2.470446
3.016250
1.087332
2.433363
0.131187
1.094307
1.267669
0.082955
0.454466
0.614145
2.122734
1.739942
4.874001
5.017449
-0.716178
0.940622
2.128982
4.553927
2.371743
1.314050
2.279397
1.042397
6.035917
1.274592
1.628895
2.551688
1.929134
5.566450
4.585070
0.342039
-0.434561
0.467980
5.254477
2.830566
2.047443
2.606496
1.980816
0.602890
1.288589
2.098756
2.084975
1.177666
1.284614
1.942693
2.381487
2.730477
1.747961
1.281292
2.678444
0.791733
0.306654
2.445363
1.216009
-0.188487
1.916972
2.660964
1.839419
6.833853
5.699027
-0.839511
0.171567
1.859058
4.479188
0.978987
0.645552
1.106470
1.136652
6.761667
1.865680
1.642139
3.118671
0.991612
6.136961
3.453993
-0.511619
0.034384
1.075502
6.424114
2.330576
2.393296
2.333808
2.118621
0.213340
1.293359
1.678414
2.764095
2.533305
1.442420
1.866148
2.717536
3.352772
3.391866
0.337439
2.520580
-0.453983
0.516100
1.524587
0.529607
0.298869
1.493482
1.945127
2.161772
6.252186
5.145478
-1.136003
1.131354
0.694434
5.801558
0.808835
0.383942
1.827403
1.531995
5.726180
1.189672
2.076225
1.614152
1.536385
6.101607
3.975445
1.367524
0.678022
0.577556
5.193738
2.064265
2.097408
3.316632
2.235290
-0.293646
1.674639
2.359826
2.361062
1.332732
2.034883
1.476582
2.205228
2.993755
2.429485
0.937127
1.624568
-0.172754
1.259122
1.851219
0.088400
-0.422201
0.608675
1.998133
1.220142
4.865243
3.983392
-0.743922
0.469296
0.675526
5.794195
0.602561
1.371259
1.651836
-0.172476
5.167624
1.953990
0.534411
1.902986
1.813422
5.448548
3.286253
-0.544511
-0.666379
0.631828
6.509391
1.647039
0.919420
2.222364
2.947245
0.415594
1.179584
2.511854
3.041683
1.573940
1.136312
2.309877
2.248179
2.606906
1.491990
1.426385
3.088657
0.266627
-0.396368
2.660279
1.284425
0.072345
0.919067
1.385749
0.754547
4.936152
4.662460
-1.756050
0.395643
0.825114
5.506267
0.641218
2.141501
1.186264
0.593020
5.223718
1.169396
0.682542
2.535642
2.003161
6.351710
4.633098
-0.148722
-0.553142
1.167946
6.951334
1.935095
2.293447
3.231742
2.485431
0.366836
0.577929
2.552388
2.117275
2.287924
1.864887
1.373326
2.851485
2.184065
3.179873
2.249618
2.734022
-0.225116
0.925597
1.429620
0.104689
-0.191665
0.656425
1.435294
1.425545
6.243036
4.914437
-0.363085
1.160312
1.473025
4.400659
0.573845
1.305636
1.623543
1.786375
6.985200
1.314168
2.515669
3.080062
1.248264
5.759036
4.324752
0.213265
-0.412064
1.386471
5.434800
2.150545
1.686203
1.806591
2.556045
-0.578696
0.236549
2.149385
2.238896
2.087094
0.777898
1.804944
2.893264
1.810383
2.828434
0.684505
2.520386
-0.471792
0.524714
1.890955
0.576579
0.834092
0.711767
1.802326
1.298980
5.796201
4.992122
-1.157045
0.532892
1.009275
5.927977
1.216614
0.277067
1.414499
0.215490
6.805527
2.377115
1.677667
1.602948
1.498621
6.654467
4.568548
-0.193871
-0.375982
1.145528
6.245479
1.391731
2.079019
2.617782
2.165647
-0.530161
1.305866
2.778159
3.190029
2.174453
2.142449
1.925469
1.592124
2.507670
3.055110
0.723728
2.551704
0.048896
-0.201110
1.034355
0.603359
0.038318
0.352602
1.141056
1.275188
5.994052
4.212298
-0.742628
1.264604
0.636068
5.047070
1.338798
1.168405
2.156075
0.893584
6.863960
2.264676
2.062512
2.825206
1.336248
6.186257
4.339608
-1.436651
0.025074
0.099507
6.238001
1.877192
1.739539
2.914958
2.657934
0.614767
1.475109
1.918346
2.532088
1.223323
1.088178
1.716190
1.895518
2.344014
2.684245
1.382280
2.576659
0.227968
-0.295132
1.798872
0.315268
0.726321
1.173637
1.584570
0.666271
6.007657
5.609357
-1.728625
0.672633
1.171816
4.742829
1.426892
0.517150
2.394489
0.948468
5.440728
1.879980
2.035132
2.578975
2.089942
5.185800
3.727203
-0.832144
-0.389683
0.608419
5.847500
1.664642
1.268709
3.116922
3.755435
0.082947
1.583269
2.562892
2.064807
1.366892
1.247333
2.042291
2.833539
3.266443
3.291446
0.450486
2.038267
1.141719
0.722419
1.526079
0.673315
0.778167
1.703819
2.225732
0.810581
4.811755
4.764913
-1.202130
0.192525
1.096557
4.810210
0.412933
1.368498
1.880321
1.132798
5.656034
1.887230
2.054609
1.598452
0.145464
5.758782
4.238580
1.012590
-0.233552
0.347676
5.196021
1.939393
1.900043
2.302552
2.855080
0.492854
0.306273
2.542607
1.328564
2.607345
2.168806
0.649646
0.901619
2.004490
2.838658
0.949663
1.781066
-0.150218
0.369268
2.235436
1.001286
1.056927
0.923606
1.921292
2.295232
5.122147
4.926124
-0.738075
0.246531
1.364205
6.006982
0.413409
2.305862
2.584040
1.288841
5.498403
1.844292
2.041704
2.530503
1.519133
7.492947
4.442316
-0.420802
0.382828
0.523284
4.849550
3.022648
1.315002
3.453287
2.363817
-0.331006
0.977721
1.951195
2.382928
1.833303
1.323568
1.587047
2.065265
2.581870
3.266873
0.763864
2.752095
0.577008
-0.801770
2.638102
0.172736
-0.334414
0.875786
1.902086
1.112406
5.938267
4.746377
-0.860562
1.337445
1.445670
5.371179
0.893814
1.435638
2.422099
-0.571138
5.907803
1.787635
2.632897
2.162353
0.814851
5.660120
2.980864
0.147898
-0.538655
-0.483698
6.215663
2.640298
2.240869
2.394722
2.684652
0.082468
1.028592
1.269193
1.376388
1.100945
2.015901
2.339529
1.931179
3.051358
2.270817
-0.071925
1.637230
0.650129
-0.052551
2.350906
0.623823
0.116398
1.329532
2.129409
1.583681
5.834955
4.443411
-1.126392
1.121815
1.582471
4.941543
0.859761
1.497922
1.844587
0.547740
5.366356
2.021515
2.807129
1.747712
2.214544
5.887319
3.743044
-0.612971
-1.319456
-0.158094
5.805618
2.208761
2.067059
2.305158
2.889133
-0.079810
0.695839
2.245594
1.593805
1.535251
1.491861
1.201268
2.454127
3.046401
2.414495
0.540810
1.825721
-0.509326
-0.110231
2.636627
-0.174047
0.270069
0.798421
2.504582
0.918821
4.850269
4.737980
-0.554067
0.362810
2.203051
5.604672
1.419108
1.701140
2.078070
0.024920
6.909624
1.790878
0.803210
2.434793
1.036884
6.544140
2.895203
0.467782
0.204532
1.868290
5.705616
2.157126
2.262452
1.982231
2.752885
-0.204982
1.190174
2.217897
3.291226
2.204353
1.955431
2.212420
1.957768
2.202072
2.380018
1.703637
2.115734
0.391411
0.055803
2.054460
0.665068
0.575838
1.740780
2.716150
1.546361
5.963641
4.877910
-1.418884
0.512180
1.676031
5.548112
0.247380
1.782783
2.129974
0.776897
6.261815
1.702584
2.092847
1.347435
1.245791
6.287700
4.617610
0.241916
0.719222
0.884241
6.084725
2.323143
1.587144
3.427159
2.275770
0.200714
1.411721
1.879725
2.363700
2.080199
1.929546
1.418453
2.558503
2.177332
3.258752
1.220681
1.951445
0.899611
0.716965
1.634111
0.686784
-0.419974
1.231862
2.045236
1.956375
5.328781
4.913998
-0.632646
0.477072
2.111629
5.222435
1.316397
1.302146
1.218265
0.195710
5.471003
1.427392
1.194949
2.762898
1.518160
5.548838
3.750517
1.097393
-0.356406
1.018722
5.232459
2.820286
2.390966
2.255591
2.586225
0.177359
0.986124
1.368898
1.863775
1.417562
1.197503
1.870993
2.371783
3.072667
2.450203
-0.037548
2.538671
0.136373
0.686199
2.460740
0.418448
1.404053
0.525788
2.952014
0.512075
5.650413
4.866805
-0.491164
0.473226
1.326012
5.747512
0.706045
0.874747
1.834056
0.194805
4.920823
2.267649
1.680211
3.018888
0.997667
6.552735
3.761058
0.589104
0.215805
0.253276
5.175609
2.611919
1.681460
2.530511
2.455620
-0.410729
0.271536
1.515137
2.478254
1.763273
1.895333
1.888356
1.831614
2.625504
2.482242
1.040529
1.957790
0.110198
0.510942
1.806593
-0.004228
-0.168210
1.506649
2.921014
1.195550
6.040407
4.945084
-0.134459
0.177723
1.288915
5.927262
2.143257
0.893839
1.709158
1.088957
5.676784
2.246052
1.279888
1.744258
2.087516
6.657543
3.440173
-0.089938
-0.323438
-0.004565
5.999661
3.269157
1.937421
3.564990
2.890505
0.729587
0.234332
1.141348
2.987335
1.743904
1.860125
2.443678
2.216727
2.578760
1.911354
0.809690
2.706765
-0.206626
0.801952
2.169179
0.323708
0.439279
0.801737
1.910652
1.262630
5.613945
4.307047
0.630205
-0.087893
0.819662
6.077923
0.616838
1.508125
1.274288
-0.234249
6.667929
1.186184
2.398167
1.955282
1.815618
5.788548
4.377229
-0.392156
0.028984
0.196338
6.301176
1.828713
1.611291
2.691981
2.144601
-0.015007
0.617403
2.795634
2.041898
1.845439
1.348372
1.846556
1.884628
3.309569
1.484731
0.846367
2.214764
0.887989
-0.221631
2.067827
0.147197
0.754780
0.840694
2.854578
1.290174
5.013673
4.832991
-0.451143
0.984836
1.792053
5.604402
1.016318
1.617412
2.633450
0.354730
5.710448
1.844917
1.359687
3.248340
2.403306
6.294326
3.956410
-0.307402
-0.691801
0.295116
5.984121
1.626985
2.176387
3.597910
2.517141
-0.423605
0.572674
1.145915
1.932213
2.405395
1.446145
0.572396
2.283310
2.255881
2.452874
0.075273
1.295000
-0.195630
0.253856
2.329344
0.092764
0.718766
1.158777
2.135766
1.770390
5.491848
4.905536
-0.915516
0.487041
1.679527
4.860478
1.661292
0.569404
1.961979
0.045499
6.473719
1.261806
1.471138
2.561166
1.632725
6.139871
3.158530
-0.382808
0.305478
0.386318
6.416548
2.274611
2.155192
2.077868
3.435221
0.259353
1.253126
2.092020
2.257079
1.323118
1.486996
2.109062
2.695671
3.045740
3.134322
1.742483
3.084308
-0.174691
0.989815
1.861747
-0.415275
0.310679
0.852552
2.701234
0.880482
5.288396
4.759284
-0.687464
1.118310
1.495630
5.440304
0.724482
1.398735
2.684568
0.894413
6.160677
1.299553
1.927040
2.319626
1.563288
6.025730
3.620797
0.791243
0.770583
0.246428
5.732566
3.008842
2.324414
2.386559
1.934913
0.666466
0.016909
2.567829
1.769277
1.706707
1.395057
1.567209
2.679383
2.651190
1.909773
0.806105
1.876630
0.523138
0.160789
1.744779
0.798074
-0.085905
0.229868
1.892718
1.944734
4.905466
5.787507
-1.573936
0.867004
1.488241
5.653473
1.122117
1.444635
1.490253
2.039157
7.335695
1.504675
1.390531
2.543536
1.698385
5.565254
4.063626
-0.084661
0.380392
0.561265
5.830982
2.323168
1.851444
2.766286
2.484986
-0.060341
1.634938
1.507756
1.752624
1.987983
0.655754
1.356516
2.277065
3.509727
2.609063
1.541188
2.519880
-0.091881
-0.244990
1.343701
0.892054
-0.855690
1.594477
1.786641
1.331176
5.064406
4.383243
-1.487503
-0.163692
1.472979
5.305166
1.797309
1.506690
2.490777
0.960142
5.811261
0.728379
2.172074
2.724734
1.313071
6.000859
3.474710
-0.022334
0.641307
0.155161
6.089914
2.394155
1.383025
2.915127
2.528547
0.096962
0.509433
1.892794
1.894055
2.911489
1.418597
1.919011
1.709087
2.247645
3.139530
1.057455
2.129060
-0.702600
0.797700
2.003374
0.826069
0.880098
1.069034
1.958951
1.563606
5.675904
4.717444
-1.052630
0.611431
1.215234
4.922195
1.382328
1.155452
2.808246
0.113071
6.827737
0.974989
0.901957
2.763101
1.615719
5.053885
3.591820
-0.235508
0.333113
0.850101
5.533359
2.905007
2.040366
1.929761
2.373271
0.034217
0.111597
2.466718
2.474751
1.974728
0.713868
0.992224
2.285606
2.934815
2.088207
0.847741
2.583663
-0.338349
0.168666
1.887366
0.141056
-0.018465
1.840559
2.328377
2.521989
5.030649
5.157391
-0.628547
0.682452
1.670742
5.476066
0.609223
1.166182
1.588058
1.618401
6.184223
1.086792
1.073482
2.775837
1.302132
5.823736
3.321783
0.551348
-0.603447
-0.742326
5.874000
1.747314
1.313363
2.300494
2.623749
0.274884
2.032738
2.978405
1.762854
1.612085
1.044612
0.514359
3.225749
2.059111
2.727843
1.031490
3.372928
0.877023
0.786129
1.810453
1.071578
0.773652
1.379450
1.255261
2.446649
5.364306
4.685956
-0.819587
0.784154
1.301655
5.760697
1.175906
0.522700
1.647841
1.033520
5.795147
1.389605
1.997998
1.613263
3.026835
6.122716
4.076878
0.687139
0.174012
0.182723
5.969820
2.176741
1.155621
2.819947
2.629909
-0.158263
0.007122
2.533174
1.656749
1.508525
1.473925
1.822342
1.969145
3.139766
2.023840
1.396443
2.359498
0.719501
1.152581
2.413648
0.259593
1.470514
1.279642
1.643558
2.088139
6.313485
4.839646
0.113681
-0.061653
0.756976
6.549870
1.190621
1.703537
1.884486
0.100160
5.235576
0.687508
1.373182
2.594819
1.606203
5.495622
3.428037
0.127641
0.583905
0.579100
6.128765
2.835991
1.197030
3.450014
2.820244
-0.761715
1.123549
2.501072
2.053545
2.086633
1.245562
2.582710
1.592250
2.835370
2.455442
1.672724
2.196884
-0.071541
0.289789
1.295922
0.607995
0.286681
0.711074
3.611286
1.270786
5.596850
4.419498
-0.293493
-0.460995
1.185059
6.046854
0.903461
1.181676
1.305970
0.858178
6.321713
2.042499
1.835218
2.338167
1.485652
5.292477
3.836546
0.176735
-0.472877
1.488671
6.855799
2.206610
1.696796
1.819525
2.274034
-0.664284
1.422593
2.841247
2.830978
1.278958
1.618457
2.616934
1.343533
3.126382
2.219748
1.154714
2.509272
-0.273449
0.983349
1.139203
0.134222
0.533614
1.543144
1.758275
0.820103
5.260494
4.869070
-1.251049
0.766289
1.217436
4.584786
1.868748
0.627199
1.895088
1.387742
6.803866
2.177926
0.646147
2.453613
1.421383
5.982446
4.103109
0.442184
0.433030
-0.290035
5.632708
2.505397
1.094259
2.425570
3.043600
-0.217727
1.703077
1.735337
1.669474
2.956191
2.011776
1.928913
2.935793
2.853428
2.844389
0.389652
2.545863
0.615070
-0.299929
2.407392
1.243472
-0.580039
1.558101
1.203267
1.468469
5.487871
5.299280
-1.023166
1.487589
1.726030
6.097460
1.594579
1.370671
2.433884
0.587787
6.849409
1.336869
1.587780
1.621544
1.089321
5.831557
3.991606
-0.476023
-0.117199
0.121056
6.405209
2.600287
0.914505
3.085042
1.824252
0.521196
1.216270
2.267379
1.357909
1.846881
1.259739
0.797755
2.024730
2.328437
3.152662
1.151848
2.789101
0.861205
0.228351
0.388938
-0.301114
-0.186767
1.465240
1.974923
1.193821
5.046249
5.754084
-1.083380
0.798998
1.354804
5.589032
1.261275
0.660316
1.692760
1.062973
6.430524
1.788799
1.929013
1.713800
1.382441
6.761371
4.044925
0.338711
0.161513
-0.648599
5.058386
2.149265
2.282789
3.638555
2.886949
0.334666
0.437913
1.952810
2.308494
2.117495
1.700196
2.490163
1.765545
3.642253
2.125745
2.022735
3.156150
0.004801
-0.052797
2.247632
0.029699
-0.188733
0.203067
2.192346
2.030065
6.275547
5.199190
-1.461377
0.716147
1.569231
5.871332
1.952607
1.115257
2.378564
0.240935
6.428418
2.504575
1.700722
2.451010
0.619664
5.126427
5.335538
0.163933
-0.272352
0.635708
5.933583
2.148139
2.463685
3.179642
2.922436
0.044955
0.992532
1.490083
2.927674
1.264951
1.567872
1.028375
2.265610
2.229608
2.436450
0.264653
2.334320
0.944914
1.424900
1.233767
-0.187331
0.524374
1.009706
1.533378
1.905109
5.682530
4.786982
-0.507264
0.242251
1.047417
5.830620
1.694005
1.269444
1.243911
0.989625
5.997204
2.573484
1.185076
1.894370
0.725396
5.686023
4.273214
0.496123
-0.183263
0.005620
5.829858
2.235561
2.574911
1.208157
2.850174
0.651721
0.631068
3.214784
1.859365
1.037094
1.351124
1.128840
2.051807
3.012387
2.799410
1.332361
2.137638
0.569216
0.764134
2.110946
0.794632
-0.111746
1.331598
1.684269
1.408147
5.026996
4.471416
-1.447001
0.044702
1.087543
5.569410
1.178029
1.156118
1.778556
1.310061
5.658072
1.979009
1.459595
2.631533
1.259247
6.237260
4.211579
-0.266027
0.197738
0.771695
5.723279
2.274300
2.664088
2.692554
1.918685
-0.319907
1.070259
2.636692
1.671993
2.344734
1.012373
1.522759
2.292935
1.942759
2.379160
1.254015
3.176101
0.764811
-0.339699
1.646672
-0.116019
-0.727888
0.271661
2.333996
1.531929
5.595850
5.656555
-0.657543
0.738961
0.839717
4.852862
2.193692
1.052050
2.709513
0.596545
6.998955
1.383266
1.383893
2.122278
1.747121
7.039013
4.239793
-0.202015
-0.365667
0.572363
6.241871
2.900059
1.839248
2.255301
2.243852
1.237571
1.404213
2.133458
2.643093
1.597387
1.340601
2.045735
1.684093
3.032950
1.909269
0.451557
2.560636
-0.020363
0.583440
2.363751
0.075824
0.447498
1.171334
0.827040
1.705710
5.555580
5.278703
-1.312499
0.519524
1.955600
5.379551
1.698440
0.980682
2.373194
0.757935
6.395466
1.498432
1.718812
1.808293
1.602426
5.858445
4.926863
-0.329874
-0.394547
0.490949
5.928038
2.637320
2.582433
2.848773
3.334528
-0.574725
-0.509147
3.239324
0.909077
1.714478
1.747813
1.586821
2.650086
3.270945
2.735249
1.007938
3.221410
0.975920
-0.441476
2.600730
0.040238
0.951495
0.745216
3.272087
1.992373
5.480401
3.817236
-1.069907
-0.084012
1.214151
5.410086
1.501958
1.351762
2.221179
0.627264
6.323432
2.260218
1.302549
2.708359
1.909612
5.567045
4.776933
0.715850
-0.609006
0.326462
5.677932
2.618723
1.792199
2.339223
2.161723
-0.277922
1.026066
1.287134
2.662620
1.965183
0.589208
1.535260
2.871852
2.165148
3.583227
1.681145
2.032855
0.431725
0.328223
1.905260
0.945778
-0.031666
0.077144
2.179327
1.303995
5.066842
5.890600
-0.606042
0.426015
0.842828
5.126293
0.851083
1.254258
2.023845
0.681926
5.686970
1.088267
1.232325
1.939416
2.196337
6.905320
4.401100
0.202918
-1.062570
0.159286
5.963468
2.238331
1.614886
2.872991
2.200692
-0.162800
1.500871
2.309690
1.934171
2.343116
1.282378
2.805000
2.046025
2.827263
3.093566
0.633214
3.250688
0.388133
0.611504
1.321288
0.002253
0.689112
0.610749
1.909826
1.244598
5.616903
4.884114
-0.861968
0.554540
1.487746
5.925662
1.375962
2.089235
1.414623
0.972885
6.118486
2.739407
1.236425
1.952746
0.894814
6.033826
4.150548
1.090974
0.359247
-0.850023
6.201177
1.999962
1.403238
2.731827
2.241213
-0.476381
0.674461
2.760687
2.256163
1.453066
1.473243
2.572395
2.168706
3.396039
2.882906
0.866050
2.087940
0.538059
0.206843
2.337083
-0.664423
0.426944
0.543117
2.675267
0.658014
5.840025
3.781290
-1.198096
0.711191
1.834853
5.846171
1.367876
0.499859
0.836973
1.009156
6.543489
1.608430
2.567265
1.903613
1.808744
5.928006
3.262074
-0.318836
-0.821615
-0.902131
6.422808
2.337209
1.262180
2.941493
2.359869
-0.896973
0.894964
1.881707
2.998311
1.442417
0.386510
1.867498
1.787899
2.693429
2.742882
1.792887
2.930815
0.561982
0.241193
2.017658
1.080687
-0.236377
0.490555
2.695329
0.383375
5.208988
4.431370
-1.131080
0.437856
1.499892
5.528229
0.311512
1.121771
2.145526
0.582072
6.748344
1.937211
0.782775
2.371398
0.239971
5.714309
3.938528
0.259396
0.262965
-0.169393
5.292444
2.163651
1.752088
2.625973
2.923607
-0.399627
0.475949
2.258020
2.372523
2.268008
1.568341
2.165468
2.428452
2.166854
2.760529
0.161788
3.277176
0.704012
0.638053
2.005558
0.067545
0.340497
0.638639
2.338089
0.982715
6.182270
4.609985
-1.940371
0.949700
0.864084
6.448022
1.178071
1.350324
1.907640
0.638855
7.069309
1.554040
1.029252
2.381862
1.027056
5.676106
4.129502
-0.012269
-0.001956
-0.371262
6.564211
2.331002
1.856453
2.859512
2.827170
0.029543
1.382600
2.512096
1.872608
2.255602
1.857308
1.456561
2.353117
3.650968
2.105354
1.606768
2.672152
-0.429629
0.239126
1.002778
0.086500
-0.718732
1.493592
1.348528
1.640396
5.528663
4.341501
-0.970517
0.478727
0.885718
6.485665
0.385271
1.797103
2.845331
0.992947
6.800101
2.601890
2.231843
2.081443
2.298906
5.691790
4.549316
0.251720
0.011337
0.247579
6.377309
2.498301
1.010311
3.498645
2.249196
0.284761
0.519027
2.335598
3.310576
1.354277
1.522623
1.431910
2.651819
2.081627
2.623541
1.500883
1.681780
0.561473
0.316564
0.790105
0.035826
0.885964
1.484898
1.900470
0.939322
5.666688
4.200557
0.216953
1.013493
1.120825
5.557493
0.682611
1.509380
1.490128
1.798614
5.726044
2.076484
1.213327
2.892211
1.780396
6.194169
4.736062
1.041655
-0.837761
0.791709
6.354546
2.549068
1.554902
3.181119
2.313139
-0.092124
0.840923
3.009450
2.717835
0.978939
1.771284
2.633619
2.815653
2.800413
2.856182
1.369060
2.578280
0.780275
0.692964
1.271549
0.399722
-0.538531
1.164252
2.226262
1.419801
5.585178
5.223004
-1.003196
0.671518
1.072785
5.025670
1.759061
1.259894
1.934595
0.728593
5.635514
1.852022
1.812272
2.704884
1.588866
5.327843
3.892890
0.060396
-1.651809
1.256992
5.081685
2.066562
0.690910
1.794255
2.211449
-0.445993
1.150437
2.419227
1.983377
1.006822
0.785850
0.815471
0.370203
3.632932
3.478291
0.535558
1.664011
0.396401
0.901267
0.812333
0.057097
1.304075
0.619592
2.124558
1.419062
6.024740
4.691128
-1.721422
0.621229
1.683598
5.850275
0.842343
1.622079
1.248966
1.136758
5.352720
2.943409
2.331255
1.648372
1.707975
6.892486
5.121391
0.829775
-0.209151
0.686178
6.032127
1.656394
1.321605
2.138737
1.916329
0.240493
0.609736
2.461844
3.347436
1.029055
1.984189
1.392308
1.623190
2.602669
2.611455
1.390262
2.281165
-0.135692
0.087160
1.256725
0.407144
0.437439
0.910142
0.885234
1.293870
5.711233
5.050766
-0.755623
0.462950
1.183649
5.267120
1.075419
1.734598
2.288248
0.667810
6.198334
2.323418
1.041062
2.019426
1.730502
6.080586
4.291129
0.174427
-0.198685
1.051770
6.373165
2.814081
1.931026
2.306762
2.440968
-0.536274
0.884631
1.713662
1.746145
1.713105
1.677404
1.522520
1.020056
3.109123
1.970665
1.563418
2.242161
1.085858
0.722682
1.357653
0.046513
0.069934
0.540301
1.563834
0.937159
6.394017
5.321849
-1.334605
0.564139
0.988096
4.131668
1.858793
1.932074
2.343258
1.228146
5.290406
0.447575
1.412044
1.702862
1.557312
6.411431
3.166845
-0.506827
-0.261878
0.172618
5.507109
1.576443
1.800265
2.619612
2.548820
0.089755
0.091586
2.018173
2.563373
1.145977
0.925424
2.431061
1.236368
3.231109
3.453559
0.749434
1.762729
0.730734
0.365790
1.806496
0.431490
-0.210512
0.171318
1.623886
0.968479
5.399188
5.842306
-1.240644
0.504566
2.051126
4.810450
1.966404
1.433731
1.553121
0.856636
5.980196
2.556134
2.171680
1.866302
2.144762
5.348545
4.554987
-0.157553
-0.076806
1.088892
5.270049
1.580465
0.969379
2.487956
2.720735
0.068702
1.288422
2.560700
2.253170
1.252518
1.334757
2.405061
2.211871
3.417039
2.687062
1.131942
2.050326
0.266575
0.296504
1.622728
-0.004832
0.663250
0.901642
2.889847
0.917968
5.284833
4.776587
-1.044720
0.881225
1.780846
6.166393
1.888246
1.823748
2.052015
1.334587
6.325090
1.498940
1.021676
2.222518
1.811545
5.165796
3.825255
-0.574529
-0.296356
0.368859
5.780343
2.806305
2.085030
2.229028
2.759348
-0.022294
0.701891
3.418459
1.360351
1.377989
1.377680
1.991415
2.800388
2.457967
3.458596
0.212300
2.300138
0.552748
0.647272
1.692005
0.434485
0.906577
0.594821
2.061062
1.618040
4.909345
5.520073
-0.903968
0.832650
1.644527
5.586246
0.961938
0.433976
2.409377
1.389676
5.383227
1.624891
1.780453
2.381502
2.452635
5.904439
3.545449
1.313420
-0.170426
0.276826
5.701367
1.483176
1.793004
2.676448
2.512094
0.179219
1.372811
2.141755
2.258252
1.313294
1.683627
1.593217
2.093411
2.469694
2.285004
1.553547
2.322165
1.116520
0.652948
2.264590
0.131017
-0.063472
1.067124
2.933457
0.322580
5.347420
5.012357
-0.755895
0.428097
1.688644
5.848524
1.514926
1.180761
1.534947
1.082919
5.848340
1.337660
2.240029
2.338977
2.268796
6.500149
4.488922
0.270487
-1.007581
0.022035
7.173693
3.047448
1.054208
3.346111
1.927235
-0.331343
0.872674
2.627153
2.394336
1.619339
1.413277
2.230854
3.244737
2.462406
3.792155
0.232229
1.983604
0.047146
1.405463
2.646530
-0.166981
0.366470
1.700713
2.779207
1.780246
5.077631
4.474917
-1.235511
1.642707
1.220059
5.392124
1.315232
0.723465
1.584094
0.711832
5.595360
1.899447
1.502336
2.635989
1.697162
5.725211
3.979354
1.053832
0.672934
1.364600
6.424886
1.659678
2.276568
2.479373
2.015722
0.532523
1.314273
3.399181
3.311847
1.903833
1.640618
2.173384
2.335399
3.047416
2.750468
0.899790
2.304133
0.536383
-0.617568
1.914693
-0.062403
-0.191459
0.195525
2.103210
1.617008
6.597340
4.402808
-0.896853
1.818539
2.010616
5.371638
0.837609
1.950537
2.038418
1.663855
6.013550
2.139826
1.500165
2.189308
0.999125
6.344467
4.055552
0.417160
-0.520585
-0.033986
5.951960
1.734092
1.322360
3.105571
2.419119
1.235446
0.172607
1.168426
1.735016
1.819604
0.759606
1.768809
2.423456
1.753234
2.017263
1.681060
1.977328
1.086747
-0.163701
2.150049
-0.354418
-0.459776
1.046635
2.010090
1.593627
4.956433
4.130130
-0.500734
0.741231
1.677475
5.365599
0.636212
1.968226
1.782033
1.139398
6.694866
1.916050
1.908534
3.058083
1.320625
7.067976
3.968239
0.716136
0.601950
0.014517
5.519989
2.463393
1.793879
1.927864
2.684340
-0.197736
1.056087
2.439007
2.660297
1.838896
0.878583
1.569439
1.973249
2.245183
1.802138
1.275239
2.442528
-0.088592
0.511707
2.410030
0.688901
0.532420
0.412005
2.994345
2.563971
5.381751
5.598352
-0.379503
-0.135311
2.241308
5.051176
1.549639
1.210643
1.676284
0.482154
5.741430
2.391169
1.175217
2.669033
0.927038
6.917325
5.284112
-0.168319
-0.255965
0.601158
6.068582
1.842015
1.975147
2.368156
2.586961
-0.043706
0.607044
1.375721
2.420635
1.723109
1.012540
1.635113
2.155130
2.098770
3.020933
0.501458
2.466154
0.200797
0.992803
2.081955
0.713477
0.003544
1.542551
1.395905
2.350600
5.574183
4.589315
-1.300625
0.357386
0.745170
5.292468
0.363344
1.400178
2.184604
0.229402
6.375855
2.330752
1.499217
2.771753
2.496154
5.324536
3.745275
-0.434146
-1.082589
-0.232392
6.288687
2.047616
1.131669
3.278579
2.070362
-0.177317
1.115988
1.632946
2.447076
1.394478
1.213197
2.344493
2.716879
2.196823
2.909172
0.604256
2.670664
-0.248650
0.391350
1.913879
0.031134
-0.127612
0.320301
2.188284
0.509841
5.299296
4.264820
-0.317558
0.372630
1.586321
6.167161
1.048777
1.028685
1.873172
0.511167
6.026402
2.356828
1.909192
2.700673
1.228996
5.850673
3.145752
0.527633
-0.642335
0.084363
6.369496
2.618337
1.629594
3.038337
2.723544
0.431097
0.192771
2.262157
2.958375
1.867060
0.445254
1.133625
3.007887
2.181115
2.441807
1.151348
2.852470
0.650624
-0.023627
2.106663
0.305808
-0.380313
0.584505
1.615945
1.280892
5.910887
5.016625
-0.576844
1.287684
1.143957
5.660132
1.834326
1.077467
1.250222
1.578045
6.178168
1.266233
1.868279
2.131793
1.734450
6.082250
3.907584
1.014612
-0.868966
0.419791
5.527340
2.344655
1.901338
2.484228
2.029729
-0.602627
1.439239
1.692699
2.297623
1.571712
1.731298
2.161460
3.300567
2.581917
3.581701
1.834499
2.756600
0.404889
1.002802
2.331680
0.244419
0.221540
0.412013
2.401742
2.005928
4.657759
5.225352
-1.715832
0.474960
1.392466
6.062125
2.514603
0.694157
2.072771
1.521138
5.728250
2.141023
0.535430
2.733254
1.214546
5.479672
3.789495
-0.128756
-0.771587
0.308602
5.689346
2.428353
2.411097
3.181598
2.523444
0.326372
1.074225
2.325015
2.734092
1.801376
1.366244
2.299609
1.407639
3.120810
2.590533
0.531126
2.775904
1.091677
0.085732
1.576899
1.007884
-0.407572
0.879371
2.050317
1.203536
5.282281
4.211130
-1.204639
-0.403142
1.117869
5.561164
1.823605
0.778917
2.079595
0.855852
6.422192
1.942707
1.804969
2.912984
2.233779
5.655804
4.272022
-0.160117
-0.644467
0.286688
6.112121
2.616446
2.320116
3.294232
2.537327
0.513585
0.887309
1.949420
2.747369
1.900564
1.806967
1.697419
2.799298
1.759143
2.832051
0.382473
2.939205
-0.524007
-0.531802
3.297620
0.040610
0.041818
1.766534
2.327552
1.311076
6.064685
4.325919
-0.690134
0.217787
1.338093
5.104211
1.646702
1.744563
2.594384
1.626306
6.741917
1.987911
1.457066
1.899736
1.152884
4.978554
4.526720
-0.475059
0.339633
0.660115
5.896183
1.374890
1.777578
2.664705
2.762277
-0.059957
1.252317
3.083349
2.916636
1.366354
1.780116
1.836191
2.875018
2.655852
2.249825
1.587050
1.828120
0.510742
1.342090
1.709642
0.785092
0.282819
0.573684
2.341103
2.299234
4.636411
4.122188
-0.450345
0.558630
1.897616
6.042215
0.641892
1.941828
0.974250
0.774775
6.727070
1.569530
1.956492
2.228305
2.097974
5.324838
4.235282
0.139258
-1.522403
0.352067
5.875909
2.517733
1.553421
2.904828
1.899053
-0.702019
2.012698
2.179006
2.474253
2.654789
1.799640
1.416184
1.498203
2.476760
3.315744
0.335833
3.468196
0.816887
1.852435
2.083687
0.613837
0.389264
1.256712
1.311455
1.930784
5.617261
4.922630
-0.665555
1.538152
0.403963
5.410592
2.049537
1.072644
1.616482
1.455515
6.079343
1.262440
1.181676
1.903948
-0.006258
5.385168
4.390964
0.370448
-0.062512
-0.112415
5.626420
2.398477
1.467548
2.237709
2.843812
-0.219542
0.241854
2.444933
2.578821
1.181060
1.364084
2.167007
2.483309
2.949018
2.662073
1.299749
2.955256
0.568176
0.025113
2.973467
-0.339265
0.345468
1.327611
2.839622
1.686002
5.903352
4.968587
-0.130059
0.840482
0.685380
5.091569
1.032627
0.640558
1.784580
1.060007
5.624980
1.740199
1.793235
2.448092
2.239109
5.372426
4.181075
-0.331369
0.464872
0.505310
5.368806
1.624254
2.105898
2.217883
1.021322
0.151589
-0.216655
1.252984
3.277717
2.444470
1.662408
1.515752
2.705854
2.314842
2.503935
0.303223
2.213650
1.353705
-0.257437
2.048899
0.930863
0.674588
1.075095
1.637317
1.489847
5.740160
5.552525
-1.729745
0.640115
1.756574
6.387030
1.247961
1.833335
2.608440
1.628018
5.333794
2.187079
1.560701
2.739740
1.545657
6.395934
3.531908
-0.243117
-0.336155
0.530598
5.590543
1.369973
2.403320
2.946844
1.892323
-0.103860
0.437760
1.712386
2.148429
1.735645
1.699288
1.704970
2.273131
3.058876
2.949266
0.080221
2.607189
0.751652
-0.464586
2.500771
0.608516
-0.253398
1.054529
2.306771
1.546004
5.607078
4.441239
-0.760634
0.108509
0.721786
4.927500
1.761755
1.760805
1.921970
1.936559
6.682844
1.830493
1.570277
1.989375
1.573305
5.759919
3.648931
-0.934887
0.043691
0.678153
5.761743
2.809870
1.853074
2.937720
1.896802
-0.194613
-0.118167
2.695412
2.221777
2.086255
1.641660
2.127576
2.047023
1.959676
2.350868
0.984567
2.352482
0.100536
0.236940
2.707401
0.708743
-0.218845
0.011560
2.594850
0.979921
6.392418
4.887311
-1.418427
0.668461
0.550157
5.241026
1.283831
1.618928
0.766974
1.064681
5.846618
2.185511
2.279977
1.874633
2.531445
5.959511
3.849139
0.105782
-0.098151
-0.029786
4.863180
2.256548
1.908909
2.707483
2.260422
0.200778
0.544746
2.045200
2.028646
1.278647
2.033657
0.456407
1.726968
2.316104
2.862199
1.179264
2.144140
0.665525
0.235497
3.021331
-0.124133
0.954203
0.334094
2.240840
0.506231
6.246260
5.259243
-0.897933
0.272315
1.379211
6.007199
0.891133
1.021099
1.305495
0.050008
6.043516
1.796137
0.972984
2.376599
1.806999
5.752331
4.334800
-0.091635
0.291822
0.944703
5.749627
2.390861
1.770617
2.384218
2.859484
-0.239648
0.474356
2.055403
3.234915
1.835608
1.772739
2.331790
2.180148
3.192511
3.567742
1.829584
2.076249
0.866099
0.152545
1.741122
0.132470
0.745355
1.733892
1.786209
2.066281
5.417489
4.522610
-0.974990
0.441605
1.353409
4.780576
1.106117
1.432333
2.067589
1.429557
6.365189
1.776585
2.224187
2.061213
1.828461
5.204914
3.482914
0.066240
0.388616
0.259305
6.528249
2.483164
1.044077
2.280633
2.634190
-1.274618
0.027198
2.613269
2.155247
1.708875
2.350345
2.483406
2.172093
2.122959
1.818791
1.226757
3.095523
-0.077679
0.896171
2.233954
0.993347
-0.390995
0.366338
2.274437
1.932426
4.895954
4.526069
-1.638779
0.969079
0.344658
4.685742
0.657590
0.284869
1.595358
0.705988
5.859789
1.162420
1.583954
2.665312
1.645959
6.009890
3.864936
0.880027
0.555208
0.988338
6.112771
1.400572
1.575198
3.137872
2.300462
0.996935
1.154270
2.151062
1.564980
1.581983
1.005179
1.222025
2.069755
2.322186
1.888529
0.881401
2.605935
0.290017
0.193074
1.249800
-0.355209
0.951017
1.325431
1.438792
1.462729
6.050666
4.360366
-1.151454
0.390574
1.746440
5.830868
2.237626
0.752309
1.862680
0.391817
5.670720
2.104354
1.417262
2.606417
2.094049
5.470478
2.801706
0.554059
-0.471835
1.065820
6.507099
3.238963
1.947558
3.149623
2.583612
0.813008
0.500698
1.332081
2.470377
1.627354
1.694545
1.956750
2.499266
1.491633
3.030174
1.424783
2.386146
0.680768
1.189454
1.882610
0.221039
0.948674
1.164256
1.882268
1.591513
5.201492
4.577450
-0.747381
-0.223263
1.592806
5.246355
1.150857
1.165407
1.144904
1.461834
6.087805
2.096123
1.421327
2.771719
1.388015
6.372575
3.809619
0.502688
-0.478000
-0.267555
6.223093
2.870049
1.894996
2.847425
2.204197
-0.091398
1.046927
1.921724
3.205437
2.194433
1.540648
0.706988
1.158021
3.195333
2.339777
1.596000
1.767024
0.706729
0.432857
1.489448
0.598231
-0.146796
0.190439
2.043034
1.558561
5.228368
5.311630
-0.768640
0.592856
1.084483
5.748807
1.575667
0.990668
0.941599
0.293397
6.413500
1.832690
1.030431
2.573848
1.650859
5.060393
4.184518
0.700286
0.196092
-0.206338
5.350947
2.536491
1.628439
2.868855
2.475007
-0.110749
0.931753
2.356855
1.936514
2.367587
1.201643
1.493425
2.345704
2.180960
2.244768
1.141194
2.618088
-0.091873
-0.248852
1.511357
0.574928
-0.486323
0.624034
2.076773
1.354368
5.921512
4.481121
-0.857525
0.475536
1.627634
6.051694
1.606019
2.267998
1.963366
0.894851
6.382291
1.070979
1.746932
1.766998
1.960173
5.263879
4.809038
0.834381
-0.219865
0.007300
6.211080
1.173204
1.546753
2.506099
2.171154
0.199211
1.508174
2.504546
2.936944
1.879153
1.655043
0.553526
1.721857
3.741250
3.032041
0.931546
2.026636
0.702780
1.040310
2.932486
0.622074
0.375389
1.864862
2.541542
1.371409
4.909024
4.614784
-0.140946
0.972669
2.143782
5.580414
2.199262
1.645306
1.899806
0.893194
6.690029
1.494649
2.003356
1.828652
1.659914
5.488689
4.136699
-0.123299
0.154695
-0.389706
6.757806
2.271960
1.397416
2.208944
1.646387
0.524452
1.408886
1.899898
2.314175
2.517700
1.570912
2.239619
2.618219
3.220841
2.855617
0.727831
2.549473
1.355466
-0.906743
2.318124
0.287976
-0.589472
0.593807
2.993358
2.529928
5.274077
5.467009
-0.371643
0.515141
1.526201
6.188603
2.030884
0.247862
1.927987
0.932007
5.462899
1.018663
1.304676
2.911801
1.766256
6.065576
4.662374
0.780796
-0.368632
0.133982
5.315744
3.163304
1.383268
1.650077
3.287379
0.295104
1.243695
2.232790
1.958535
2.829386
2.452903
1.877918
2.067935
1.997123
2.590797
0.922415
2.732300
0.891996
0.872627
2.272039
0.474371
-0.471816
1.412684
3.119329
1.678780
6.081071
4.743829
-1.039237
0.283282
1.867440
6.265128
1.711932
2.429498
1.241691
0.865066
7.003789
1.758452
1.207087
2.245746
0.991394
6.399504
4.163178
0.525586
0.151209
0.323662
6.186669
2.788904
1.156602
3.220091
2.470721
-0.124451
1.231355
2.388640
2.303316
1.848352
1.269395
2.145050
2.262889
1.847833
1.909135
0.993880
2.709234
0.971652
0.589340
1.990310
0.334986
0.187568
1.458425
2.064909
1.402140
6.553370
5.125138
-0.333369
-0.522029
2.462745
4.972845
1.235548
1.610269
1.490042
0.263639
5.209832
2.950016
2.008372
2.178546
1.692072
5.778206
3.614681
-0.200738
-0.658242
0.451018
5.918864
2.375142
2.024830
2.414807
2.586580
0.636774
1.387167
3.029090
2.667937
1.198522
1.882025
1.143386
1.920511
2.233602
2.399676
1.345340
2.969528
0.648797
-0.063137
2.352185
-0.243205
-0.029579
1.058042
2.812439
0.342799
6.604018
5.012480
-1.163953
0.743087
1.717545
5.695070
1.723173
-0.006516
1.802238
0.317149
5.541621
2.349676
1.002389
1.707221
1.172106
5.751310
3.284958
0.011701
-0.243221
0.793595
6.034116
1.338817
0.969586
3.296596
1.762688
-0.647014
1.619366
2.252631
2.165938
2.721740
1.405175
1.596592
2.587148
2.683162
3.753860
0.244739
1.602494
0.372204
0.567742
1.567300
-0.222935
0.703818
0.928837
2.136702
0.747623
4.723085
5.886289
-0.524241
0.806714
1.898959
5.512466
0.637979
0.584661
1.777387
0.603223
5.397178
1.442463
1.338287
1.764680
1.457710
6.653766
3.364070
1.187516
-0.363654
-0.447645
5.948656
2.280304
1.767645
3.267915
2.400390
-0.359039
0.275604
2.545170
2.145748
1.825210
0.286770
1.780671
2.887439
3.242507
2.831756
0.799947
2.923718
0.171327
0.666734
2.919381
0.476788
0.376077
0.755194
1.897646
0.904342
5.650134
4.414540
-0.811373
0.917122
1.582603
5.207906
1.689450
0.413746
2.731340
1.165888
5.257469
2.287870
2.307785
2.406307
1.292202
5.946886
4.304460
0.815588
0.613950
-0.158395
6.978972
1.840536
1.412055
2.567169
2.222482
-0.050569
1.083721
2.433028
2.152676
1.691062
1.895315
1.921287
2.481204
2.195381
2.940039
0.973660
3.321904
1.007839
0.381414
1.562680
0.013169
0.201483
1.032890
3.267683
1.481111
6.440351
4.961886
-0.383776
0.365204
1.837620
5.147539
0.981361
0.887017
2.190661
0.612840
6.111748
1.618967
1.852264
2.146746
2.671808
6.514102
3.677032
0.370312
-0.461088
0.483682
6.395864
1.801283
2.427103
3.125949
2.084911
-0.489664
0.555118
3.236234
1.770595
1.547289
1.773312
0.817876
3.284179
3.660974
3.211772
0.765552
2.616942
0.244165
0.771877
2.616178
0.170703
0.676608
0.320899
2.058033
1.104360
5.370131
4.378511
-0.457205
0.494791
1.210555
5.742020
1.202239
1.035583
2.001217
0.696162
6.164146
1.409893
1.178904
2.961974
1.561142
6.162780
4.006648
0.185530
-0.822983
0.177948
5.550506
1.494020
2.133161
3.358166
1.867616
0.028528
1.248488
2.304342
2.057379
1.073681
1.654375
1.743681
1.518192
3.508348
2.336391
2.207705
2.656796
0.285809
0.097783
1.210039
0.193238
-0.372620
1.069717
1.793993
1.338102
5.718153
5.428439
-0.727661
0.634578
2.123325
5.457863
1.575233
1.620806
1.869420
-0.001574
5.717294
2.977757
1.862552
2.079897
1.371562
6.496012
4.479611
-0.211698
-0.536006
0.191152
5.795600
1.544167
1.923186
2.803233
3.151243
-0.644497
1.643083
1.818694
2.926161
1.014722
2.033127
0.677863
2.224948
3.194462
2.231180
1.615383
1.523964
1.054665
-0.022248
1.342127
0.212473
0.633936
1.167024
2.836288
1.709987
4.663806
5.697212
-0.623710
0.617525
1.165353
5.656357
1.443251
1.096110
1.001080
0.728513
5.482054
1.811466
1.347325
2.281192
1.890976
5.465983
3.445976
-0.113976
-0.097821
0.505198
6.349155
1.554882
1.969430
3.270656
2.478534
0.601623
0.481427
2.208336
2.183390
1.632416
1.244264
1.682275
1.781991
3.400143
1.766626
1.424691
2.377480
0.880733
1.428503
2.037425
1.215072
0.674436
0.789554
2.535903
1.255214
5.465653
5.207107
-0.580152
1.466847
2.246299
4.391103
1.338508
0.560659
2.165997
0.543014
6.261428
2.341565
0.970060
2.990810
1.340201
5.663516
3.218598
0.321566
0.721093
0.138601
5.017804
1.198080
1.374653
2.209132
3.483081
0.140794
2.602174
2.230999
2.929964
1.372734
0.502729
1.677546
2.411689
2.329165
3.432693
0.590138
2.762120
1.481055
-0.016615
1.381513
0.163251
1.119003
0.753304
1.952086
2.248413
6.051188
5.330706
-1.388379
0.336291
1.523417
4.456913
1.751165
1.562570
1.450927
0.539865
6.200616
2.614136
1.790673
2.294812
2.248256
6.048378
3.468764
0.721395
0.767517
0.110307
5.474048
1.257038
1.710259
3.200869
3.055054
0.135394
0.783599
1.657984
1.794922
1.104860
1.766407
1.211080
1.720645
2.816079
2.395037
1.261344
1.402344
0.241748
-0.003987
1.260783
0.101025
-0.386147
0.387192
1.703986
1.539741
5.295654
4.743851
-0.739838
0.098209
1.615021
5.130305
1.468818
0.695533
2.009561
0.281839
5.865372
1.418335
2.147031
1.037398
1.948852
6.503468
5.171401
-0.726725
-0.630008
0.717328
5.535715
0.746944
1.688888
2.008092
2.047753
0.936337
1.245607
2.252906
2.489372
2.496302
1.361690
2.148640
2.408859
2.583190
2.514748
0.301293
3.472890
-0.015262
0.174801
0.696331
0.370800
0.515038
1.392462
1.834581
0.855572
5.420799
5.285425
-0.861564
-1.440849
1.194749
5.207502
1.174355
1.062701
1.864949
1.298888
5.509659
2.137812
1.695009
2.050995
1.419630
6.045632
3.438594
0.684344
-0.189519
-0.359319
6.738596
1.789837
2.602987
3.738617
1.884816
-0.407564
1.074313
2.942630
2.330440
1.582669
1.591566
1.457151
2.001365
2.375959
3.166441
0.556831
2.310581
0.368759
0.984316
1.551793
-0.704876
1.263473
0.946354
3.075123
1.959449
6.063154
4.813468
-1.230750
0.102083
1.203066
6.492461
1.621774
1.601778
0.774282
0.512809
6.167971
2.131692
1.625726
1.860671
1.751358
6.044573
4.536708
0.368653
0.447496
0.751045
5.742704
1.608017
1.481952
3.102287
3.066809
-0.011694
0.303416
2.296880
2.507285
1.902004
1.669157
1.635445
1.879592
2.011980
2.638278
0.718785
3.072968
0.558116
0.672395
1.434051
0.728065
0.904329
1.532229
2.797080
1.293216
6.751582
5.436346
-0.605450
0.557118
1.718765
5.816392
0.608466
1.478174
1.326060
1.349401
7.013226
1.822451
1.170411
2.696575
1.875507
5.543081
4.320925
-0.195342
0.423417
0.817104
5.742402
2.362042
2.126763
2.553932
2.083829
-0.644748
0.185168
2.667267
1.581820
2.375074
1.133991
0.940634
2.168808
2.412972
2.954580
0.470665
3.035209
-0.683201
-0.095434
1.599789
-0.171677
1.061786
0.351347
2.459472
1.828303
5.324131
4.736097
-1.681990
0.317692
0.381607
5.375735
1.239115
1.292651
1.403462
0.610896
5.532240
1.865104
2.231921
2.260263
0.829011
5.999284
4.229951
0.467441
0.083524
0.618688
5.997794
2.116051
2.070642
2.391887
2.457443
-0.413836
0.944185
2.337599
2.681677
1.054771
1.183161
1.279854
2.012628
3.239173
2.808936
1.441260
1.912885
0.203249
1.750576
2.863192
-0.386572
-1.029135
1.192631
1.249800
0.904099
6.030255
4.936199
-1.343053
0.145710
1.339515
6.329677
0.362875
1.158411
1.208706
0.339442
7.066078
1.823825
2.167245
2.048000
2.499386
5.395966
3.272856
-0.538692
-0.113991
0.727146
6.172327
2.040746
1.723726
2.474375
2.318077
0.102544
1.146391
2.396053
1.889826
1.424076
1.365628
1.022829
2.763350
2.460555
2.569148
0.369934
3.161694
0.832001
0.412213
1.112336
0.523947
0.423570
0.858437
1.845116
1.490061
5.545910
4.809039
-0.342142
0.618261
1.105477
6.013443
1.724442
0.749222
2.346540
0.906954
5.478172
2.537599
1.309951
1.667811
0.876646
5.553632
4.358692
0.232542
-0.492460
1.194226
5.534513
1.960048
1.413512
2.806814
2.365654
0.339152
1.005106
2.182714
2.210390
1.593605
1.729383
0.432406
2.125624
2.987184
1.951870
0.805055
2.968875
1.500204
1.424602
2.293176
0.476513
-0.226043
0.467640
2.187001
1.592375
5.424866
4.692833
-1.241620
1.205502
2.296041
5.691549
1.951534
1.608264
2.439054
0.855957
6.168102
0.588048
1.127553
2.554617
1.911682
5.786132
4.812289
0.593774
-0.690079
0.810913
5.636182
1.673378
0.868557
4.189036
2.650735
0.547372
1.591370
2.359326
1.540208
1.731219
2.022857
1.697530
0.836881
2.712498
2.527560
1.425046
2.453564
1.741873
0.782447
2.135265
0.058118
-0.220572
0.367466
1.369257
1.825174
5.864691
5.135114
-0.719482
0.576853
1.619905
6.019988
1.429769
1.198647
2.188050
0.647946
6.451329
1.593457
2.170156
2.675281
1.641375
6.225028
4.189259
-0.170118
0.457788
-0.157078
5.195734
1.890988
2.221727
3.001896
2.061663
-1.373354
0.609336
2.396040
2.522000
1.935577
1.399799
2.628567
1.973014
2.719827
2.931584
0.460336
2.875143
0.369047
0.118766
1.604782
-0.401116
-0.002239
0.938686
2.260787
0.905578
6.262585
4.132009
-0.881994
0.693937
1.405355
4.851610
1.383617
1.581134
1.618161
0.589239
6.865675
1.521063
1.930326
3.626419
0.842603
6.928682
4.092716
0.133130
-0.139043
0.445015
6.286589
2.457966
2.222275
2.688531
2.793719
0.438378
0.692491
2.791014
1.843417
1.444477
1.760228
2.092959
2.460319
3.443844
3.320710
0.287520
3.099163
0.318687
0.528974
0.973913
0.229632
0.711773
0.565584
2.359767
1.669687
5.750626
4.666622
-1.048630
1.593199
0.016686
5.242066
1.018532
1.241283
1.391541
0.484473
6.336429
1.208058
2.459913
2.603493
1.232687
5.503601
4.164849
0.118751
-0.588756
1.271205
6.222523
2.671208
1.722466
2.895704
2.750769
0.313563
0.659988
2.193344
1.678744
0.980119
0.984419
2.271008
1.756969
3.594127
2.601247
1.627988
1.898115
0.890308
-0.178413
1.769424
0.232567
0.403304
1.131334
2.146686
1.749037
5.034661
5.741644
-1.142791
1.200516
1.339015
4.721663
2.209226
1.357474
2.434982
0.013196
6.468316
1.295685
1.587166
2.642107
1.896535
5.745824
3.699785
-0.025689
-0.156084
0.871688
6.359469
1.858502
2.321103
2.525845
1.663564
-0.174530
1.312467
2.928341
2.169928
2.280859
2.299975
2.223813
1.688210
3.991237
1.781347
0.202081
2.880614
-0.384676
1.082714
1.201028
0.706201
-0.779696
0.801113
2.497257
1.942416
5.590522
4.288731
-1.887958
0.943568
2.047142
5.305986
1.056243
0.962965
1.490983
0.880348
6.264006
1.773871
1.753254
2.260028
1.665262
6.359913
3.828326
0.299142
-0.826893
0.366504
6.167137
1.902108
1.108636
2.528219
2.492223
1.101872
0.816182
1.587691
2.587335
2.341910
1.033449
2.000990
1.740182
2.828286
3.716263
0.471147
2.149171
0.277297
-0.026001
1.074472
-0.151487
0.769665
0.289107
1.648676
1.665606
5.927030
4.940465
-1.079518
0.455176
0.731501
5.823405
0.939507
0.934821
2.329987
0.529864
5.968188
1.104235
0.968992
2.139887
1.349255
6.297545
4.393274
0.080845
-0.262731
0.901254
6.213987
2.337097
1.631654
3.078300
2.411510
-0.938358
1.455280
1.643792
1.680875
2.371178
1.362449
1.626940
2.276546
1.908483
2.699360
1.931155
2.394314
0.897730
0.799505
1.493047
0.056958
0.416004
0.431737
1.708475
1.462803
5.230348
4.562211
-1.674997
0.543082
1.677849
5.626675
1.259098
0.544361
1.464771
0.136881
6.705689
0.792245
1.230249
1.470798
2.065920
6.126858
3.286137
-0.297944
-0.249035
1.027416
5.337920
1.577724
1.677717
2.738501
3.739934
-0.663948
0.585058
2.108256
2.511275
1.478914
0.910982
2.477632
2.239388
2.847305
2.778169
0.733690
2.167954
-0.186667
0.667722
0.497095
-0.017828
0.433284
0.414376
3.279140
2.744464
5.344071
5.057047
-0.107521
1.730527
1.812524
5.933439
1.867793
1.147528
1.655335
1.434027
5.526014
2.229267
1.128012
2.375506
2.118263
5.598722
4.448304
0.939324
-1.344467
0.516850
6.546923
2.394049
1.769332
1.738481
1.428731
-0.045791
0.459311
2.170589
2.052175
2.183893
1.739524
2.546340
2.866089
2.205517
3.248318
1.245671
1.950907
0.113695
-0.330061
2.209470
0.573943
0.305250
2.100632
2.061793
1.247978
5.067173
5.651385
-1.632037
1.424188
0.918176
4.877815
1.130677
0.819422
2.189154
1.764503
7.132295
1.485695
1.248420
1.879662
2.175186
5.318783
4.422565
0.089827
-0.140593
0.237697
6.738391
2.205894
1.276053
3.063752
2.682197
-0.122278
0.802619
2.678969
2.066408
1.848480
1.912557
1.709023
1.818354
2.281738
2.177274
0.776275
2.827156
0.299156
-0.276257
1.273856
0.803545
0.242655
0.933504
2.705848
1.066816
6.182203
5.342340
-0.958142
0.234172
1.429993
5.739044
1.078914
2.241644
1.824161
1.354696
6.569619
0.817384
1.492677
2.413087
2.016655
6.216481
3.774556
0.384114
-0.892777
0.024763
5.697285
1.313768
1.957385
2.204164
3.234567
0.080535
0.670267
2.179146
1.663931
2.104067
1.447872
1.789452
1.446972
2.537110
2.264221
1.264531
2.348059
1.423658
0.567651
1.744143
0.059625
-0.190206
1.396924
2.054405
1.198461
4.775798
5.454817
-1.099766
0.449462
1.171138
5.321937
1.166563
0.495851
1.901148
1.544832
6.900723
1.513720
1.269089
2.701678
1.827309
6.525001
4.266991
-0.281140
0.169380
-0.347943
6.333941
2.212538
1.725001
1.566766
2.138468
0.266536
1.669290
2.444694
2.509426
0.915060
1.903870
2.390368
2.049357
2.315959
2.910026
1.588907
2.906389
0.395946
0.745704
1.477363
-0.145864
0.567375
0.178402
2.347255
1.528012
5.837129
4.832768
-1.226503
0.815442
0.932999
5.592734
1.714037
1.033945
2.009314
0.679073
6.106864
2.303890
2.054995
2.264950
1.239399
6.160154
4.330494
-0.579709
-0.180249
0.562886
6.252750
2.397138
1.371377
1.998488
2.316341
0.398685
0.889685
2.207759
1.669829
1.224258
0.841554
1.045472
1.394148
2.382574
3.070283
0.774216
2.104812
1.023299
0.015722
1.760542
-0.049948
1.058307
1.083001
2.595645
0.946824
5.243265
5.544518
-0.532358
0.485603
1.219260
5.024139
0.653792
1.109733
2.323417
0.941266
5.355244
2.273166
1.588377
2.886165
2.594774
5.505002
4.474419
0.218714
-1.096238
0.278735
6.200977
1.880191
1.507472
2.149040
2.986021
0.388628
0.825859
2.066942
2.079636
2.798504
0.964061
1.631752
2.426282
3.381287
1.857672
1.219873
2.488860
1.148919
0.335907
1.910485
0.451799
0.235177
0.055791
2.300298
1.212652
4.726039
4.525896
-0.590948
0.479049
2.074635
5.016111
2.195420
1.149583
1.818506
1.327396
6.073134
1.448231
1.018010
2.390908
2.089232
5.285149
4.675196
0.302979
-0.768713
-0.505728
4.869675
1.970299
1.295131
2.939443
2.174207
-0.417916
1.324552
2.160006
2.551023
1.998680
1.483116
1.910830
2.166003
2.500391
2.480340
1.290119
2.213987
0.983027
1.489456
1.253096
0.646855
0.559322
1.435084
2.214906
1.387208
5.234959
4.408647
-0.953331
-0.038180
1.140751
6.148227
1.169148
0.663634
1.518788
0.367630
5.754635
2.798733
2.053866
3.075470
2.639202
5.401332
4.142856
0.048794
-0.784596
0.226890
5.348171
1.879782
2.160449
2.961995
1.473601
0.183995
1.619171
2.159729
1.928780
1.851917
0.765062
2.271068
2.712437
3.011816
2.196030
0.494260
2.354483
0.238685
0.312165
0.890486
0.503069
0.121868
0.831887
3.022871
0.359509
5.483707
5.099484
-1.256950
0.067205
0.855801
5.893441
1.658117
0.804659
2.309029
0.920701
5.345937
1.384646
1.195916
1.311438
1.971698
6.634171
4.127867
0.602248
0.335579
0.025862
5.742373
2.409263
1.206475
2.920436
2.787102
0.710672
0.932267
2.718195
2.212887
1.809206
0.579471
1.938361
1.872736
3.246820
2.634451
0.953524
1.534116
0.530121
0.485090
2.205524
0.301050
0.285368
1.858169
1.540176
1.929371
5.907009
4.357713
-0.933773
1.436164
1.610170
5.337828
1.219159
0.314844
1.866297
1.191351
5.737532
1.605585
1.838866
3.170228
2.275143
6.262983
4.375901
0.303257
0.093388
-0.004230
5.837894
2.193226
1.110359
2.929188
3.177616
-0.580511
0.582229
2.394378
3.138878
1.731184
1.034557
1.453151
2.266421
1.890189
2.514737
1.357550
1.771779
0.644453
0.082504
1.704078
0.408239
-0.506486
1.204667
2.489438
0.433633
6.169406
5.382942
-0.660617
-0.194465
1.261748
5.770821
1.339989
1.218947
0.956237
0.645554
7.932375
3.000422
1.695711
2.256918
1.717189
5.337434
4.623065
0.206522
-0.806028
0.738856
5.606169
2.984317
2.380944
2.545063
2.613240
-0.748843
0.392864
2.020467
2.455392
1.056749
2.189116
2.547114
2.052314
2.623056
2.564267
0.571965
2.831601
0.714899
0.322038
1.549202
0.303966
0.969585
0.495688
1.762603
1.737885
5.286895
5.000443
-1.283705
0.504542
1.284878
5.685731
1.653018
1.629383
1.732549
0.520912
5.877347
1.596208
2.692082
1.877100
1.788660
5.647305
4.168337
-0.316322
0.252384
0.424696
5.314310
2.939653
1.615885
2.447071
1.592987
-0.268888
0.484570
1.784129
1.401663
1.685664
1.197360
1.747210
1.484452
2.455202
1.450203
1.527255
2.555126
1.004122
0.312425
1.448872
0.123633
0.596864
1.097359
1.818971
1.166910
5.662521
5.813813
-1.200264
0.120487
0.588887
4.721874
2.579043
1.023484
1.690615
1.047611
6.288769
2.131361
2.204472
1.924993
0.648467
5.488817
4.443796
1.463860
0.011394
0.265925
6.585041
2.569657
1.865181
2.529801
2.741444
0.231638
1.417744
2.734469
2.180658
1.619176
1.366012
1.512825
2.063836
2.358726
2.326521
0.980426
2.489760
0.615022
0.818122
1.874261
0.055672
-0.512310
1.428407
1.682446
1.528937
5.107654
4.757965
-1.940764
1.083275
1.439727
5.220820
1.406013
1.777158
1.554205
-0.560115
6.479796
1.670033
1.826269
2.095649
1.597520
5.626154
3.702122
0.249696
0.328183
-0.019131
6.005351
2.633281
1.687052
2.508789
2.744649
0.622230
0.288929
2.475372
1.635646
1.347416
1.942869
1.054389
1.482140
2.640965
2.348503
1.340167
2.736591
0.399454
0.045240
1.708632
1.172178
0.469045
1.111059
2.022943
1.171670
5.568520
4.564128
-0.598469
-0.532538
0.899421
5.418755
0.652967
1.496265
1.906669
-0.344240
5.354169
2.411982
1.183182
2.744888
1.733075
6.182045
3.950566
0.005270
-0.071740
0.629446
5.660620
2.079416
1.348777
2.962597
1.577454
-0.099622
0.813643
1.882330
2.229593
1.375720
1.891527
1.478094
2.885474
2.700107
2.602600
0.805456
2.473910
0.226104
0.913293
2.862582
0.929969
-0.001029
1.424620
2.684458
1.561495
6.464672
4.510561
-0.383300
0.844560
1.624664
5.074513
1.446945
1.626191
0.881457
0.379629
6.505859
2.022996
2.295112
2.340820
1.337248
5.382750
3.952394
1.496093
-0.156484
0.377311
4.819293
2.201491
2.828026
2.882137
2.937104
-0.134720
1.862406
2.144423
1.459899
1.274051
0.878270
2.250074
3.133837
2.214025
2.444179
0.671534
2.956293
1.206491
0.582049
1.706435
-0.182764
0.072041
0.541143
1.861994
2.080065
6.353920
4.866427
-0.609562
0.202621
1.249896
5.954017
0.804999
1.604919
2.790086
0.581427
6.127251
0.797019
1.666025
2.437876
1.172052
6.846428
3.690730
0.318366
-0.357177
0.346722
6.046467
1.811064
1.365720
2.396842
2.189260
0.499779
1.314421
1.883679
1.865187
1.530205
0.293747
1.691927
2.052708
2.718123
2.587676
1.235020
2.590175
-0.135720
0.570257
1.865623
0.180785
-0.527868
0.515631
1.973576
0.661669
5.156724
3.886994
-0.698531
0.380678
2.044219
5.690887
1.327740
0.849409
2.009215
0.977920
7.038664
1.647856
1.797151
2.131738
2.043461
5.813420
5.006269
-0.367138
-0.306330
0.265958
5.130537
2.334243
1.861163
2.656284
2.344025
-0.904066
0.053190
2.968549
1.593310
1.458507
0.838090
1.289976
2.361761
3.006290
2.834516
1.415981
2.684522
0.520381
0.751476
1.701527
-0.126630
0.637792
1.272516
2.741040
0.775345
4.413395
4.804454
-0.543249
-0.029717
-0.006473
5.538990
1.254657
1.542168
1.652489
0.643333
6.224173
1.713327
2.546655
2.811753
1.027923
5.981499
3.980700
0.518098
0.041535
-0.774373
6.376573
2.490767
2.176976
2.056058
1.821617
0.104329
1.084263
2.424720
1.793760
1.900174
1.381582
1.510606
2.076481
3.015923
3.278501
1.596821
2.609189
-0.274203
-0.027120
2.420893
0.731661
0.836350
1.044659
1.883263
2.513609
5.344357
5.729756
-0.828157
0.838184
1.609879
4.714781
1.361568
1.929171
2.649547
1.016746
4.922753
1.181263
1.484414
2.680061
1.449365
5.440138
3.642994
-0.069819
-0.658208
0.804848
6.223177
1.654395
2.147093
2.468131
2.025271
0.201133
1.181291
2.142546
2.526903
1.253462
0.940258
2.167240
1.819185
1.713502
1.850511
1.165489
2.745115
1.222103
0.205729
2.868832
-0.740128
0.159263
1.300403
2.794813
1.822973
5.368316
5.026549
-1.114626
1.149326
1.211266
5.286166
0.022201
1.048914
2.475320
0.959631
6.640255
1.348787
1.481591
2.854137
1.994202
6.340042
3.479320
0.303340
0.146617
1.322475
6.167451
2.487709
1.900599
2.887015
2.437113
-0.909983
0.913042
2.054129
2.542378
1.651001
1.348646
1.260918
2.941302
2.408994
2.963901
0.810500
2.861792
0.421485
-0.797941
2.111001
1.078552
0.165206
0.769037
2.354819
1.768637
4.836686
4.541240
-1.181919
0.702712
1.691856
6.154898
2.074536
1.118875
1.079316
0.875110
6.431871
0.976377
1.552610
2.611584
2.458819
6.320770
3.713755
0.603270
-0.726546
-0.424239
7.155214
2.293206
2.471228
1.854396
1.825520
-0.433275
1.128707
2.416276
2.419074
1.711601
1.457897
2.006494
2.201095
1.601476
3.356033
0.716263
1.970084
0.892384
0.629301
1.972960
0.602904
0.324480
0.529603
2.599372
1.120403
6.107139
4.734597
-0.032247
0.916907
1.751893
6.115431
0.784119
1.202520
2.280359
0.675105
5.861657
1.048890
1.955566
2.333223
2.198285
5.987221
3.566680
0.546755
0.245490
0.319449
5.442169
1.680771
1.365365
2.371770
1.764474
0.162869
0.547291
1.762798
1.715514
2.866976
1.771271
2.466947
2.313044
3.022188
2.570486
1.852682
2.865056
0.357651
0.518983
1.924942
-0.289901
0.713408
0.792528
2.127484
1.278238
6.573413
4.693990
-0.681923
-0.088591
1.171546
4.769340
0.940191
0.708165
1.073670
0.006648
7.193631
2.184769
1.381025
2.693590
1.213947
5.689610
4.221504
0.183287
-0.078819
0.573113
6.333404
1.972353
1.997429
2.372114
2.030034
0.436637
0.276707
2.187871
1.023121
1.939191
1.110342
2.392618
2.634530
3.139209
2.962943
0.487203
2.955945
0.259246
-0.654189
2.137186
-0.334575
0.238677
0.346518
0.912323
1.768704
6.394667
4.755472
-0.324076
1.025199
0.917919
5.893524
1.022977
1.111165
2.035390
1.107299
5.672912
2.049108
1.347138
2.588197
1.951889
5.809311
4.523236
0.515521
-0.502892
0.526390
6.019051
2.277531
1.659819
2.628305
3.231865
-0.508154
0.671833
2.688284
2.524213
1.902088
1.697666
1.768490
2.093544
2.912197
2.479798
1.447336
3.024855
0.374825
0.005484
1.309519
-0.039225
0.136419
1.631732
1.683071
1.497080
5.287474
5.293849
-0.950483
0.036855
0.781612
5.420292
1.826798
0.076251
1.679955
1.234128
6.430548
1.933287
2.405569
2.093172
1.672093
6.435407
4.764497
1.056535
-0.819814
1.661322
5.408622
2.634625
2.168906
2.903066
2.325151
-0.395117
0.153203
2.104310
2.332183
2.181944
1.542915
2.062439
1.707669
2.211721
1.627574
2.286251
3.384481
0.745067
-0.478041
1.977053
0.524835
-0.035277
0.778662
2.746658
1.406016
5.005431
4.899654
-0.546931
0.737427
1.304370
5.939430
0.939527
0.534996
1.842664
0.303355
5.808509
1.816010
1.685497
1.693443
2.375112
6.575954
4.019658
0.438837
-1.153854
0.816283
6.513528
2.453525
2.447769
1.339974
2.847515
-0.433685
1.002286
2.578524
1.779753
1.870016
1.665574
2.022033
1.329690
2.495580
2.974766
1.459110
2.136392
0.344822
0.489361
2.030170
-0.155389
-0.427467
0.831344
1.924120
1.047049
5.274912
5.432790
-1.090030
1.006840
1.318903
5.759486
1.724549
0.861441
2.203526
0.977744
5.639139
1.173918
1.659732
2.040297
1.422283
6.104696
4.286320
0.394516
0.013520
0.407292
4.433505
2.222434
1.106507
2.656954
2.881400
1.294616
0.167355
2.071459
1.518409
2.687069
1.383739
2.641575
1.990429
2.872313
3.419711
1.713169
1.908039
0.613110
1.147270
0.723744
0.119766
1.184475
0.981374
1.960566
2.296226
4.659149
5.298831
-1.462201
0.876056
1.049389
6.056538
0.782429
1.347526
2.192785
0.196666
5.974892
0.925414
1.768218
1.959210
2.134430
4.810318
4.250545
0.986833
0.342262
0.887195
6.402293
1.800033
1.820006
3.146995
2.461688
0.180027
0.820052
1.806961
2.681662
2.028843
2.321423
1.548943
2.639106
3.272275
3.247007
1.385168
2.407548
1.202798
0.770875
1.644170
-0.371839
0.113917
0.797655
1.975712
0.604802
5.718258
5.088411
-1.104486
0.665831
1.145150
5.302988
1.457288
1.399812
1.622187
0.096216
4.937188
2.201569
1.416771
2.030476
2.282874
5.745383
4.332895
0.016205
-0.765437
1.030216
5.212616
1.877927
2.334534
2.266921
2.232779
-0.262998
0.404946
1.835029
1.642358
1.922305
1.308865
1.960012
2.636560
2.603903
2.934465
1.092891
2.623822
0.502716
0.396012
0.987287
0.256949
0.952098
0.406313
1.083997
0.670647
5.872788
5.198430
-0.401330
0.109302
2.338394
5.077497
1.754805
0.524147
1.736112
0.036320
7.586646
2.357519
1.478606
2.684166
1.997343
6.078278
4.675034
-0.442539
-0.065303
0.991103
5.349853
2.294632
2.126491
3.892295
2.257159
-0.700931
0.497782
2.081384
2.900061
1.365357
0.852354
2.386487
3.069709
2.473557
2.692967
0.440709
2.806616
0.464180
0.020461
0.909064
0.835804
0.456799
0.979028
2.240176
1.314332
5.081873
5.052228
-0.921956
0.449085
1.292294
5.763435
0.558077
0.811275
2.129609
1.218613
6.145883
1.266020
1.694221
2.090608
1.383751
6.345868
4.063221
0.657649
-0.802139
0.163220
5.991886
1.292500
1.605260
2.558956
1.462017
-0.260122
0.661685
2.520356
0.695231
1.699528
0.618795
1.894116
2.440329
2.613252
1.961572
0.793866
2.623334
-0.055014
-0.136979
1.369734
0.345545
0.952645
2.289342
2.644189
0.379649
5.222905
5.137613
-0.343927
1.305699
1.023575
5.733914
1.792949
0.977536
1.439512
0.985678
6.716600
1.334981
1.198670
2.707526
0.958828
6.545518
4.010242
1.045733
-0.952995
0.139393
5.867718
1.483620
0.859985
2.822415
1.960797
0.113829
0.989812
1.552426
1.514173
2.550055
1.542082
1.882617
2.094698
2.989006
2.015458
0.379683
2.281822
0.392472
0.614323
2.390088
0.423117
-0.422309
1.500113
1.652484
1.457941
5.516147
4.924725
-1.214110
1.374868
0.760135
6.011784
0.626411
1.380478
1.722845
0.507098
6.017190
2.290830
1.510104
1.421451
1.559307
5.548911
4.273860
0.017687
-0.459626
0.784704
5.282358
2.038591
0.720930
2.602384
2.176888
0.338978
0.472011
2.649682
2.967834
2.511529
2.005181
2.308810
2.610893
2.382961
2.962405
1.013615
2.601609
0.094077
-0.252387
1.044542
1.083040
0.589826
0.966161
1.806344
1.853697
6.364909
4.209968
-1.652604
1.082762
1.377625
5.495593
1.627243
1.355215
1.370097
0.727095
5.042688
1.574898
1.803314
2.041161
1.540599
5.777171
4.015542
-0.284627
-0.778316
-0.397822
6.726398
1.864836
1.651808
2.673217
3.176038
0.039685
0.244450
2.031592
1.578052
1.765731
1.132147
1.715611
1.788625
2.723497
2.732002
1.951366
2.829843
0.622176
-0.318255
1.935645
1.310898
1.014208
1.583252
2.432617
1.654639
4.581480
4.480178
-0.539766
0.375412
0.113131
5.827461
0.917200
2.194122
1.411415
0.576669
6.919982
2.376966
1.812666
2.626274
2.168118
6.115937
4.148118
0.914052
-0.398851
0.528599
5.392131
2.719022
1.190226
3.370463
3.377856
0.557228
0.968444
2.177734
1.943409
1.918644
2.125630
2.177819
2.465255
2.409086
2.583840
1.482849
2.360909
-0.376698
0.399703
2.118741
0.993554
0.528083
1.545499
3.437386
1.441955
5.248620
5.434849
-1.157433
0.398648
1.075046
5.333214
2.402574
1.744405
1.753449
0.565435
5.481447
1.949448
1.564831
1.810129
1.967778
6.637163
3.784671
0.949716
0.240566
0.686960
4.975350
1.231603
0.911775
1.438499
2.641838
0.239714
1.181654
2.246124
2.847075
1.049436
1.001834
2.424748
1.945903
1.953340
3.291438
0.549072
2.239531
0.280551
0.261938
2.378650
1.133163
-0.167367
1.401636
1.715391
2.333744
5.137522
3.817336
-1.156562
0.914779
1.288409
5.611878
1.371454
1.191573
2.356968
1.104924
6.367557
2.346909
1.716801
2.015852
1.372583
5.796033
3.771670
-0.109608
-0.134472
-0.220700
5.598512
1.257630
1.471144
1.973421
2.418242
-0.028557
-0.130507
2.822137
2.535934
2.169302
1.335110
1.421633
1.884464
2.510366
2.988977
0.883757
3.378711
-0.824249
0.407967
1.957086
-0.189468
0.923427
0.360761
1.621301
0.629724
5.486529
4.958336
-0.647009
0.763570
1.187692
5.440686
1.250959
1.126230
1.915012
0.218936
6.482805
2.360730
1.034703
3.399637
1.588958
5.956398
4.795962
0.509594
-0.155960
0.774546
6.554088
1.145065
1.142893
2.703241
1.742896
-0.687589
0.565923
2.318884
2.397577
2.139074
1.750669
2.303129
3.080051
1.926279
2.801092
1.114007
1.891774
0.966430
0.848222
2.053660
1.296345
0.493031
0.573389
1.552506
1.571152
5.090185
6.068749
-1.356501
-0.081094
1.060185
5.628577
1.075499
1.417952
1.900328
2.284573
5.959860
2.328241
2.418991
1.540628
1.664534
6.112009
3.526199
-0.519529
0.037193
0.035975
5.749155
2.325645
1.374091
2.186918
3.415776
0.340325
0.383651
2.978622
2.323385
1.983127
0.607862
2.580069
3.372142
3.287191
2.442381
1.381261
2.383711
0.173901
0.275705
1.529675
0.661746
0.668746
0.964337
1.771989
1.745024
6.362617
4.184739
-1.249992
0.293505
1.591701
5.561103
0.227316
0.409711
2.095669
-0.171071
6.653425
2.009899
1.584134
1.689220
1.473818
6.587223
4.746837
0.882465
-0.078876
-0.473764
5.617966
1.243141
1.979481
2.420898
2.421102
0.042193
1.542038
2.097936
1.496151
0.810210
1.038492
1.637655
1.818134
3.048652
2.699181
1.254341
2.426231
0.693955
0.216243
1.168237
0.183986
0.889153
1.288305
1.929852
1.337490
5.705887
5.495315
-1.314569
0.865498
1.005402
5.533000
0.945268
0.578463
1.173781
0.871876
5.950585
2.455906
0.466954
1.567433
2.017748
6.254961
3.767443
-0.251188
-0.137029
0.636398
5.674183
1.343934
2.112980
3.045156
1.397390
-1.059700
1.059997
1.969414
2.741621
1.005554
1.132352
1.021588
2.326037
2.855799
2.617660
0.906306
1.594015
0.807305
0.976860
2.572977
0.977056
-0.064906
0.575271
2.394000
1.665553
6.153726
5.376234
-1.554361
0.517107
2.027562
5.903313
2.013998
0.704644
1.417326
1.062930
5.949462
2.289104
1.059628
2.307709
1.322180
5.941360
4.114469
0.409973
0.546139
-0.182184
6.096409
2.170179
1.588685
3.199753
2.224245
0.239880
0.422768
2.822452
2.008306
1.586562
1.370065
1.962984
1.931665
3.106591
2.480526
2.126759
1.827219
0.389100
0.546919
3.010267
1.454528
0.032872
0.697531
2.148327
1.244348
5.318845
4.311665
-0.053926
0.408844
1.505396
5.353279
1.728950
0.888806
1.036220
1.039300
6.687691
1.531032
1.516685
2.210146
1.105987
5.685322
4.658183
0.165492
-0.042462
0.233862
6.462758
2.113423
0.988875
3.036327
2.356768
-0.470625
0.170921
2.051450
2.114666
1.001422
1.422488
1.428772
3.037797
2.670145
2.669335
1.275026
2.249118
0.808798
0.358062
2.265745
0.634428
0.464143
1.548773
2.124794
2.048788
5.249879
4.278491
-0.831421
1.079954
1.940504
5.801094
1.525991
1.436257
2.549549
1.647488
5.766482
1.937469
1.666071
1.700051
1.115757
5.988734
4.487138
0.741945
-0.138636
-0.058659
6.430381
2.826749
1.835894
2.450022
2.461254
0.345822
1.009973
2.058383
2.472546
1.606705
0.933455
2.138975
2.911276
2.165730
2.751047
1.418469
1.995702
0.446685
0.150598
1.082281
0.354530
-0.275862
0.448516
1.511702
1.627768
4.720271
4.449262
-0.892327
0.087255
0.718541
5.302910
2.293509
0.007834
1.868239
1.022497
6.557422
1.716296
2.106422
0.684586
1.840329
6.379978
4.496086
-0.028475
1.087351
0.317220
6.849032
2.514324
1.403649
2.744285
2.837253
-0.223763
0.139275
2.331506
1.371404
1.365989
1.838004
1.710029
2.047977
3.259106
3.162289
1.854106
3.190074
0.432178
0.678746
1.880833
-0.055145
0.148748
0.812076
2.522038
2.041509
5.700204
5.127909
-1.061118
0.864907
1.094402
5.703167
1.327310
1.744025
2.058598
0.189905
5.906618
2.043343
2.585409
2.501002
0.993074
6.098148
4.299142
0.205212
-1.119072
-0.351569
4.999782
2.220487
0.720350
2.158891
2.658430
0.141056
0.965641
2.769223
1.993644
2.349306
1.439900
1.857572
2.305680
1.953465
2.721046
1.600334
3.376040
0.852332
0.727945
1.346102
1.062722
-0.347639
1.254870
2.132884
1.934094
6.121574
4.358438
-0.768968
1.322199
1.437249
5.666118
0.443294
1.515080
1.434947
0.523560
6.008610
1.387286
1.566651
2.320661
1.703703
5.943095
4.139685
0.409675
-0.279008
0.478259
6.137610
1.816320
1.651304
2.979598
2.508853
-0.366913
0.769283
1.684239
1.584495
1.359993
0.911812
1.722345
2.811189
2.099682
3.171211
0.523609
2.590541
0.854996
1.328260
1.879093
0.374530
1.537932
0.003959
2.229308
1.386433
5.527904
3.876810
-1.804602
0.448752
1.434560
4.630437
1.261013
1.636032
2.103077
0.408732
6.815692
2.502762
2.104177
2.072013
1.037712
5.562806
3.084025
0.398809
-0.772260
1.085095
5.645553
2.045525
2.026643
3.107589
1.884838
0.552419
1.150391
2.388527
2.574405
1.567023
1.720372
1.092108
2.862201
2.501832
2.312284
0.076958
2.028863
0.680432
0.372834
1.850059
-0.076154
1.046881
1.170912
2.019770
0.849143
5.936958
4.530713
-1.869687
-0.209561
1.355218
4.582993
0.612448
0.429770
2.720372
0.771745
5.977185
2.005046
1.696385
2.421386
1.555270
6.140746
4.758118
0.933085
-0.830903
0.043964
5.752267
2.209611
2.108492
2.927860
2.720820
0.381706
0.017989
2.783152
1.884804
2.498202
0.625378
1.773587
2.144421
2.686299
3.182146
0.634842
3.001225
-0.157499
0.493680
1.210492
-0.008189
0.258864
0.541327
2.408256
1.310182
6.274192
4.748826
-1.355480
1.498645
1.384168
6.237091
1.278948
1.154007
0.829201
-0.173101
6.222396
2.292331
2.255254
1.961466
1.628248
5.533631
4.107749
-0.179537
0.010911
0.741885
5.731181
1.460372
1.563742
2.253779
2.046972
0.206726
1.320008
2.645581
2.143647
1.561411
0.390865
1.469529
2.186415
2.845098
3.197760
0.471328
2.127919
-0.108675
0.088162
1.387256
-0.098142
-0.168386
1.440673
2.609404
0.675761
6.417954
4.669738
0.012412
0.360153
1.082736
4.925590
1.849298
0.806725
1.378316
0.620893
6.183851
1.808281
2.435800
1.632507
0.927736
6.065367
4.190206
0.666060
0.043674
0.825267
7.224266
2.278892
1.243622
2.214119
3.305606
0.478642
0.973646
2.827078
2.881992
2.040792
1.870675
1.756481
1.792177
2.664973
3.235543
0.218973
2.401125
-0.530361
0.212134
1.397732
1.506535
-0.006211
0.826702
1.901608
1.277454
5.154312
5.903275
-1.524823
0.312022
1.194890
5.202375
1.509738
1.316690
2.683894
1.307157
7.053721
1.881474
2.094990
1.295750
1.685561
6.251331
4.006822
0.769052
-0.494232
0.800126
5.617784
1.919239
1.539671
2.746586
2.396647
-0.670303
0.682548
2.219171
1.959657
0.331572
1.564187
1.591254
1.159121
2.491898
3.072760
0.654339
2.161821
0.340420
-0.057590
1.494383
0.369369
-0.057808
0.824191
2.696560
1.707462
5.054395
3.805605
-0.834657
0.608028
2.144347
5.922469
1.146451
1.327219
1.983464
0.400673
5.995458
2.457050
1.957699
2.115642
2.847167
6.296380
3.503625
0.548174
-0.818610
0.401730
6.381734
3.101248
1.949775
3.733029
3.117695
0.176203
1.139126
2.032122
2.142165
2.256923
1.672053
1.372962
2.540566
2.637441
2.681737
1.447441
2.044323
0.196968
0.114403
2.908174
0.134388
0.604199
1.904944
2.832966
1.745215
5.015829
4.792600
-0.284723
1.019967
1.423097
5.845410
1.601640
0.896878
2.732932
1.074188
6.353064
2.273360
1.865421
2.243749
1.295899
6.290094
3.738020
1.001509
-0.656896
1.677938
4.918186
2.281326
1.270397
2.656219
2.977295
0.781099
-0.090890
2.425236
2.747100
2.024625
1.289049
0.941381
0.738295
3.017426
2.909682
1.978346
2.396348
0.110686
-0.031369
2.219157
0.333310
0.201520
1.195106
2.555320
2.165298
5.512632
5.043341
-1.022150
0.839189
1.053502
4.964523
0.657804
1.922930
2.485495
0.441175
6.121612
2.668212
1.839076
2.118221
1.953216
6.004407
4.718685
0.592220
-0.248565
1.063789
5.264901
1.651325
1.633825
2.602693
2.564196
-0.084642
0.312192
2.841202
2.424096
1.998565
1.253559
1.044277
1.953764
2.246394
2.431129
0.098011
2.419520
0.514479
0.036220
2.083795
0.127955
0.743565
0.967833
2.720283
2.139660
5.398336
4.869592
-0.983942
0.281561
2.297236
4.934754
0.905828
1.313623
2.439244
0.907899
5.550295
1.847175
2.467072
2.313994
1.990623
6.565404
4.765042
0.141993
0.198858
0.373169
5.881151
2.637450
2.870705
1.891922
2.981747
-0.059199
1.779018
3.421534
1.803505
1.089735
1.186715
1.849025
2.764592
3.731250
3.107897
1.222421
2.081525
0.667520
0.632574
1.403396
-0.139307
0.458009
1.654724
2.407374
1.672744
5.842670
4.672600
-0.574503
0.497567
1.580153
5.364060
1.136305
1.486061
1.442895
1.358201
6.421256
1.534144
1.039496
2.248398
1.463072
6.569502
3.894245
0.100799
-0.287532
0.144078
5.859765
1.775452
2.305675
2.691969
2.686027
0.492350
0.238095
1.931915
2.553538
1.595371
1.943956
1.461891
1.929946
1.972771
2.890457
0.929461
2.361543
0.654161
0.781099
2.935286
0.835629
0.380573
0.380071
2.542802
1.525269
5.547875
4.713917
-1.549298
1.382223
1.381561
5.750154
1.010635
0.897786
1.363884
0.571197
5.221771
1.447736
1.066736
2.214410
2.275615
5.500871
5.114991
-0.087083
-0.538860
-0.148397
6.284227
1.431943
2.372279
3.317489
2.453754
0.718373
1.051114
2.818816
2.150712
2.735020
0.456694
0.760765
2.929858
3.081544
3.285544
1.359403
1.742474
0.777759
0.650808
1.247866
0.450318
0.853460
1.719709
2.944162
1.302860
5.414573
4.073877
-0.519598
0.709205
2.067710
5.394186
1.100061
0.843730
1.884531
0.272986
6.455135
2.576851
1.335989
2.900426
1.479565
4.862940
4.316835
0.230722
1.075438
0.479316
6.210331
1.773370
1.379108
2.830122
3.294802
-0.851822
1.470009
2.788600
2.341935
1.976117
0.350604
2.300736
2.671858
2.182263
2.492708
0.693478
2.191578
0.000403
-0.054188
1.759915
1.415061
1.120622
0.495452
2.363887
2.235819
4.701462
4.248721
-1.431672
0.717278
2.047444
5.554330
1.601745
1.071554
2.188696
0.797850
6.369444
1.426446
1.640017
2.125310
1.438927
6.104875
4.810159
0.157442
0.953520
0.868114
6.883182
2.578211
1.548116
2.409871
2.611906
0.662422
0.451399
2.907175
1.691252
1.674355
1.983324
2.565205
2.064785
2.422568
2.737334
1.297249
2.727093
0.086574
-0.216094
2.172755
1.200679
0.506172
1.598527
2.104259
1.753097
5.865376
5.023546
-0.767761
0.462276
1.603200
5.218006
1.810434
1.516062
1.909823
0.690108
5.742710
1.605970
1.310462
2.572389
1.947290
5.836702
3.592836
-0.159703
-0.498668
0.309431
5.489459
2.425905
2.227733
3.085584
2.367376
-0.837044
0.918391
1.846671
2.089143
1.470411
1.083829
1.560845
2.602111
1.739579
2.642327
1.945473
2.687548
0.017397
0.210796
2.399109
0.318171
0.610855
0.923293
2.347439
2.306208
5.629653
4.536548
-0.684620
0.904197
1.872886
5.663547
1.512389
1.558919
1.171736
0.782404
5.557168
2.106078
1.794400
2.085213
0.605223
5.857105
3.430255
0.167303
-0.764259
0.190569
5.379002
1.086417
3.276096
3.045749
3.257388
0.777122
0.947330
2.683178
2.116645
2.325421
1.029539
2.274848
2.132992
2.745866
2.798202
0.325206
1.998256
0.070823
0.461534
1.656249
0.941628
0.545585
1.149371
2.395157
1.685277
5.415632
5.166533
-0.205803
0.496048
1.366296
5.772331
1.585487
0.317631
2.711781
0.998858
5.444277
1.833455
1.952477
2.540660
1.422235
5.956585
3.781795
0.364036
-0.202845
0.171289
6.594278
1.910537
1.552495
2.753801
2.852254
-1.122994
1.603768
2.341203
2.019344
1.795116
1.767110
1.772514
1.982616
2.535504
2.375751
0.824972
2.080425
0.678957
0.189961
1.592817
0.702322
0.075231
1.165982
2.697573
1.899774
5.226120
4.877369
-0.403497
0.906917
1.586530
5.517606
1.584479
1.151636
2.422775
1.103350
5.357639
0.918056
1.424204
1.870183
0.798621
5.712789
3.716378
0.198254
-0.499932
0.353825
5.943125
2.884585
1.899820
2.581683
2.542138
0.667223
0.053707
2.378491
2.313211
2.206167
0.459181
1.757988
2.198002
3.077850
2.098590
1.389098
2.955566
1.194794
1.321685
0.787654
-0.167961
-0.024500
0.929061
1.984888
1.084888
5.737114
5.734193
-0.405378
0.999147
2.568337
5.557856
1.072085
1.408294
1.381643
1.240508
6.015041
1.581636
1.994355
2.974934
1.467785
6.055309
4.386755
-0.015288
0.400121
0.405751
5.406408
2.509228
2.377094
2.941526
3.102712
0.996802
0.804849
2.155748
1.315849
1.647278
1.647327
1.174929
2.457419
2.182925
2.626518
0.498212
2.961375
-0.038589
0.126282
1.280014
-0.285976
0.539799
1.333644
2.315056
0.847894
5.676819
4.786268
-2.139333
1.026539
2.420662
5.094707
1.479680
1.246169
2.674604
1.118887
6.492914
1.191027
1.006979
2.247671
2.163507
5.910017
4.338803
-0.187563
0.237323
0.333453
5.481284
1.577959
2.053846
2.079708
1.720872
0.147237
1.432715
2.602506
2.299465
2.345750
2.053127
1.119537
2.655324
3.248137
2.390269
1.574511
2.993030
0.384380
1.395478
1.722583
-0.369244
0.453067
1.138772
1.778564
2.412392
4.736465
5.971704
-1.529895
-0.347722
1.955566
5.566718
1.504123
2.468799
2.113616
0.683335
5.708856
2.078371
1.759219
2.608257
1.222034
6.620809
3.460062
-0.286341
-0.179865
0.759975
6.076902
2.012322
1.256000
2.299769
1.673849
0.471289
0.823509
1.988433
1.719238
2.349497
1.301376
1.473359
2.284614
2.333152
2.571050
0.709425
2.159724
0.938159
0.878415
2.061889
0.484889
-0.111918
-0.107851
1.322909
0.732359
5.896546
5.705424
-0.922898
0.652699
1.214323
5.202493
1.440322
0.517839
1.923617
0.564703
5.872246
1.320924
2.103817
2.315456
1.695664
6.403410
3.678252
0.312297
-0.267961
0.694037
6.119306
1.547556
2.330073
2.233793
2.334155
-0.470905
1.177903
1.632331
1.451132
1.686104
0.641115
1.595929
2.257216
2.142329
2.612916
0.725042
2.442223
1.345143
0.029093
1.187312
1.416501
0.789934
-0.033782
2.157247
0.886782
5.365389
5.023428
-1.574348
0.465477
1.345767
5.248799
1.640338
1.328965
2.377146
1.058807
5.887652
2.379809
1.357399
2.166948
0.951868
5.265788
4.277989
0.149346
-0.054214
0.235022
5.539880
2.392595
1.860036
2.188132
2.508201
-0.928815
0.931308
2.414341
1.974813
1.454332
1.359579
0.802391
1.416604
2.058822
3.667156
1.327129
2.061377
0.578778
0.552356
1.776290
0.262143
0.286139
0.324146
2.414139
1.744194
4.230906
4.829229
-1.210059
1.316772
1.473437
5.901899
1.192560
2.686849
1.467974
0.269846
5.312341
2.432078
1.309974
2.004695
1.645135
6.705681
3.642884
0.017906
-0.880473
0.304675
5.399017
1.473366
0.939308
2.608007
2.805313
0.542244
1.106874
2.166784
2.729257
1.203560
0.923567
1.863252
1.981010
2.670970
2.877334
0.941767
2.828487
0.774312
0.748840
1.429452
0.413471
0.140767
1.524292
2.194383
1.469049
6.117464
4.433099
-0.522946
1.310993
0.986118
5.405723
1.144433
2.291037
1.742865
0.329896
5.817631
1.645441
1.719595
1.721561
2.282080
7.202864
4.319408
0.760009
-0.005111
0.683505
5.652857
1.277493
2.333882
3.024025
2.926054
-0.124235
0.995923
2.094757
1.854959
0.728947
1.137292
1.355678
1.818434
2.956374
3.237680
0.471045
2.105227
0.808057
-0.014429
2.534730
1.194371
0.269111
1.271510
1.607006
0.697498
4.977605
5.364244
-0.649734
0.379262
1.682563
4.173781
0.824387
0.354257
2.513855
0.547075
5.954189
1.334468
1.759365
2.216923
1.370388
5.685218
3.543215
-0.296773
0.402708
-0.398906
5.731339
1.756367
1.637184
2.866582
3.618023
0.118136
0.570836
2.558851
2.527556
2.199318
1.350691
0.868134
1.705508
4.104747
2.530387
1.280156
2.589082
0.713574
0.940475
2.308035
0.426921
-0.288148
0.353426
1.492875
1.401318
6.050892
5.017180
-0.789590
0.789715
2.385099
4.614576
0.841527
1.737239
1.626379
0.079107
6.370554
2.258276
2.116195
2.853206
1.786016
6.454258
3.351142
-0.225968
0.514202
-0.418411
5.287080
3.000073
1.852254
2.557572
2.416483
0.950763
0.723641
2.118470
2.698042
1.506304
0.911897
0.442037
2.010664
3.486754
2.395629
2.168683
2.507349
0.450028
0.774317
2.005128
0.247594
-0.172489
1.230864
2.278477
1.820200
5.984376
5.088484
-0.693405
0.385210
1.881550
5.704848
1.185331
0.991744
1.976553
0.957140
6.446208
3.082452
1.034845
2.473328
2.050479
6.267890
3.605691
-0.545190
-0.643054
0.933581
5.459294
2.334859
2.068448
2.426294
2.358119
0.279940
0.824078
2.321029
1.595805
1.986350
0.941095
1.497580
1.470935
2.494870
2.850341
0.927094
3.534350
0.484420
0.925953
2.317026
0.312769
-0.399231
1.299807
3.288856
1.754148
6.466874
4.905720
-0.417255
0.845311
1.227198
5.537760
0.407366
1.320282
1.349459
0.552059
6.230811
1.722611
0.636598
2.018184
1.099141
6.095066
5.206819
0.509781
-0.855328
0.865532
5.762148
1.646611
1.625555
2.569631
2.777771
-0.132184
1.161340
1.498650
2.151904
2.496964
0.142493
1.372790
0.970965
3.087285
3.695142
1.716394
2.172788
1.109827
0.119363
2.000726
0.406421
0.240911
1.632856
2.614020
0.957464
5.925146
5.347851
-0.715879
0.100533
0.358865
6.169437
1.439383
1.635867
1.834312
1.891721
6.344740
1.295820
1.509475
2.208243
1.951225
5.472591
3.994318
0.963275
-0.785894
0.014829
6.217671
2.804164
1.073298
2.976297
2.031592
-0.331484
1.155566
2.510189
2.229535
1.470966
1.353035
2.322065
2.565618
1.908852
2.655017
0.982674
2.903177
-0.021448
0.552600
1.596300
-0.021632
0.435463
0.521506
2.662764
0.843615
6.110434
4.774458
-0.584192
0.392555
1.823136
5.902280
0.715475
1.301668
1.749835
0.997492
5.545565
1.921924
1.432271
2.599213
1.561299
6.153412
4.248372
-0.044835
-0.052534
-0.071938
5.650008
1.842402
2.296147
2.417135
2.625948
-0.616595
1.222009
1.941349
1.931697
2.386577
1.565735
1.758190
1.684413
2.625058
2.768949
2.093033
2.316551
0.213114
0.434336
2.070481
-0.263567
0.973511
0.617614
2.583752
1.621456
5.476404
5.506482
-0.563091
0.904489
1.817085
6.213412
1.652071
1.454569
1.536895
0.244648
5.606490
2.143633
0.653727
2.139956
1.350763
6.742558
2.999997
-0.192414
0.159641
0.853171
5.712346
2.237961
1.773983
2.691857
3.065812
-0.275303
1.419664
2.451235
3.219909
1.934751
0.673728
1.900422
2.578093
2.810448
2.424349
0.608925
2.988544
0.047694
0.910407
1.643351
0.458862
1.306228
2.176987
2.324299
1.570114
6.419630
4.913163
-0.851664
0.789625
1.153031
4.364156
1.329158
1.455758
0.748301
0.447446
6.051419
2.491276
1.875598
2.186890
1.404022
6.049173
3.506371
-0.311619
-0.333079
0.924070
5.681624
1.879261
0.958481
3.011555
2.962792
0.224399
0.569824
2.191645
1.628014
1.863634
0.883620
1.186063
2.128318
2.881574
2.998405
1.566341
4.104595
0.646633
0.777833
1.480719
0.352804
0.191202
1.004385
0.949374
0.792152
6.008677
4.478182
-0.773063
1.222392
1.493556
5.449678
0.924731
1.028181
2.171666
0.792593
5.512695
1.853621
1.801743
2.172734
2.327926
5.331608
3.938819
0.186010
-0.787644
0.393721
6.027043
2.760638
1.644042
2.898496
3.363894
0.146634
1.185857
1.867017
1.789695
1.977163
1.438553
2.625339
2.479285
3.492030
3.024976
1.015092
2.506243
1.372077
0.962109
1.544288
0.306981
-0.118699
0.834783
1.130117
1.686218
6.018608
5.184996
-1.893498
1.473586
1.994421
5.895151
1.111087
1.444355
0.885855
-0.065599
7.241120
2.379303
2.162087
1.670745
0.761423
5.729301
2.930047
-0.098939
-0.172094
-0.375148
6.087531
1.589901
1.519599
1.750138
2.558165
0.143355
0.179912
2.011134
2.315017
1.619397
1.663917
1.520127
2.403554
1.679853
3.518544
1.152186
1.852334
0.633187
-0.025821
2.038939
0.522765
-0.494679
1.487856
1.217462
1.723967
6.005018
4.510309
0.095276
0.072770
1.616655
5.991011
0.721261
1.319551
1.180283
0.968517
6.170434
0.975034
0.816614
1.572125
1.460253
5.771840
3.840862
0.799015
-0.989069
0.920520
5.745509
