 0.0067 
 0.0078 
 0.0090 
 0.0104 
 0.0119 
 0.0136 
 0.0154 
 0.0174 
 0.0195 
 0.0219 
 0.0244 
 0.0270 
 0.0298 
 0.0328 
 0.0358 
 0.0390 
 0.0423 
 0.0456 
 0.0490 
 0.0523 
 0.0557 
 0.0590 
 0.0622 
 0.0652 
 0.0682 
 0.0709 
 0.0734 
 0.0756 
 0.0775 
 0.0791 
 0.0804 
 0.0813 
 0.0819 
 0.0821 
 0.0819 
 0.0813 
 0.0804 
 0.0791 
 0.0775 
 0.0756 
 0.0734 
 0.0709 
 0.0682 
 0.0652 
 0.0622 
 0.0590 
 0.0557 
 0.0523 
 0.0490 
 0.0456 
 0.0423 
 0.0390 
 0.0358 
 0.0328 
 0.0298 
 0.0270 
 0.0244 
 0.0219 
 0.0195 
 0.0174 
 0.0154 
 0.0136 
 0.0119 
 0.0104 
 0.0090 
 0.0078 
 0.0821 
 0.0821 
 0.0821 
 0.0821 
 0.0821 
 0.0821 
 0.0821 
 0.0821 
 0.0821 
 0.0821 
 0.0821 
 0.0821 
 0.0821 
 0.0821 
 0.0821 
 0.0821 
 0.0821 
 0.0821 
 0.0821 
 0.0821 
 -0.0821 
 -0.0821 
 -0.0821 
 -0.0821 
 -0.0821 
 -0.0821 
 -0.0821 
 0.0000 
 0.0000 
 0.0000 
 0.0000 
 0.0000 
 0.0000 
 0.0000 
 0.0078 
 0.0091 
 0.0105 
 0.0121 
 0.0138 
 0.0158 
 0.0179 
 0.0202 
 0.0227 
 0.0254 
 0.0283 
 0.0314 
 0.0346 
 0.0380 
 0.0416 
 0.0453 
 0.0491 
 0.0529 
 0.0569 
 0.0608 
 0.0647 
 0.0685 
 0.0722 
 0.0757 
 0.0791 
 0.0823 
 0.0852 
 0.0877 
 0.0900 
 0.0919 
 0.0933 
 0.0944 
 0.0951 
 0.0953 
 0.0951 
 0.0944 
 0.0933 
 0.0919 
 0.0900 
 0.0877 
 0.0852 
 0.0823 
 0.0791 
 0.0757 
 0.0722 
 0.0685 
 0.0647 
 0.0608 
 0.0569 
 0.0529 
 0.0491 
 0.0453 
 0.0416 
 0.0380 
 0.0346 
 0.0314 
 0.0283 
 0.0254 
 0.0227 
 0.0202 
 0.0179 
 0.0158 
 0.0138 
 0.0121 
 0.0105 
 0.0091 
 0.0953 
 0.0953 
 0.0953 
 0.0953 
 0.0953 
 0.0953 
 0.0953 
 0.0953 
 0.0953 
 0.0953 
 0.0953 
 0.0953 
 0.0953 
 0.0953 
 0.0953 
 0.0953 
 0.0953 
 0.0953 
 0.0953 
 0.0953 
 -0.0953 
 -0.0953 
 -0.0953 
 -0.0953 
 -0.0953 
 -0.0953 
 -0.0953 
 0.0000 
 0.0000 
 0.0000 
 0.0000 
 0.0000 
 0.0000 
 0.0000 
 0.0090 
 0.0105 
 0.0121 
 0.0140 
 0.0160 
 0.0182 
 0.0207 
 0.0233 
 0.0262 
 0.0293 
 0.0327 
 0.0363 
 0.0400 
 0.0440 
 0.0481 
 0.0523 
 0.0567 
 0.0612 
 0.0657 
 0.0702 
 0.0747 
 0.0791 
 0.0834 
 0.0875 
 0.0914 
 0.0951 
 0.0984 
 0.1014 
 0.1040 
 0.1062 
 0.1079 
 0.1091 
 0.1099 
 0.1101 
 0.1099 
 0.1091 
 0.1079 
 0.1062 
 0.1040 
 0.1014 
 0.0984 
 0.0951 
 0.0914 
 0.0875 
 0.0834 
 0.0791 
 0.0747 
 0.0702 
 0.0657 
 0.0612 
 0.0567 
 0.0523 
 0.0481 
 0.0440 
 0.0400 
 0.0363 
 0.0327 
 0.0293 
 0.0262 
 0.0233 
 0.0207 
 0.0182 
 0.0160 
 0.0140 
 0.0121 
 0.0105 
 0.1101 
 0.1101 
 0.1101 
 0.1101 
 0.1101 
 0.1101 
 0.1101 
 0.1101 
 0.1101 
 0.1101 
 0.1101 
 0.1101 
 0.1101 
 0.1101 
 0.1101 
 0.1101 
 0.1101 
 0.1101 
 0.1101 
 0.1101 
 -0.1101 
 -0.1101 
 -0.1101 
 -0.1101 
 -0.1101 
 -0.1101 
 -0.1101 
 0.0000 
 0.0000 
 0.0000 
 0.0000 
 0.0000 
 0.0000 
 0.0000 
 0.0104 
 0.0121 
 0.0140 
 0.0160 
 0.0184 
 0.0209 
 0.0238 
 0.0268 
 0.0302 
 0.0338 
 0.0376 
 0.0417 
 0.0460 
 0.0506 
 0.0553 
 0.0602 
 0.0652 
 0.0704 
 0.0756 
 0.0808 
 0.0859 
 0.0910 
 0.0960 
 0.1007 
 0.1052 
 0.1094 
 0.1132 
 0.1166 
 0.1196 
 0.1221 
 0.1241 
 0.1255 
 0.1264 
 0.1267 
 0.1264 
 0.1255 
 0.1241 
 0.1221 
 0.1196 
 0.1166 
 0.1132 
 0.1094 
 0.1052 
 0.1007 
 0.0960 
 0.0910 
 0.0859 
 0.0808 
 0.0756 
 0.0704 
 0.0652 
 0.0602 
 0.0553 
 0.0506 
 0.0460 
 0.0417 
 0.0376 
 0.0338 
 0.0302 
 0.0268 
 0.0238 
 0.0209 
 0.0184 
 0.0160 
 0.0140 
 0.0121 
 0.1267 
 0.1267 
 0.1267 
 0.1267 
 0.1267 
 0.1267 
 0.1267 
 0.1267 
 0.1267 
 0.1267 
 0.1267 
 0.1267 
 0.1267 
 0.1267 
 0.1267 
 0.1267 
 0.1267 
 0.1267 
 0.1267 
 0.1267 
 -0.1267 
 -0.1267 
 -0.1267 
 -0.1267 
 -0.1267 
 -0.1267 
 -0.1267 
 0.0000 
 0.0000 
 0.0000 
 0.0000 
 0.0000 
 0.0000 
 0.0000 
 0.0119 
 0.0138 
 0.0160 
 0.0184 
 0.0210 
 0.0240 
 0.0272 
 0.0307 
 0.0345 
 0.0387 
 0.0431 
 0.0477 
 0.0527 
 0.0579 
 0.0633 
 0.0689 
 0.0747 
 0.0806 
 0.0865 
 0.0925 
 0.0984 
 0.1042 
 0.1099 
 0.1153 
 0.1204 
 0.1252 
 0.1296 
 0.1335 
 0.1370 
 0.1398 
 0.1421 
 0.1437 
 0.1447 
 0.1451 
 0.1447 
 0.1437 
 0.1421 
 0.1398 
 0.1370 
 0.1335 
 0.1296 
 0.1252 
 0.1204 
 0.1153 
 0.1099 
 0.1042 
 0.0984 
 0.0925 
 0.0865 
 0.0806 
 0.0747 
 0.0689 
 0.0633 
 0.0579 
 0.0527 
 0.0477 
 0.0431 
 0.0387 
 0.0345 
 0.0307 
 0.0272 
 0.0240 
 0.0210 
 0.0184 
 0.0160 
 0.0138 
 0.1451 
 0.1451 
 0.1451 
 0.1451 
 0.1451 
 0.1451 
 0.1451 
 0.1451 
 0.1451 
 0.1451 
 0.1451 
 0.1451 
 0.1451 
 0.1451 
 0.1451 
 0.1451 
 0.1451 
 0.1451 
 0.1451 
 0.1451 
 -0.1451 
 -0.1451 
 -0.1451 
 -0.1451 
 -0.1451 
 -0.1451 
 -0.1451 
 0.0000 
 0.0000 
 0.0000 
 0.0000 
 0.0000 
 0.0000 
 0.0000 
 0.0136 
 0.0158 
 0.0182 
 0.0209 
 0.0240 
 0.0273 
 0.0310 
 0.0350 
 0.0394 
 0.0441 
 0.0491 
 0.0544 
 0.0601 
 0.0660 
 0.0722 
 0.0786 
 0.0852 
 0.0919 
 0.0986 
 0.1054 
 0.1122 
 0.1188 
 0.1252 
 0.1314 
 0.1373 
 0.1427 
 0.1477 
 0.1522 
 0.1561 
 0.1594 
 0.1619 
 0.1638 
 0.1650 
 0.1653 
 0.1650 
 0.1638 
 0.1619 
 0.1594 
 0.1561 
 0.1522 
 0.1477 
 0.1427 
 0.1373 
 0.1314 
 0.1252 
 0.1188 
 0.1122 
 0.1054 
 0.0986 
 0.0919 
 0.0852 
 0.0786 
 0.0722 
 0.0660 
 0.0601 
 0.0544 
 0.0491 
 0.0441 
 0.0394 
 0.0350 
 0.0310 
 0.0273 
 0.0240 
 0.0209 
 0.0182 
 0.0158 
 0.1653 
 0.1653 
 0.1653 
 0.1653 
 0.1653 
 0.1653 
 0.1653 
 0.1653 
 0.1653 
 0.1653 
 0.1653 
 0.1653 
 0.1653 
 0.1653 
 0.1653 
 0.1653 
 0.1653 
 0.1653 
 0.1653 
 0.1653 
 -0.1653 
 -0.1653 
 -0.1653 
 -0.1653 
 -0.1653 
 -0.1653 
 -0.1653 
 0.0000 
 0.0000 
 0.0000 
 0.0000 
 0.0000 
 0.0000 
 0.0000 
 0.0154 
 0.0179 
 0.0207 
 0.0238 
 0.0272 
 0.0310 
 0.0352 
 0.0397 
 0.0447 
 0.0500 
 0.0557 
 0.0617 
 0.0682 
 0.0749 
 0.0819 
 0.0892 
 0.0966 
 0.1042 
 0.1119 
 0.1196 
 0.1273 
 0.1348 
 0.1421 
 0.1491 
 0.1557 
 0.1619 
 0.1676 
 0.1727 
 0.1771 
 0.1808 
 0.1837 
 0.1859 
 0.1871 
 0.1876 
 0.1871 
 0.1859 
 0.1837 
 0.1808 
 0.1771 
 0.1727 
 0.1676 
 0.1619 
 0.1557 
 0.1491 
 0.1421 
 0.1348 
 0.1273 
 0.1196 
 0.1119 
 0.1042 
 0.0966 
 0.0892 
 0.0819 
 0.0749 
 0.0682 
 0.0617 
 0.0557 
 0.0500 
 0.0447 
 0.0397 
 0.0352 
 0.0310 
 0.0272 
 0.0238 
 0.0207 
 0.0179 
 0.1876 
 0.1876 
 0.1876 
 0.1876 
 0.1876 
 0.1876 
 0.1876 
 0.1876 
 0.1876 
 0.1876 
 0.1876 
 0.1876 
 0.1876 
 0.1876 
 0.1876 
 0.1876 
 0.1876 
 0.1876 
 0.1876 
 0.1876 
 -0.1876 
 -0.1876 
 -0.1876 
 -0.1876 
 -0.1876 
 -0.1876 
 -0.1876 
 0.0000 
 0.0000 
 0.0000 
 0.0000 
 0.0000 
 0.0000 
 0.0000 
 0.0174 
 0.0202 
 0.0233 
 0.0268 
 0.0307 
 0.0350 
 0.0397 
 0.0449 
 0.0505 
 0.0565 
 0.0629 
 0.0697 
 0.0770 
 0.0846 
 0.0925 
 0.1007 
 0.1091 
 0.1177 
 0.1264 
 0.1351 
 0.1437 
 0.1522 
 0.1605 
 0.1684 
 0.1759 
 0.1829 
 0.1893 
 0.1950 
 0.2000 
 0.2042 
 0.2075 
 0.2099 
 0.2114 
 0.2118 
 0.2114 
 0.2099 
 0.2075 
 0.2042 
 0.2000 
 0.1950 
 0.1893 
 0.1829 
 0.1759 
 0.1684 
 0.1605 
 0.1522 
 0.1437 
 0.1351 
 0.1264 
 0.1177 
 0.1091 
 0.1007 
 0.0925 
 0.0846 
 0.0770 
 0.0697 
 0.0629 
 0.0565 
 0.0505 
 0.0449 
 0.0397 
 0.0350 
 0.0307 
 0.0268 
 0.0233 
 0.0202 
 0.2118 
 0.2118 
 0.2118 
 0.2118 
 0.2118 
 0.2118 
 0.2118 
 0.2118 
 0.2118 
 0.2118 
 0.2118 
 0.2118 
 0.2118 
 0.2118 
 0.2118 
 0.2118 
 0.2118 
 0.2118 
 0.2118 
 0.2118 
 -0.2118 
 -0.2118 
 -0.2118 
 -0.2118 
 -0.2118 
 -0.2118 
 -0.2118 
 0.0000 
 0.0000 
 0.0000 
 0.0000 
 0.0000 
 0.0000 
 0.0000 
 0.0195 
 0.0227 
 0.0262 
 0.0302 
 0.0345 
 0.0394 
 0.0447 
 0.0505 
 0.0567 
 0.0635 
 0.0707 
 0.0784 
 0.0865 
 0.0951 
 0.1040 
 0.1132 
 0.1227 
 0.1323 
 0.1421 
 0.1519 
 0.1616 
 0.1711 
 0.1804 
 0.1893 
 0.1977 
 0.2056 
 0.2128 
 0.2193 
 0.2249 
 0.2296 
 0.2333 
 0.2360 
 0.2376 
 0.2382 
 0.2376 
 0.2360 
 0.2333 
 0.2296 
 0.2249 
 0.2193 
 0.2128 
 0.2056 
 0.1977 
 0.1893 
 0.1804 
 0.1711 
 0.1616 
 0.1519 
 0.1421 
 0.1323 
 0.1227 
 0.1132 
 0.1040 
 0.0951 
 0.0865 
 0.0784 
 0.0707 
 0.0635 
 0.0567 
 0.0505 
 0.0447 
 0.0394 
 0.0345 
 0.0302 
 0.0262 
 0.0227 
 0.2382 
 0.2382 
 0.2382 
 0.2382 
 0.2382 
 0.2382 
 0.2382 
 0.2382 
 0.2382 
 0.2382 
 0.2382 
 0.2382 
 0.2382 
 0.2382 
 0.2382 
 0.2382 
 0.2382 
 0.2382 
 0.2382 
 0.2382 
 -0.2382 
 -0.2382 
 -0.2382 
 -0.2382 
 -0.2382 
 -0.2382 
 -0.2382 
 0.0000 
 0.0000 
 0.0000 
 0.0000 
 0.0000 
 0.0000 
 0.0000 
 0.0219 
 0.0254 
 0.0293 
 0.0338 
 0.0387 
 0.0441 
 0.0500 
 0.0565 
 0.0635 
 0.0710 
 0.0791 
 0.0877 
 0.0968 
 0.1064 
 0.1164 
 0.1267 
 0.1373 
 0.1481 
 0.1590 
 0.1699 
 0.1808 
 0.1915 
 0.2019 
 0.2118 
 0.2213 
 0.2301 
 0.2382 
 0.2454 
 0.2517 
 0.2569 
 0.2611 
 0.2641 
 0.2659 
 0.2665 
 0.2659 
 0.2641 
 0.2611 
 0.2569 
 0.2517 
 0.2454 
 0.2382 
 0.2301 
 0.2213 
 0.2118 
 0.2019 
 0.1915 
 0.1808 
 0.1699 
 0.1590 
 0.1481 
 0.1373 
 0.1267 
 0.1164 
 0.1064 
 0.0968 
 0.0877 
 0.0791 
 0.0710 
 0.0635 
 0.0565 
 0.0500 
 0.0441 
 0.0387 
 0.0338 
 0.0293 
 0.0254 
 0.2665 
 0.2665 
 0.2665 
 0.2665 
 0.2665 
 0.2665 
 0.2665 
 0.2665 
 0.2665 
 0.2665 
 0.2665 
 0.2665 
 0.2665 
 0.2665 
 0.2665 
 0.2665 
 0.2665 
 0.2665 
 0.2665 
 0.2665 
 -0.2665 
 -0.2665 
 -0.2665 
 -0.2665 
 -0.2665 
 -0.2665 
 -0.2665 
 0.0000 
 0.0000 
 0.0000 
 0.0000 
 0.0000 
 0.0000 
 0.0000 
 0.0244 
 0.0283 
 0.0327 
 0.0376 
 0.0431 
 0.0491 
 0.0557 
 0.0629 
 0.0707 
 0.0791 
 0.0881 
 0.0977 
 0.1079 
 0.1185 
 0.1296 
 0.1411 
 0.1529 
 0.1650 
 0.1771 
 0.1893 
 0.2014 
 0.2133 
 0.2249 
 0.2360 
 0.2465 
 0.2563 
 0.2653 
 0.2733 
 0.2803 
 0.2862 
 0.2908 
 0.2942 
 0.2962 
 0.2969 
 0.2962 
 0.2942 
 0.2908 
 0.2862 
 0.2803 
 0.2733 
 0.2653 
 0.2563 
 0.2465 
 0.2360 
 0.2249 
 0.2133 
 0.2014 
 0.1893 
 0.1771 
 0.1650 
 0.1529 
 0.1411 
 0.1296 
 0.1185 
 0.1079 
 0.0977 
 0.0881 
 0.0791 
 0.0707 
 0.0629 
 0.0557 
 0.0491 
 0.0431 
 0.0376 
 0.0327 
 0.0283 
 0.2969 
 0.2969 
 0.2969 
 0.2969 
 0.2969 
 0.2969 
 0.2969 
 0.2969 
 0.2969 
 0.2969 
 0.2969 
 0.2969 
 0.2969 
 0.2969 
 0.2969 
 0.2969 
 0.2969 
 0.2969 
 0.2969 
 0.2969 
 -0.2969 
 -0.2969 
 -0.2969 
 -0.2969 
 -0.2969 
 -0.2969 
 -0.2969 
 0.0000 
 0.0000 
 0.0000 
 0.0000 
 0.0000 
 0.0000 
 0.0000 
 0.0270 
 0.0314 
 0.0363 
 0.0417 
 0.0477 
 0.0544 
 0.0617 
 0.0697 
 0.0784 
 0.0877 
 0.0977 
 0.1084 
 0.1196 
 0.1314 
 0.1437 
 0.1565 
 0.1696 
 0.1829 
 0.1964 
 0.2099 
 0.2233 
 0.2365 
 0.2494 
 0.2617 
 0.2733 
 0.2842 
 0.2942 
 0.3031 
 0.3108 
 0.3173 
 0.3225 
 0.3262 
 0.3284 
 0.3292 
 0.3284 
 0.3262 
 0.3225 
 0.3173 
 0.3108 
 0.3031 
 0.2942 
 0.2842 
 0.2733 
 0.2617 
 0.2494 
 0.2365 
 0.2233 
 0.2099 
 0.1964 
 0.1829 
 0.1696 
 0.1565 
 0.1437 
 0.1314 
 0.1196 
 0.1084 
 0.0977 
 0.0877 
 0.0784 
 0.0697 
 0.0617 
 0.0544 
 0.0477 
 0.0417 
 0.0363 
 0.0314 
 0.3292 
 0.3292 
 0.3292 
 0.3292 
 0.3292 
 0.3292 
 0.3292 
 0.3292 
 0.3292 
 0.3292 
 0.3292 
 0.3292 
 0.3292 
 0.3292 
 0.3292 
 0.3292 
 0.3292 
 0.3292 
 0.3292 
 0.3292 
 -0.3292 
 -0.3292 
 -0.3292 
 -0.3292 
 -0.3292 
 -0.3292 
 -0.3292 
 0.0000 
 0.0000 
 0.0000 
 0.0000 
 0.0000 
 0.0000 
 0.0000 
 0.0298 
 0.0346 
 0.0400 
 0.0460 
 0.0527 
 0.0601 
 0.0682 
 0.0770 
 0.0865 
 0.0968 
 0.1079 
 0.1196 
 0.1320 
 0.1451 
 0.1586 
 0.1727 
 0.1871 
 0.2019 
 0.2168 
 0.2317 
 0.2465 
 0.2611 
 0.2752 
 0.2888 
 0.3017 
 0.3137 
 0.3247 
 0.3345 
 0.3431 
 0.3502 
 0.3559 
 0.3600 
 0.3625 
 0.3633 
 0.3625 
 0.3600 
 0.3559 
 0.3502 
 0.3431 
 0.3345 
 0.3247 
 0.3137 
 0.3017 
 0.2888 
 0.2752 
 0.2611 
 0.2465 
 0.2317 
 0.2168 
 0.2019 
 0.1871 
 0.1727 
 0.1586 
 0.1451 
 0.1320 
 0.1196 
 0.1079 
 0.0968 
 0.0865 
 0.0770 
 0.0682 
 0.0601 
 0.0527 
 0.0460 
 0.0400 
 0.0346 
 0.3633 
 0.3633 
 0.3633 
 0.3633 
 0.3633 
 0.3633 
 0.3633 
 0.3633 
 0.3633 
 0.3633 
 0.3633 
 0.3633 
 0.3633 
 0.3633 
 0.3633 
 0.3633 
 0.3633 
 0.3633 
 0.3633 
 0.3633 
 -0.3633 
 -0.3633 
 -0.3633 
 -0.3633 
 -0.3633 
 -0.3633 
 -0.3633 
 0.0000 
 0.0000 
 0.0000 
 0.0000 
 0.0000 
 0.0000 
 0.0000 
 0.0328 
 0.0380 
 0.0440 
 0.0506 
 0.0579 
 0.0660 
 0.0749 
 0.0846 
 0.0951 
 0.1064 
 0.1185 
 0.1314 
 0.1451 
 0.1594 
 0.1743 
 0.1897 
 0.2056 
 0.2218 
 0.2382 
 0.2546 
 0.2708 
 0.2868 
 0.3024 
 0.3173 
 0.3315 
 0.3447 
 0.3567 
 0.3675 
 0.3769 
 0.3848 
 0.3910 
 0.3956 
 0.3983 
 0.3992 
 0.3983 
 0.3956 
 0.3910 
 0.3848 
 0.3769 
 0.3675 
 0.3567 
 0.3447 
 0.3315 
 0.3173 
 0.3024 
 0.2868 
 0.2708 
 0.2546 
 0.2382 
 0.2218 
 0.2056 
 0.1897 
 0.1743 
 0.1594 
 0.1451 
 0.1314 
 0.1185 
 0.1064 
 0.0951 
 0.0846 
 0.0749 
 0.0660 
 0.0579 
 0.0506 
 0.0440 
 0.0380 
 0.3992 
 0.3992 
 0.3992 
 0.3992 
 0.3992 
 0.3992 
 0.3992 
 0.3992 
 0.3992 
 0.3992 
 0.3992 
 0.3992 
 0.3992 
 0.3992 
 0.3992 
 0.3992 
 0.3992 
 0.3992 
 0.3992 
 0.3992 
 -0.3992 
 -0.3992 
 -0.3992 
 -0.3992 
 -0.3992 
 -0.3992 
 -0.3992 
 0.0000 
 0.0000 
 0.0000 
 0.0000 
 0.0000 
 0.0000 
 0.0000 
 0.0358 
 0.0416 
 0.0481 
 0.0553 
 0.0633 
 0.0722 
 0.0819 
 0.0925 
 0.1040 
 0.1164 
 0.1296 
 0.1437 
 0.1586 
 0.1743 
 0.1906 
 0.2075 
 0.2249 
 0.2426 
 0.2605 
 0.2784 
 0.2962 
 0.3137 
 0.3307 
 0.3470 
 0.3625 
 0.3769 
 0.3901 
 0.4020 
 0.4122 
 0.4209 
 0.4277 
 0.4326 
 0.4356 
 0.4366 
 0.4356 
 0.4326 
 0.4277 
 0.4209 
 0.4122 
 0.4020 
 0.3901 
 0.3769 
 0.3625 
 0.3470 
 0.3307 
 0.3137 
 0.2962 
 0.2784 
 0.2605 
 0.2426 
 0.2249 
 0.2075 
 0.1906 
 0.1743 
 0.1586 
 0.1437 
 0.1296 
 0.1164 
 0.1040 
 0.0925 
 0.0819 
 0.0722 
 0.0633 
 0.0553 
 0.0481 
 0.0416 
 0.4366 
 0.4366 
 0.4366 
 0.4366 
 0.4366 
 0.4366 
 0.4366 
 0.4366 
 0.4366 
 0.4366 
 0.4366 
 0.4366 
 0.4366 
 0.4366 
 0.4366 
 0.4366 
 0.4366 
 0.4366 
 0.4366 
 0.4366 
 -0.4366 
 -0.4366 
 -0.4366 
 -0.4366 
 -0.4366 
 -0.4366 
 -0.4366 
 0.0000 
 0.0000 
 0.0000 
 0.0000 
 0.0000 
 0.0000 
 0.0000 
 0.0390 
 0.0453 
 0.0523 
 0.0602 
 0.0689 
 0.0786 
 0.0892 
 0.1007 
 0.1132 
 0.1267 
 0.1411 
 0.1565 
 0.1727 
 0.1897 
 0.2075 
 0.2259 
 0.2448 
 0.2641 
 0.2836 
 0.3031 
 0.3225 
 0.3415 
 0.3600 
 0.3778 
 0.3947 
 0.4104 
 0.4247 
 0.4376 
 0.4488 
 0.4582 
 0.4656 
 0.4710 
 0.4742 
 0.4753 
 0.4742 
 0.4710 
 0.4656 
 0.4582 
 0.4488 
 0.4376 
 0.4247 
 0.4104 
 0.3947 
 0.3778 
 0.3600 
 0.3415 
 0.3225 
 0.3031 
 0.2836 
 0.2641 
 0.2448 
 0.2259 
 0.2075 
 0.1897 
 0.1727 
 0.1565 
 0.1411 
 0.1267 
 0.1132 
 0.1007 
 0.0892 
 0.0786 
 0.0689 
 0.0602 
 0.0523 
 0.0453 
 0.4753 
 0.4753 
 0.4753 
 0.4753 
 0.4753 
 0.4753 
 0.4753 
 0.4753 
 0.4753 
 0.4753 
 0.4753 
 0.4753 
 0.4753 
 0.4753 
 0.4753 
 0.4753 
 0.4753 
 0.4753 
 0.4753 
 0.4753 
 -0.4753 
 -0.4753 
 -0.4753 
 -0.4753 
 -0.4753 
 -0.4753 
 -0.4753 
 0.0000 
 0.0000 
 0.0000 
 0.0000 
 0.0000 
 0.0000 
 0.0000 
 0.0423 
 0.0491 
 0.0567 
 0.0652 
 0.0747 
 0.0852 
 0.0966 
 0.1091 
 0.1227 
 0.1373 
 0.1529 
 0.1696 
 0.1871 
 0.2056 
 0.2249 
 0.2448 
 0.2653 
 0.2862 
 0.3073 
 0.3284 
 0.3494 
 0.3701 
 0.3901 
 0.4094 
 0.4277 
 0.4447 
 0.4603 
 0.4742 
 0.4863 
 0.4965 
 0.5045 
 0.5104 
 0.5139 
 0.5151 
 0.5139 
 0.5104 
 0.5045 
 0.4965 
 0.4863 
 0.4742 
 0.4603 
 0.4447 
 0.4277 
 0.4094 
 0.3901 
 0.3701 
 0.3494 
 0.3284 
 0.3073 
 0.2862 
 0.2653 
 0.2448 
 0.2249 
 0.2056 
 0.1871 
 0.1696 
 0.1529 
 0.1373 
 0.1227 
 0.1091 
 0.0966 
 0.0852 
 0.0747 
 0.0652 
 0.0567 
 0.0491 
 0.5151 
 0.5151 
 0.5151 
 0.5151 
 0.5151 
 0.5151 
 0.5151 
 0.5151 
 0.5151 
 0.5151 
 0.5151 
 0.5151 
 0.5151 
 0.5151 
 0.5151 
 0.5151 
 0.5151 
 0.5151 
 0.5151 
 0.5151 
 -0.5151 
 -0.5151 
 -0.5151 
 -0.5151 
 -0.5151 
 -0.5151 
 -0.5151 
 0.0000 
 0.0000 
 0.0000 
 0.0000 
 0.0000 
 0.0000 
 0.0000 
 0.0456 
 0.0529 
 0.0612 
 0.0704 
 0.0806 
 0.0919 
 0.1042 
 0.1177 
 0.1323 
 0.1481 
 0.1650 
 0.1829 
 0.2019 
 0.2218 
 0.2426 
 0.2641 
 0.2862 
 0.3087 
 0.3315 
 0.3543 
 0.3769 
 0.3992 
 0.4209 
 0.4416 
 0.4613 
 0.4797 
 0.4965 
 0.5115 
 0.5246 
 0.5356 
 0.5442 
 0.5505 
 0.5543 
 0.5556 
 0.5543 
 0.5505 
 0.5442 
 0.5356 
 0.5246 
 0.5115 
 0.4965 
 0.4797 
 0.4613 
 0.4416 
 0.4209 
 0.3992 
 0.3769 
 0.3543 
 0.3315 
 0.3087 
 0.2862 
 0.2641 
 0.2426 
 0.2218 
 0.2019 
 0.1829 
 0.1650 
 0.1481 
 0.1323 
 0.1177 
 0.1042 
 0.0919 
 0.0806 
 0.0704 
 0.0612 
 0.0529 
 0.5556 
 0.5556 
 0.5556 
 0.5556 
 0.5556 
 0.5556 
 0.5556 
 0.5556 
 0.5556 
 0.5556 
 0.5556 
 0.5556 
 0.5556 
 0.5556 
 0.5556 
 0.5556 
 0.5556 
 0.5556 
 0.5556 
 0.5556 
 -0.5556 
 -0.5556 
 -0.5556 
 -0.5556 
 -0.5556 
 -0.5556 
 -0.5556 
 0.0000 
 0.0000 
 0.0000 
 0.0000 
 0.0000 
 0.0000 
 0.0000 
 0.0490 
 0.0569 
 0.0657 
 0.0756 
 0.0865 
 0.0986 
 0.1119 
 0.1264 
 0.1421 
 0.1590 
 0.1771 
 0.1964 
 0.2168 
 0.2382 
 0.2605 
 0.2836 
 0.3073 
 0.3315 
 0.3559 
 0.3804 
 0.4047 
 0.4287 
 0.4519 
 0.4742 
 0.4954 
 0.5151 
 0.5331 
 0.5493 
 0.5633 
 0.5751 
 0.5844 
 0.5911 
 0.5952 
 0.5966 
 0.5952 
 0.5911 
 0.5844 
 0.5751 
 0.5633 
 0.5493 
 0.5331 
 0.5151 
 0.4954 
 0.4742 
 0.4519 
 0.4287 
 0.4047 
 0.3804 
 0.3559 
 0.3315 
 0.3073 
 0.2836 
 0.2605 
 0.2382 
 0.2168 
 0.1964 
 0.1771 
 0.1590 
 0.1421 
 0.1264 
 0.1119 
 0.0986 
 0.0865 
 0.0756 
 0.0657 
 0.0569 
 0.5966 
 0.5966 
 0.5966 
 0.5966 
 0.5966 
 0.5966 
 0.5966 
 0.5966 
 0.5966 
 0.5966 
 0.5966 
 0.5966 
 0.5966 
 0.5966 
 0.5966 
 0.5966 
 0.5966 
 0.5966 
 0.5966 
 0.5966 
 -0.5966 
 -0.5966 
 -0.5966 
 -0.5966 
 -0.5966 
 -0.5966 
 -0.5966 
 0.0000 
 0.0000 
 0.0000 
 0.0000 
 0.0000 
 0.0000 
 0.0000 
 0.0523 
 0.0608 
 0.0702 
 0.0808 
 0.0925 
 0.1054 
 0.1196 
 0.1351 
 0.1519 
 0.1699 
 0.1893 
 0.2099 
 0.2317 
 0.2546 
 0.2784 
 0.3031 
 0.3284 
 0.3543 
 0.3804 
 0.4066 
 0.4326 
 0.4582 
 0.4830 
 0.5069 
 0.5295 
 0.5505 
 0.5698 
 0.5871 
 0.6021 
 0.6147 
 0.6246 
 0.6318 
 0.6362 
 0.6377 
 0.6362 
 0.6318 
 0.6246 
 0.6147 
 0.6021 
 0.5871 
 0.5698 
 0.5505 
 0.5295 
 0.5069 
 0.4830 
 0.4582 
 0.4326 
 0.4066 
 0.3804 
 0.3543 
 0.3284 
 0.3031 
 0.2784 
 0.2546 
 0.2317 
 0.2099 
 0.1893 
 0.1699 
 0.1519 
 0.1351 
 0.1196 
 0.1054 
 0.0925 
 0.0808 
 0.0702 
 0.0608 
 0.6377 
 0.6377 
 0.6377 
 0.6377 
 0.6377 
 0.6377 
 0.6377 
 0.6377 
 0.6377 
 0.6377 
 0.6377 
 0.6377 
 0.6377 
 0.6377 
 0.6377 
 0.6377 
 0.6377 
 0.6377 
 0.6377 
 0.6377 
 -0.6377 
 -0.6377 
 -0.6377 
 -0.6377 
 -0.6377 
 -0.6377 
 -0.6377 
 0.0000 
 0.0000 
 0.0000 
 0.0000 
 0.0000 
 0.0000 
 0.0000 
 0.0557 
 0.0647 
 0.0747 
 0.0859 
 0.0984 
 0.1122 
 0.1273 
 0.1437 
 0.1616 
 0.1808 
 0.2014 
 0.2233 
 0.2465 
 0.2708 
 0.2962 
 0.3225 
 0.3494 
 0.3769 
 0.4047 
 0.4326 
 0.4603 
 0.4875 
 0.5139 
 0.5393 
 0.5633 
 0.5857 
 0.6063 
 0.6246 
 0.6406 
 0.6540 
 0.6646 
 0.6722 
 0.6769 
 0.6784 
 0.6769 
 0.6722 
 0.6646 
 0.6540 
 0.6406 
 0.6246 
 0.6063 
 0.5857 
 0.5633 
 0.5393 
 0.5139 
 0.4875 
 0.4603 
 0.4326 
 0.4047 
 0.3769 
 0.3494 
 0.3225 
 0.2962 
 0.2708 
 0.2465 
 0.2233 
 0.2014 
 0.1808 
 0.1616 
 0.1437 
 0.1273 
 0.1122 
 0.0984 
 0.0859 
 0.0747 
 0.0647 
 0.6784 
 0.6784 
 0.6784 
 0.6784 
 0.6784 
 0.6784 
 0.6784 
 0.6784 
 0.6784 
 0.6784 
 0.6784 
 0.6784 
 0.6784 
 0.6784 
 0.6784 
 0.6784 
 0.6784 
 0.6784 
 0.6784 
 0.6784 
 -0.6784 
 -0.6784 
 -0.6784 
 -0.6784 
 -0.6784 
 -0.6784 
 -0.6784 
 0.0000 
 0.0000 
 0.0000 
 0.0000 
 0.0000 
 0.0000 
 0.0000 
 0.0590 
 0.0685 
 0.0791 
 0.0910 
 0.1042 
 0.1188 
 0.1348 
 0.1522 
 0.1711 
 0.1915 
 0.2133 
 0.2365 
 0.2611 
 0.2868 
 0.3137 
 0.3415 
 0.3701 
 0.3992 
 0.4287 
 0.4582 
 0.4875 
 0.5163 
 0.5442 
 0.5711 
 0.5966 
 0.6203 
 0.6421 
 0.6615 
 0.6784 
 0.6926 
 0.7038 
 0.7119 
 0.7169 
 0.7185 
 0.7169 
 0.7119 
 0.7038 
 0.6926 
 0.6784 
 0.6615 
 0.6421 
 0.6203 
 0.5966 
 0.5711 
 0.5442 
 0.5163 
 0.4875 
 0.4582 
 0.4287 
 0.3992 
 0.3701 
 0.3415 
 0.3137 
 0.2868 
 0.2611 
 0.2365 
 0.2133 
 0.1915 
 0.1711 
 0.1522 
 0.1348 
 0.1188 
 0.1042 
 0.0910 
 0.0791 
 0.0685 
 0.7185 
 0.7185 
 0.7185 
 0.7185 
 0.7185 
 0.7185 
 0.7185 
 0.7185 
 0.7185 
 0.7185 
 0.7185 
 0.7185 
 0.7185 
 0.7185 
 0.7185 
 0.7185 
 0.7185 
 0.7185 
 0.7185 
 0.7185 
 -0.7185 
 -0.7185 
 -0.7185 
 -0.7185 
 -0.7185 
 -0.7185 
 -0.7185 
 0.0000 
 0.0000 
 0.0000 
 0.0000 
 0.0000 
 0.0000 
 0.0000 
 0.0622 
 0.0722 
 0.0834 
 0.0960 
 0.1099 
 0.1252 
 0.1421 
 0.1605 
 0.1804 
 0.2019 
 0.2249 
 0.2494 
 0.2752 
 0.3024 
 0.3307 
 0.3600 
 0.3901 
 0.4209 
 0.4519 
 0.4830 
 0.5139 
 0.5442 
 0.5738 
 0.6021 
 0.6289 
 0.6540 
 0.6769 
 0.6974 
 0.7152 
 0.7301 
 0.7420 
 0.7505 
 0.7557 
 0.7575 
 0.7557 
 0.7505 
 0.7420 
 0.7301 
 0.7152 
 0.6974 
 0.6769 
 0.6540 
 0.6289 
 0.6021 
 0.5738 
 0.5442 
 0.5139 
 0.4830 
 0.4519 
 0.4209 
 0.3901 
 0.3600 
 0.3307 
 0.3024 
 0.2752 
 0.2494 
 0.2249 
 0.2019 
 0.1804 
 0.1605 
 0.1421 
 0.1252 
 0.1099 
 0.0960 
 0.0834 
 0.0722 
 0.7575 
 0.7575 
 0.7575 
 0.7575 
 0.7575 
 0.7575 
 0.7575 
 0.7575 
 0.7575 
 0.7575 
 0.7575 
 0.7575 
 0.7575 
 0.7575 
 0.7575 
 0.7575 
 0.7575 
 0.7575 
 0.7575 
 0.7575 
 -0.7575 
 -0.7575 
 -0.7575 
 -0.7575 
 -0.7575 
 -0.7575 
 -0.7575 
 0.0000 
 0.0000 
 0.0000 
 0.0000 
 0.0000 
 0.0000 
 0.0000 
 0.0652 
 0.0757 
 0.0875 
 0.1007 
 0.1153 
 0.1314 
 0.1491 
 0.1684 
 0.1893 
 0.2118 
 0.2360 
 0.2617 
 0.2888 
 0.3173 
 0.3470 
 0.3778 
 0.4094 
 0.4416 
 0.4742 
 0.5069 
 0.5393 
 0.5711 
 0.6021 
 0.6318 
 0.6600 
 0.6863 
 0.7103 
 0.7318 
 0.7505 
 0.7662 
 0.7786 
 0.7876 
 0.7931 
 0.7949 
 0.7931 
 0.7876 
 0.7786 
 0.7662 
 0.7505 
 0.7318 
 0.7103 
 0.6863 
 0.6600 
 0.6318 
 0.6021 
 0.5711 
 0.5393 
 0.5069 
 0.4742 
 0.4416 
 0.4094 
 0.3778 
 0.3470 
 0.3173 
 0.2888 
 0.2617 
 0.2360 
 0.2118 
 0.1893 
 0.1684 
 0.1491 
 0.1314 
 0.1153 
 0.1007 
 0.0875 
 0.0757 
 0.7949 
 0.7949 
 0.7949 
 0.7949 
 0.7949 
 0.7949 
 0.7949 
 0.7949 
 0.7949 
 0.7949 
 0.7949 
 0.7949 
 0.7949 
 0.7949 
 0.7949 
 0.7949 
 0.7949 
 0.7949 
 0.7949 
 0.7949 
 -0.7949 
 -0.7949 
 -0.7949 
 -0.7949 
 -0.7949 
 -0.7949 
 -0.7949 
 0.0000 
 0.0000 
 0.0000 
 0.0000 
 0.0000 
 0.0000 
 0.0000 
 0.0682 
 0.0791 
 0.0914 
 0.1052 
 0.1204 
 0.1373 
 0.1557 
 0.1759 
 0.1977 
 0.2213 
 0.2465 
 0.2733 
 0.3017 
 0.3315 
 0.3625 
 0.3947 
 0.4277 
 0.4613 
 0.4954 
 0.5295 
 0.5633 
 0.5966 
 0.6289 
 0.6600 
 0.6894 
 0.7169 
 0.7420 
 0.7645 
 0.7840 
 0.8004 
 0.8133 
 0.8227 
 0.8284 
 0.8303 
 0.8284 
 0.8227 
 0.8133 
 0.8004 
 0.7840 
 0.7645 
 0.7420 
 0.7169 
 0.6894 
 0.6600 
 0.6289 
 0.5966 
 0.5633 
 0.5295 
 0.4954 
 0.4613 
 0.4277 
 0.3947 
 0.3625 
 0.3315 
 0.3017 
 0.2733 
 0.2465 
 0.2213 
 0.1977 
 0.1759 
 0.1557 
 0.1373 
 0.1204 
 0.1052 
 0.0914 
 0.0791 
 0.8303 
 0.8303 
 0.8303 
 0.8303 
 0.8303 
 0.8303 
 0.8303 
 0.8303 
 0.8303 
 0.8303 
 0.8303 
 0.8303 
 0.8303 
 0.8303 
 0.8303 
 0.8303 
 0.8303 
 0.8303 
 0.8303 
 0.8303 
 -0.8303 
 -0.8303 
 -0.8303 
 -0.8303 
 -0.8303 
 -0.8303 
 -0.8303 
 0.0000 
 0.0000 
 0.0000 
 0.0000 
 0.0000 
 0.0000 
 0.0000 
 0.0709 
 0.0823 
 0.0951 
 0.1094 
 0.1252 
 0.1427 
 0.1619 
 0.1829 
 0.2056 
 0.2301 
 0.2563 
 0.2842 
 0.3137 
 0.3447 
 0.3769 
 0.4104 
 0.4447 
 0.4797 
 0.5151 
 0.5505 
 0.5857 
 0.6203 
 0.6540 
 0.6863 
 0.7169 
 0.7454 
 0.7715 
 0.7949 
 0.8152 
 0.8322 
 0.8457 
 0.8555 
 0.8614 
 0.8634 
 0.8614 
 0.8555 
 0.8457 
 0.8322 
 0.8152 
 0.7949 
 0.7715 
 0.7454 
 0.7169 
 0.6863 
 0.6540 
 0.6203 
 0.5857 
 0.5505 
 0.5151 
 0.4797 
 0.4447 
 0.4104 
 0.3769 
 0.3447 
 0.3137 
 0.2842 
 0.2563 
 0.2301 
 0.2056 
 0.1829 
 0.1619 
 0.1427 
 0.1252 
 0.1094 
 0.0951 
 0.0823 
 0.8634 
 0.8634 
 0.8634 
 0.8634 
 0.8634 
 0.8634 
 0.8634 
 0.8634 
 0.8634 
 0.8634 
 0.8634 
 0.8634 
 0.8634 
 0.8634 
 0.8634 
 0.8634 
 0.8634 
 0.8634 
 0.8634 
 0.8634 
 -0.8634 
 -0.8634 
 -0.8634 
 -0.8634 
 -0.8634 
 -0.8634 
 -0.8634 
 0.0000 
 0.0000 
 0.0000 
 0.0000 
 0.0000 
 0.0000 
 0.0000 
 0.0734 
 0.0852 
 0.0984 
 0.1132 
 0.1296 
 0.1477 
 0.1676 
 0.1893 
 0.2128 
 0.2382 
 0.2653 
 0.2942 
 0.3247 
 0.3567 
 0.3901 
 0.4247 
 0.4603 
 0.4965 
 0.5331 
 0.5698 
 0.6063 
 0.6421 
 0.6769 
 0.7103 
 0.7420 
 0.7715 
 0.7985 
 0.8227 
 0.8438 
 0.8614 
 0.8753 
 0.8854 
 0.8916 
 0.8936 
 0.8916 
 0.8854 
 0.8753 
 0.8614 
 0.8438 
 0.8227 
 0.7985 
 0.7715 
 0.7420 
 0.7103 
 0.6769 
 0.6421 
 0.6063 
 0.5698 
 0.5331 
 0.4965 
 0.4603 
 0.4247 
 0.3901 
 0.3567 
 0.3247 
 0.2942 
 0.2653 
 0.2382 
 0.2128 
 0.1893 
 0.1676 
 0.1477 
 0.1296 
 0.1132 
 0.0984 
 0.0852 
 0.8936 
 0.8936 
 0.8936 
 0.8936 
 0.8936 
 0.8936 
 0.8936 
 0.8936 
 0.8936 
 0.8936 
 0.8936 
 0.8936 
 0.8936 
 0.8936 
 0.8936 
 0.8936 
 0.8936 
 0.8936 
 0.8936 
 0.8936 
 -0.8936 
 -0.8936 
 -0.8936 
 -0.8936 
 -0.8936 
 -0.8936 
 -0.8936 
 0.0000 
 0.0000 
 0.0000 
 0.0000 
 0.0000 
 0.0000 
 0.0000 
 0.0756 
 0.0877 
 0.1014 
 0.1166 
 0.1335 
 0.1522 
 0.1727 
 0.1950 
 0.2193 
 0.2454 
 0.2733 
 0.3031 
 0.3345 
 0.3675 
 0.4020 
 0.4376 
 0.4742 
 0.5115 
 0.5493 
 0.5871 
 0.6246 
 0.6615 
 0.6974 
 0.7318 
 0.7645 
 0.7949 
 0.8227 
 0.8476 
 0.8693 
 0.8875 
 0.9019 
 0.9123 
 0.9186 
 0.9207 
 0.9186 
 0.9123 
 0.9019 
 0.8875 
 0.8693 
 0.8476 
 0.8227 
 0.7949 
 0.7645 
 0.7318 
 0.6974 
 0.6615 
 0.6246 
 0.5871 
 0.5493 
 0.5115 
 0.4742 
 0.4376 
 0.4020 
 0.3675 
 0.3345 
 0.3031 
 0.2733 
 0.2454 
 0.2193 
 0.1950 
 0.1727 
 0.1522 
 0.1335 
 0.1166 
 0.1014 
 0.0877 
 0.9207 
 0.9207 
 0.9207 
 0.9207 
 0.9207 
 0.9207 
 0.9207 
 0.9207 
 0.9207 
 0.9207 
 0.9207 
 0.9207 
 0.9207 
 0.9207 
 0.9207 
 0.9207 
 0.9207 
 0.9207 
 0.9207 
 0.9207 
 -0.9207 
 -0.9207 
 -0.9207 
 -0.9207 
 -0.9207 
 -0.9207 
 -0.9207 
 0.0000 
 0.0000 
 0.0000 
 0.0000 
 0.0000 
 0.0000 
 0.0000 
 0.0775 
 0.0900 
 0.1040 
 0.1196 
 0.1370 
 0.1561 
 0.1771 
 0.2000 
 0.2249 
 0.2517 
 0.2803 
 0.3108 
 0.3431 
 0.3769 
 0.4122 
 0.4488 
 0.4863 
 0.5246 
 0.5633 
 0.6021 
 0.6406 
 0.6784 
 0.7152 
 0.7505 
 0.7840 
 0.8152 
 0.8438 
 0.8693 
 0.8916 
 0.9102 
 0.9249 
 0.9356 
 0.9421 
 0.9442 
 0.9421 
 0.9356 
 0.9249 
 0.9102 
 0.8916 
 0.8693 
 0.8438 
 0.8152 
 0.7840 
 0.7505 
 0.7152 
 0.6784 
 0.6406 
 0.6021 
 0.5633 
 0.5246 
 0.4863 
 0.4488 
 0.4122 
 0.3769 
 0.3431 
 0.3108 
 0.2803 
 0.2517 
 0.2249 
 0.2000 
 0.1771 
 0.1561 
 0.1370 
 0.1196 
 0.1040 
 0.0900 
 0.9442 
 0.9442 
 0.9442 
 0.9442 
 0.9442 
 0.9442 
 0.9442 
 0.9442 
 0.9442 
 0.9442 
 0.9442 
 0.9442 
 0.9442 
 0.9442 
 0.9442 
 0.9442 
 0.9442 
 0.9442 
 0.9442 
 0.9442 
 -0.9442 
 -0.9442 
 -0.9442 
 -0.9442 
 -0.9442 
 -0.9442 
 -0.9442 
 0.0000 
 0.0000 
 0.0000 
 0.0000 
 0.0000 
 0.0000 
 0.0000 
 0.0791 
 0.0919 
 0.1062 
 0.1221 
 0.1398 
 0.1594 
 0.1808 
 0.2042 
 0.2296 
 0.2569 
 0.2862 
 0.3173 
 0.3502 
 0.3848 
 0.4209 
 0.4582 
 0.4965 
 0.5356 
 0.5751 
 0.6147 
 0.6540 
 0.6926 
 0.7301 
 0.7662 
 0.8004 
 0.8322 
 0.8614 
 0.8875 
 0.9102 
 0.9292 
 0.9442 
 0.9551 
 0.9617 
 0.9639 
 0.9617 
 0.9551 
 0.9442 
 0.9292 
 0.9102 
 0.8875 
 0.8614 
 0.8322 
 0.8004 
 0.7662 
 0.7301 
 0.6926 
 0.6540 
 0.6147 
 0.5751 
 0.5356 
 0.4965 
 0.4582 
 0.4209 
 0.3848 
 0.3502 
 0.3173 
 0.2862 
 0.2569 
 0.2296 
 0.2042 
 0.1808 
 0.1594 
 0.1398 
 0.1221 
 0.1062 
 0.0919 
 0.9639 
 0.9639 
 0.9639 
 0.9639 
 0.9639 
 0.9639 
 0.9639 
 0.9639 
 0.9639 
 0.9639 
 0.9639 
 0.9639 
 0.9639 
 0.9639 
 0.9639 
 0.9639 
 0.9639 
 0.9639 
 0.9639 
 0.9639 
 -0.9639 
 -0.9639 
 -0.9639 
 -0.9639 
 -0.9639 
 -0.9639 
 -0.9639 
 0.0000 
 0.0000 
 0.0000 
 0.0000 
 0.0000 
 0.0000 
 0.0000 
 0.0804 
 0.0933 
 0.1079 
 0.1241 
 0.1421 
 0.1619 
 0.1837 
 0.2075 
 0.2333 
 0.2611 
 0.2908 
 0.3225 
 0.3559 
 0.3910 
 0.4277 
 0.4656 
 0.5045 
 0.5442 
 0.5844 
 0.6246 
 0.6646 
 0.7038 
 0.7420 
 0.7786 
 0.8133 
 0.8457 
 0.8753 
 0.9019 
 0.9249 
 0.9442 
 0.9595 
 0.9706 
 0.9773 
 0.9796 
 0.9773 
 0.9706 
 0.9595 
 0.9442 
 0.9249 
 0.9019 
 0.8753 
 0.8457 
 0.8133 
 0.7786 
 0.7420 
 0.7038 
 0.6646 
 0.6246 
 0.5844 
 0.5442 
 0.5045 
 0.4656 
 0.4277 
 0.3910 
 0.3559 
 0.3225 
 0.2908 
 0.2611 
 0.2333 
 0.2075 
 0.1837 
 0.1619 
 0.1421 
 0.1241 
 0.1079 
 0.0933 
 0.9796 
 0.9796 
 0.9796 
 0.9796 
 0.9796 
 0.9796 
 0.9796 
 0.9796 
 0.9796 
 0.9796 
 0.9796 
 0.9796 
 0.9796 
 0.9796 
 0.9796 
 0.9796 
 0.9796 
 0.9796 
 0.9796 
 0.9796 
 -0.9796 
 -0.9796 
 -0.9796 
 -0.9796 
 -0.9796 
 -0.9796 
 -0.9796 
 0.0000 
 0.0000 
 0.0000 
 0.0000 
 0.0000 
 0.0000 
 0.0000 
 0.0813 
 0.0944 
 0.1091 
 0.1255 
 0.1437 
 0.1638 
 0.1859 
 0.2099 
 0.2360 
 0.2641 
 0.2942 
 0.3262 
 0.3600 
 0.3956 
 0.4326 
 0.4710 
 0.5104 
 0.5505 
 0.5911 
 0.6318 
 0.6722 
 0.7119 
 0.7505 
 0.7876 
 0.8227 
 0.8555 
 0.8854 
 0.9123 
 0.9356 
 0.9551 
 0.9706 
 0.9818 
 0.9886 
 0.9909 
 0.9886 
 0.9818 
 0.9706 
 0.9551 
 0.9356 
 0.9123 
 0.8854 
 0.8555 
 0.8227 
 0.7876 
 0.7505 
 0.7119 
 0.6722 
 0.6318 
 0.5911 
 0.5505 
 0.5104 
 0.4710 
 0.4326 
 0.3956 
 0.3600 
 0.3262 
 0.2942 
 0.2641 
 0.2360 
 0.2099 
 0.1859 
 0.1638 
 0.1437 
 0.1255 
 0.1091 
 0.0944 
 0.9909 
 0.9909 
 0.9909 
 0.9909 
 0.9909 
 0.9909 
 0.9909 
 0.9909 
 0.9909 
 0.9909 
 0.9909 
 0.9909 
 0.9909 
 0.9909 
 0.9909 
 0.9909 
 0.9909 
 0.9909 
 0.9909 
 0.9909 
 -0.9909 
 -0.9909 
 -0.9909 
 -0.9909 
 -0.9909 
 -0.9909 
 -0.9909 
 0.0000 
 0.0000 
 0.0000 
 0.0000 
 0.0000 
 0.0000 
 0.0000 
 0.0819 
 0.0951 
 0.1099 
 0.1264 
 0.1447 
 0.1650 
 0.1871 
 0.2114 
 0.2376 
 0.2659 
 0.2962 
 0.3284 
 0.3625 
 0.3983 
 0.4356 
 0.4742 
 0.5139 
 0.5543 
 0.5952 
 0.6362 
 0.6769 
 0.7169 
 0.7557 
 0.7931 
 0.8284 
 0.8614 
 0.8916 
 0.9186 
 0.9421 
 0.9617 
 0.9773 
 0.9886 
 0.9954 
 0.9977 
 0.9954 
 0.9886 
 0.9773 
 0.9617 
 0.9421 
 0.9186 
 0.8916 
 0.8614 
 0.8284 
 0.7931 
 0.7557 
 0.7169 
 0.6769 
 0.6362 
 0.5952 
 0.5543 
 0.5139 
 0.4742 
 0.4356 
 0.3983 
 0.3625 
 0.3284 
 0.2962 
 0.2659 
 0.2376 
 0.2114 
 0.1871 
 0.1650 
 0.1447 
 0.1264 
 0.1099 
 0.0951 
 0.9977 
 0.9977 
 0.9977 
 0.9977 
 0.9977 
 0.9977 
 0.9977 
 0.9977 
 0.9977 
 0.9977 
 0.9977 
 0.9977 
 0.9977 
 0.9977 
 0.9977 
 0.9977 
 0.9977 
 0.9977 
 0.9977 
 0.9977 
 -0.9977 
 -0.9977 
 -0.9977 
 -0.9977 
 -0.9977 
 -0.9977 
 -0.9977 
 0.0000 
 0.0000 
 0.0000 
 0.0000 
 0.0000 
 0.0000 
 0.0000 
 0.0821 
 0.0953 
 0.1101 
 0.1267 
 0.1451 
 0.1653 
 0.1876 
 0.2118 
 0.2382 
 0.2665 
 0.2969 
 0.3292 
 0.3633 
 0.3992 
 0.4366 
 0.4753 
 0.5151 
 0.5556 
 0.5966 
 0.6377 
 0.6784 
 0.7185 
 0.7575 
 0.7949 
 0.8303 
 0.8634 
 0.8936 
 0.9207 
 0.9442 
 0.9639 
 0.9796 
 0.9909 
 0.9977 
 1.0000 
 0.9977 
 0.9909 
 0.9796 
 0.9639 
 0.9442 
 0.9207 
 0.8936 
 0.8634 
 0.8303 
 0.7949 
 0.7575 
 0.7185 
 0.6784 
 0.6377 
 0.5966 
 0.5556 
 0.5151 
 0.4753 
 0.4366 
 0.3992 
 0.3633 
 0.3292 
 0.2969 
 0.2665 
 0.2382 
 0.2118 
 0.1876 
 0.1653 
 0.1451 
 0.1267 
 0.1101 
 0.0953 
 1.0000 
 1.0000 
 1.0000 
 1.0000 
 1.0000 
 1.0000 
 1.0000 
 1.0000 
 1.0000 
 1.0000 
 1.0000 
 1.0000 
 1.0000 
 1.0000 
 1.0000 
 1.0000 
 1.0000 
 1.0000 
 1.0000 
 1.0000 
 -1.0000 
 -1.0000 
 -1.0000 
 -1.0000 
 -1.0000 
 -1.0000 
 -1.0000 
 0.0000 
 0.0000 
 0.0000 
 0.0000 
 0.0000 
 0.0000 
 0.0000 
 0.0819 
 0.0951 
 0.1099 
 0.1264 
 0.1447 
 0.1650 
 0.1871 
 0.2114 
 0.2376 
 0.2659 
 0.2962 
 0.3284 
 0.3625 
 0.3983 
 0.4356 
 0.4742 
 0.5139 
 0.5543 
 0.5952 
 0.6362 
 0.6769 
 0.7169 
 0.7557 
 0.7931 
 0.8284 
 0.8614 
 0.8916 
 0.9186 
 0.9421 
 0.9617 
 0.9773 
 0.9886 
 0.9954 
 0.9977 
 0.9954 
 0.9886 
 0.9773 
 0.9617 
 0.9421 
 0.9186 
 0.8916 
 0.8614 
 0.8284 
 0.7931 
 0.7557 
 0.7169 
 0.6769 
 0.6362 
 0.5952 
 0.5543 
 0.5139 
 0.4742 
 0.4356 
 0.3983 
 0.3625 
 0.3284 
 0.2962 
 0.2659 
 0.2376 
 0.2114 
 0.1871 
 0.1650 
 0.1447 
 0.1264 
 0.1099 
 0.0951 
 0.9977 
 0.9977 
 0.9977 
 0.9977 
 0.9977 
 0.9977 
 0.9977 
 0.9977 
 0.9977 
 0.9977 
 0.9977 
 0.9977 
 0.9977 
 0.9977 
 0.9977 
 0.9977 
 0.9977 
 0.9977 
 0.9977 
 0.9977 
 -0.9977 
 -0.9977 
 -0.9977 
 -0.9977 
 -0.9977 
 -0.9977 
 -0.9977 
 0.0000 
 0.0000 
 0.0000 
 0.0000 
 0.0000 
 0.0000 
 0.0000 
 0.0813 
 0.0944 
 0.1091 
 0.1255 
 0.1437 
 0.1638 
 0.1859 
 0.2099 
 0.2360 
 0.2641 
 0.2942 
 0.3262 
 0.3600 
 0.3956 
 0.4326 
 0.4710 
 0.5104 
 0.5505 
 0.5911 
 0.6318 
 0.6722 
 0.7119 
 0.7505 
 0.7876 
 0.8227 
 0.8555 
 0.8854 
 0.9123 
 0.9356 
 0.9551 
 0.9706 
 0.9818 
 0.9886 
 0.9909 
 0.9886 
 0.9818 
 0.9706 
 0.9551 
 0.9356 
 0.9123 
 0.8854 
 0.8555 
 0.8227 
 0.7876 
 0.7505 
 0.7119 
 0.6722 
 0.6318 
 0.5911 
 0.5505 
 0.5104 
 0.4710 
 0.4326 
 0.3956 
 0.3600 
 0.3262 
 0.2942 
 0.2641 
 0.2360 
 0.2099 
 0.1859 
 0.1638 
 0.1437 
 0.1255 
 0.1091 
 0.0944 
 0.9909 
 0.9909 
 0.9909 
 0.9909 
 0.9909 
 0.9909 
 0.9909 
 0.9909 
 0.9909 
 0.9909 
 0.9909 
 0.9909 
 0.9909 
 0.9909 
 0.9909 
 0.9909 
 0.9909 
 0.9909 
 0.9909 
 0.9909 
 -0.9909 
 -0.9909 
 -0.9909 
 -0.9909 
 -0.9909 
 -0.9909 
 -0.9909 
 0.0000 
 0.0000 
 0.0000 
 0.0000 
 0.0000 
 0.0000 
 0.0000 
 0.0804 
 0.0933 
 0.1079 
 0.1241 
 0.1421 
 0.1619 
 0.1837 
 0.2075 
 0.2333 
 0.2611 
 0.2908 
 0.3225 
 0.3559 
 0.3910 
 0.4277 
 0.4656 
 0.5045 
 0.5442 
 0.5844 
 0.6246 
 0.6646 
 0.7038 
 0.7420 
 0.7786 
 0.8133 
 0.8457 
 0.8753 
 0.9019 
 0.9249 
 0.9442 
 0.9595 
 0.9706 
 0.9773 
 0.9796 
 0.9773 
 0.9706 
 0.9595 
 0.9442 
 0.9249 
 0.9019 
 0.8753 
 0.8457 
 0.8133 
 0.7786 
 0.7420 
 0.7038 
 0.6646 
 0.6246 
 0.5844 
 0.5442 
 0.5045 
 0.4656 
 0.4277 
 0.3910 
 0.3559 
 0.3225 
 0.2908 
 0.2611 
 0.2333 
 0.2075 
 0.1837 
 0.1619 
 0.1421 
 0.1241 
 0.1079 
 0.0933 
 0.9796 
 0.9796 
 0.9796 
 0.9796 
 0.9796 
 0.9796 
 0.9796 
 0.9796 
 0.9796 
 0.9796 
 0.9796 
 0.9796 
 0.9796 
 0.9796 
 0.9796 
 0.9796 
 0.9796 
 0.9796 
 0.9796 
 0.9796 
 -0.9796 
 -0.9796 
 -0.9796 
 -0.9796 
 -0.9796 
 -0.9796 
 -0.9796 
 0.0000 
 0.0000 
 0.0000 
 0.0000 
 0.0000 
 0.0000 
 0.0000 
 0.0791 
 0.0919 
 0.1062 
 0.1221 
 0.1398 
 0.1594 
 0.1808 
 0.2042 
 0.2296 
 0.2569 
 0.2862 
 0.3173 
 0.3502 
 0.3848 
 0.4209 
 0.4582 
 0.4965 
 0.5356 
 0.5751 
 0.6147 
 0.6540 
 0.6926 
 0.7301 
 0.7662 
 0.8004 
 0.8322 
 0.8614 
 0.8875 
 0.9102 
 0.9292 
 0.9442 
 0.9551 
 0.9617 
 0.9639 
 0.9617 
 0.9551 
 0.9442 
 0.9292 
 0.9102 
 0.8875 
 0.8614 
 0.8322 
 0.8004 
 0.7662 
 0.7301 
 0.6926 
 0.6540 
 0.6147 
 0.5751 
 0.5356 
 0.4965 
 0.4582 
 0.4209 
 0.3848 
 0.3502 
 0.3173 
 0.2862 
 0.2569 
 0.2296 
 0.2042 
 0.1808 
 0.1594 
 0.1398 
 0.1221 
 0.1062 
 0.0919 
 0.9639 
 0.9639 
 0.9639 
 0.9639 
 0.9639 
 0.9639 
 0.9639 
 0.9639 
 0.9639 
 0.9639 
 0.9639 
 0.9639 
 0.9639 
 0.9639 
 0.9639 
 0.9639 
 0.9639 
 0.9639 
 0.9639 
 0.9639 
 -0.9639 
 -0.9639 
 -0.9639 
 -0.9639 
 -0.9639 
 -0.9639 
 -0.9639 
 0.0000 
 0.0000 
 0.0000 
 0.0000 
 0.0000 
 0.0000 
 0.0000 
 0.0775 
 0.0900 
 0.1040 
 0.1196 
 0.1370 
 0.1561 
 0.1771 
 0.2000 
 0.2249 
 0.2517 
 0.2803 
 0.3108 
 0.3431 
 0.3769 
 0.4122 
 0.4488 
 0.4863 
 0.5246 
 0.5633 
 0.6021 
 0.6406 
 0.6784 
 0.7152 
 0.7505 
 0.7840 
 0.8152 
 0.8438 
 0.8693 
 0.8916 
 0.9102 
 0.9249 
 0.9356 
 0.9421 
 0.9442 
 0.9421 
 0.9356 
 0.9249 
 0.9102 
 0.8916 
 0.8693 
 0.8438 
 0.8152 
 0.7840 
 0.7505 
 0.7152 
 0.6784 
 0.6406 
 0.6021 
 0.5633 
 0.5246 
 0.4863 
 0.4488 
 0.4122 
 0.3769 
 0.3431 
 0.3108 
 0.2803 
 0.2517 
 0.2249 
 0.2000 
 0.1771 
 0.1561 
 0.1370 
 0.1196 
 0.1040 
 0.0900 
 0.9442 
 0.9442 
 0.9442 
 0.9442 
 0.9442 
 0.9442 
 0.9442 
 0.9442 
 0.9442 
 0.9442 
 0.9442 
 0.9442 
 0.9442 
 0.9442 
 0.9442 
 0.9442 
 0.9442 
 0.9442 
 0.9442 
 0.9442 
 -0.9442 
 -0.9442 
 -0.9442 
 -0.9442 
 -0.9442 
 -0.9442 
 -0.9442 
 0.0000 
 0.0000 
 0.0000 
 0.0000 
 0.0000 
 0.0000 
 0.0000 
 0.0756 
 0.0877 
 0.1014 
 0.1166 
 0.1335 
 0.1522 
 0.1727 
 0.1950 
 0.2193 
 0.2454 
 0.2733 
 0.3031 
 0.3345 
 0.3675 
 0.4020 
 0.4376 
 0.4742 
 0.5115 
 0.5493 
 0.5871 
 0.6246 
 0.6615 
 0.6974 
 0.7318 
 0.7645 
 0.7949 
 0.8227 
 0.8476 
 0.8693 
 0.8875 
 0.9019 
 0.9123 
 0.9186 
 0.9207 
 0.9186 
 0.9123 
 0.9019 
 0.8875 
 0.8693 
 0.8476 
 0.8227 
 0.7949 
 0.7645 
 0.7318 
 0.6974 
 0.6615 
 0.6246 
 0.5871 
 0.5493 
 0.5115 
 0.4742 
 0.4376 
 0.4020 
 0.3675 
 0.3345 
 0.3031 
 0.2733 
 0.2454 
 0.2193 
 0.1950 
 0.1727 
 0.1522 
 0.1335 
 0.1166 
 0.1014 
 0.0877 
 0.9207 
 0.9207 
 0.9207 
 0.9207 
 0.9207 
 0.9207 
 0.9207 
 0.9207 
 0.9207 
 0.9207 
 0.9207 
 0.9207 
 0.9207 
 0.9207 
 0.9207 
 0.9207 
 0.9207 
 0.9207 
 0.9207 
 0.9207 
 -0.9207 
 -0.9207 
 -0.9207 
 -0.9207 
 -0.9207 
 -0.9207 
 -0.9207 
 0.0000 
 0.0000 
 0.0000 
 0.0000 
 0.0000 
 0.0000 
 0.0000 
 0.0734 
 0.0852 
 0.0984 
 0.1132 
 0.1296 
 0.1477 
 0.1676 
 0.1893 
 0.2128 
 0.2382 
 0.2653 
 0.2942 
 0.3247 
 0.3567 
 0.3901 
 0.4247 
 0.4603 
 0.4965 
 0.5331 
 0.5698 
 0.6063 
 0.6421 
 0.6769 
 0.7103 
 0.7420 
 0.7715 
 0.7985 
 0.8227 
 0.8438 
 0.8614 
 0.8753 
 0.8854 
 0.8916 
 0.8936 
 0.8916 
 0.8854 
 0.8753 
 0.8614 
 0.8438 
 0.8227 
 0.7985 
 0.7715 
 0.7420 
 0.7103 
 0.6769 
 0.6421 
 0.6063 
 0.5698 
 0.5331 
 0.4965 
 0.4603 
 0.4247 
 0.3901 
 0.3567 
 0.3247 
 0.2942 
 0.2653 
 0.2382 
 0.2128 
 0.1893 
 0.1676 
 0.1477 
 0.1296 
 0.1132 
 0.0984 
 0.0852 
 0.8936 
 0.8936 
 0.8936 
 0.8936 
 0.8936 
 0.8936 
 0.8936 
 0.8936 
 0.8936 
 0.8936 
 0.8936 
 0.8936 
 0.8936 
 0.8936 
 0.8936 
 0.8936 
 0.8936 
 0.8936 
 0.8936 
 0.8936 
 -0.8936 
 -0.8936 
 -0.8936 
 -0.8936 
 -0.8936 
 -0.8936 
 -0.8936 
 0.0000 
 0.0000 
 0.0000 
 0.0000 
 0.0000 
 0.0000 
 0.0000 
 0.0709 
 0.0823 
 0.0951 
 0.1094 
 0.1252 
 0.1427 
 0.1619 
 0.1829 
 0.2056 
 0.2301 
 0.2563 
 0.2842 
 0.3137 
 0.3447 
 0.3769 
 0.4104 
 0.4447 
 0.4797 
 0.5151 
 0.5505 
 0.5857 
 0.6203 
 0.6540 
 0.6863 
 0.7169 
 0.7454 
 0.7715 
 0.7949 
 0.8152 
 0.8322 
 0.8457 
 0.8555 
 0.8614 
 0.8634 
 0.8614 
 0.8555 
 0.8457 
 0.8322 
 0.8152 
 0.7949 
 0.7715 
 0.7454 
 0.7169 
 0.6863 
 0.6540 
 0.6203 
 0.5857 
 0.5505 
 0.5151 
 0.4797 
 0.4447 
 0.4104 
 0.3769 
 0.3447 
 0.3137 
 0.2842 
 0.2563 
 0.2301 
 0.2056 
 0.1829 
 0.1619 
 0.1427 
 0.1252 
 0.1094 
 0.0951 
 0.0823 
 0.8634 
 0.8634 
 0.8634 
 0.8634 
 0.8634 
 0.8634 
 0.8634 
 0.8634 
 0.8634 
 0.8634 
 0.8634 
 0.8634 
 0.8634 
 0.8634 
 0.8634 
 0.8634 
 0.8634 
 0.8634 
 0.8634 
 0.8634 
 -0.8634 
 -0.8634 
 -0.8634 
 -0.8634 
 -0.8634 
 -0.8634 
 -0.8634 
 0.0000 
 0.0000 
 0.0000 
 0.0000 
 0.0000 
 0.0000 
 0.0000 
 0.0682 
 0.0791 
 0.0914 
 0.1052 
 0.1204 
 0.1373 
 0.1557 
 0.1759 
 0.1977 
 0.2213 
 0.2465 
 0.2733 
 0.3017 
 0.3315 
 0.3625 
 0.3947 
 0.4277 
 0.4613 
 0.4954 
 0.5295 
 0.5633 
 0.5966 
 0.6289 
 0.6600 
 0.6894 
 0.7169 
 0.7420 
 0.7645 
 0.7840 
 0.8004 
 0.8133 
 0.8227 
 0.8284 
 0.8303 
 0.8284 
 0.8227 
 0.8133 
 0.8004 
 0.7840 
 0.7645 
 0.7420 
 0.7169 
 0.6894 
 0.6600 
 0.6289 
 0.5966 
 0.5633 
 0.5295 
 0.4954 
 0.4613 
 0.4277 
 0.3947 
 0.3625 
 0.3315 
 0.3017 
 0.2733 
 0.2465 
 0.2213 
 0.1977 
 0.1759 
 0.1557 
 0.1373 
 0.1204 
 0.1052 
 0.0914 
 0.0791 
 0.8303 
 0.8303 
 0.8303 
 0.8303 
 0.8303 
 0.8303 
 0.8303 
 0.8303 
 0.8303 
 0.8303 
 0.8303 
 0.8303 
 0.8303 
 0.8303 
 0.8303 
 0.8303 
 0.8303 
 0.8303 
 0.8303 
 0.8303 
 -0.8303 
 -0.8303 
 -0.8303 
 -0.8303 
 -0.8303 
 -0.8303 
 -0.8303 
 0.0000 
 0.0000 
 0.0000 
 0.0000 
 0.0000 
 0.0000 
 0.0000 
 0.0652 
 0.0757 
 0.0875 
 0.1007 
 0.1153 
 0.1314 
 0.1491 
 0.1684 
 0.1893 
 0.2118 
 0.2360 
 0.2617 
 0.2888 
 0.3173 
 0.3470 
 0.3778 
 0.4094 
 0.4416 
 0.4742 
 0.5069 
 0.5393 
 0.5711 
 0.6021 
 0.6318 
 0.6600 
 0.6863 
 0.7103 
 0.7318 
 0.7505 
 0.7662 
 0.7786 
 0.7876 
 0.7931 
 0.7949 
 0.7931 
 0.7876 
 0.7786 
 0.7662 
 0.7505 
 0.7318 
 0.7103 
 0.6863 
 0.6600 
 0.6318 
 0.6021 
 0.5711 
 0.5393 
 0.5069 
 0.4742 
 0.4416 
 0.4094 
 0.3778 
 0.3470 
 0.3173 
 0.2888 
 0.2617 
 0.2360 
 0.2118 
 0.1893 
 0.1684 
 0.1491 
 0.1314 
 0.1153 
 0.1007 
 0.0875 
 0.0757 
 0.7949 
 0.7949 
 0.7949 
 0.7949 
 0.7949 
 0.7949 
 0.7949 
 0.7949 
 0.7949 
 0.7949 
 0.7949 
 0.7949 
 0.7949 
 0.7949 
 0.7949 
 0.7949 
 0.7949 
 0.7949 
 0.7949 
 0.7949 
 -0.7949 
 -0.7949 
 -0.7949 
 -0.7949 
 -0.7949 
 -0.7949 
 -0.7949 
 0.0000 
 0.0000 
 0.0000 
 0.0000 
 0.0000 
 0.0000 
 0.0000 
 0.0622 
 0.0722 
 0.0834 
 0.0960 
 0.1099 
 0.1252 
 0.1421 
 0.1605 
 0.1804 
 0.2019 
 0.2249 
 0.2494 
 0.2752 
 0.3024 
 0.3307 
 0.3600 
 0.3901 
 0.4209 
 0.4519 
 0.4830 
 0.5139 
 0.5442 
 0.5738 
 0.6021 
 0.6289 
 0.6540 
 0.6769 
 0.6974 
 0.7152 
 0.7301 
 0.7420 
 0.7505 
 0.7557 
 0.7575 
 0.7557 
 0.7505 
 0.7420 
 0.7301 
 0.7152 
 0.6974 
 0.6769 
 0.6540 
 0.6289 
 0.6021 
 0.5738 
 0.5442 
 0.5139 
 0.4830 
 0.4519 
 0.4209 
 0.3901 
 0.3600 
 0.3307 
 0.3024 
 0.2752 
 0.2494 
 0.2249 
 0.2019 
 0.1804 
 0.1605 
 0.1421 
 0.1252 
 0.1099 
 0.0960 
 0.0834 
 0.0722 
 0.7575 
 0.7575 
 0.7575 
 0.7575 
 0.7575 
 0.7575 
 0.7575 
 0.7575 
 0.7575 
 0.7575 
 0.7575 
 0.7575 
 0.7575 
 0.7575 
 0.7575 
 0.7575 
 0.7575 
 0.7575 
 0.7575 
 0.7575 
 -0.7575 
 -0.7575 
 -0.7575 
 -0.7575 
 -0.7575 
 -0.7575 
 -0.7575 
 0.0000 
 0.0000 
 0.0000 
 0.0000 
 0.0000 
 0.0000 
 0.0000 
 0.0590 
 0.0685 
 0.0791 
 0.0910 
 0.1042 
 0.1188 
 0.1348 
 0.1522 
 0.1711 
 0.1915 
 0.2133 
 0.2365 
 0.2611 
 0.2868 
 0.3137 
 0.3415 
 0.3701 
 0.3992 
 0.4287 
 0.4582 
 0.4875 
 0.5163 
 0.5442 
 0.5711 
 0.5966 
 0.6203 
 0.6421 
 0.6615 
 0.6784 
 0.6926 
 0.7038 
 0.7119 
 0.7169 
 0.7185 
 0.7169 
 0.7119 
 0.7038 
 0.6926 
 0.6784 
 0.6615 
 0.6421 
 0.6203 
 0.5966 
 0.5711 
 0.5442 
 0.5163 
 0.4875 
 0.4582 
 0.4287 
 0.3992 
 0.3701 
 0.3415 
 0.3137 
 0.2868 
 0.2611 
 0.2365 
 0.2133 
 0.1915 
 0.1711 
 0.1522 
 0.1348 
 0.1188 
 0.1042 
 0.0910 
 0.0791 
 0.0685 
 0.7185 
 0.7185 
 0.7185 
 0.7185 
 0.7185 
 0.7185 
 0.7185 
 0.7185 
 0.7185 
 0.7185 
 0.7185 
 0.7185 
 0.7185 
 0.7185 
 0.7185 
 0.7185 
 0.7185 
 0.7185 
 0.7185 
 0.7185 
 -0.7185 
 -0.7185 
 -0.7185 
 -0.7185 
 -0.7185 
 -0.7185 
 -0.7185 
 0.0000 
 0.0000 
 0.0000 
 0.0000 
 0.0000 
 0.0000 
 0.0000 
 0.0557 
 0.0647 
 0.0747 
 0.0859 
 0.0984 
 0.1122 
 0.1273 
 0.1437 
 0.1616 
 0.1808 
 0.2014 
 0.2233 
 0.2465 
 0.2708 
 0.2962 
 0.3225 
 0.3494 
 0.3769 
 0.4047 
 0.4326 
 0.4603 
 0.4875 
 0.5139 
 0.5393 
 0.5633 
 0.5857 
 0.6063 
 0.6246 
 0.6406 
 0.6540 
 0.6646 
 0.6722 
 0.6769 
 0.6784 
 0.6769 
 0.6722 
 0.6646 
 0.6540 
 0.6406 
 0.6246 
 0.6063 
 0.5857 
 0.5633 
 0.5393 
 0.5139 
 0.4875 
 0.4603 
 0.4326 
 0.4047 
 0.3769 
 0.3494 
 0.3225 
 0.2962 
 0.2708 
 0.2465 
 0.2233 
 0.2014 
 0.1808 
 0.1616 
 0.1437 
 0.1273 
 0.1122 
 0.0984 
 0.0859 
 0.0747 
 0.0647 
 0.6784 
 0.6784 
 0.6784 
 0.6784 
 0.6784 
 0.6784 
 0.6784 
 0.6784 
 0.6784 
 0.6784 
 0.6784 
 0.6784 
 0.6784 
 0.6784 
 0.6784 
 0.6784 
 0.6784 
 0.6784 
 0.6784 
 0.6784 
 -0.6784 
 -0.6784 
 -0.6784 
 -0.6784 
 -0.6784 
 -0.6784 
 -0.6784 
 0.0000 
 0.0000 
 0.0000 
 0.0000 
 0.0000 
 0.0000 
 0.0000 
 0.0523 
 0.0608 
 0.0702 
 0.0808 
 0.0925 
 0.1054 
 0.1196 
 0.1351 
 0.1519 
 0.1699 
 0.1893 
 0.2099 
 0.2317 
 0.2546 
 0.2784 
 0.3031 
 0.3284 
 0.3543 
 0.3804 
 0.4066 
 0.4326 
 0.4582 
 0.4830 
 0.5069 
 0.5295 
 0.5505 
 0.5698 
 0.5871 
 0.6021 
 0.6147 
 0.6246 
 0.6318 
 0.6362 
 0.6377 
 0.6362 
 0.6318 
 0.6246 
 0.6147 
 0.6021 
 0.5871 
 0.5698 
 0.5505 
 0.5295 
 0.5069 
 0.4830 
 0.4582 
 0.4326 
 0.4066 
 0.3804 
 0.3543 
 0.3284 
 0.3031 
 0.2784 
 0.2546 
 0.2317 
 0.2099 
 0.1893 
 0.1699 
 0.1519 
 0.1351 
 0.1196 
 0.1054 
 0.0925 
 0.0808 
 0.0702 
 0.0608 
 0.6377 
 0.6377 
 0.6377 
 0.6377 
 0.6377 
 0.6377 
 0.6377 
 0.6377 
 0.6377 
 0.6377 
 0.6377 
 0.6377 
 0.6377 
 0.6377 
 0.6377 
 0.6377 
 0.6377 
 0.6377 
 0.6377 
 0.6377 
 -0.6377 
 -0.6377 
 -0.6377 
 -0.6377 
 -0.6377 
 -0.6377 
 -0.6377 
 0.0000 
 0.0000 
 0.0000 
 0.0000 
 0.0000 
 0.0000 
 0.0000 
 0.0490 
 0.0569 
 0.0657 
 0.0756 
 0.0865 
 0.0986 
 0.1119 
 0.1264 
 0.1421 
 0.1590 
 0.1771 
 0.1964 
 0.2168 
 0.2382 
 0.2605 
 0.2836 
 0.3073 
 0.3315 
 0.3559 
 0.3804 
 0.4047 
 0.4287 
 0.4519 
 0.4742 
 0.4954 
 0.5151 
 0.5331 
 0.5493 
 0.5633 
 0.5751 
 0.5844 
 0.5911 
 0.5952 
 0.5966 
 0.5952 
 0.5911 
 0.5844 
 0.5751 
 0.5633 
 0.5493 
 0.5331 
 0.5151 
 0.4954 
 0.4742 
 0.4519 
 0.4287 
 0.4047 
 0.3804 
 0.3559 
 0.3315 
 0.3073 
 0.2836 
 0.2605 
 0.2382 
 0.2168 
 0.1964 
 0.1771 
 0.1590 
 0.1421 
 0.1264 
 0.1119 
 0.0986 
 0.0865 
 0.0756 
 0.0657 
 0.0569 
 0.5966 
 0.5966 
 0.5966 
 0.5966 
 0.5966 
 0.5966 
 0.5966 
 0.5966 
 0.5966 
 0.5966 
 0.5966 
 0.5966 
 0.5966 
 0.5966 
 0.5966 
 0.5966 
 0.5966 
 0.5966 
 0.5966 
 0.5966 
 -0.5966 
 -0.5966 
 -0.5966 
 -0.5966 
 -0.5966 
 -0.5966 
 -0.5966 
 0.0000 
 0.0000 
 0.0000 
 0.0000 
 0.0000 
 0.0000 
 0.0000 
 0.0456 
 0.0529 
 0.0612 
 0.0704 
 0.0806 
 0.0919 
 0.1042 
 0.1177 
 0.1323 
 0.1481 
 0.1650 
 0.1829 
 0.2019 
 0.2218 
 0.2426 
 0.2641 
 0.2862 
 0.3087 
 0.3315 
 0.3543 
 0.3769 
 0.3992 
 0.4209 
 0.4416 
 0.4613 
 0.4797 
 0.4965 
 0.5115 
 0.5246 
 0.5356 
 0.5442 
 0.5505 
 0.5543 
 0.5556 
 0.5543 
 0.5505 
 0.5442 
 0.5356 
 0.5246 
 0.5115 
 0.4965 
 0.4797 
 0.4613 
 0.4416 
 0.4209 
 0.3992 
 0.3769 
 0.3543 
 0.3315 
 0.3087 
 0.2862 
 0.2641 
 0.2426 
 0.2218 
 0.2019 
 0.1829 
 0.1650 
 0.1481 
 0.1323 
 0.1177 
 0.1042 
 0.0919 
 0.0806 
 0.0704 
 0.0612 
 0.0529 
 0.5556 
 0.5556 
 0.5556 
 0.5556 
 0.5556 
 0.5556 
 0.5556 
 0.5556 
 0.5556 
 0.5556 
 0.5556 
 0.5556 
 0.5556 
 0.5556 
 0.5556 
 0.5556 
 0.5556 
 0.5556 
 0.5556 
 0.5556 
 -0.5556 
 -0.5556 
 -0.5556 
 -0.5556 
 -0.5556 
 -0.5556 
 -0.5556 
 0.0000 
 0.0000 
 0.0000 
 0.0000 
 0.0000 
 0.0000 
 0.0000 
 0.0423 
 0.0491 
 0.0567 
 0.0652 
 0.0747 
 0.0852 
 0.0966 
 0.1091 
 0.1227 
 0.1373 
 0.1529 
 0.1696 
 0.1871 
 0.2056 
 0.2249 
 0.2448 
 0.2653 
 0.2862 
 0.3073 
 0.3284 
 0.3494 
 0.3701 
 0.3901 
 0.4094 
 0.4277 
 0.4447 
 0.4603 
 0.4742 
 0.4863 
 0.4965 
 0.5045 
 0.5104 
 0.5139 
 0.5151 
 0.5139 
 0.5104 
 0.5045 
 0.4965 
 0.4863 
 0.4742 
 0.4603 
 0.4447 
 0.4277 
 0.4094 
 0.3901 
 0.3701 
 0.3494 
 0.3284 
 0.3073 
 0.2862 
 0.2653 
 0.2448 
 0.2249 
 0.2056 
 0.1871 
 0.1696 
 0.1529 
 0.1373 
 0.1227 
 0.1091 
 0.0966 
 0.0852 
 0.0747 
 0.0652 
 0.0567 
 0.0491 
 0.5151 
 0.5151 
 0.5151 
 0.5151 
 0.5151 
 0.5151 
 0.5151 
 0.5151 
 0.5151 
 0.5151 
 0.5151 
 0.5151 
 0.5151 
 0.5151 
 0.5151 
 0.5151 
 0.5151 
 0.5151 
 0.5151 
 0.5151 
 -0.5151 
 -0.5151 
 -0.5151 
 -0.5151 
 -0.5151 
 -0.5151 
 -0.5151 
 0.0000 
 0.0000 
 0.0000 
 0.0000 
 0.0000 
 0.0000 
 0.0000 
 0.0390 
 0.0453 
 0.0523 
 0.0602 
 0.0689 
 0.0786 
 0.0892 
 0.1007 
 0.1132 
 0.1267 
 0.1411 
 0.1565 
 0.1727 
 0.1897 
 0.2075 
 0.2259 
 0.2448 
 0.2641 
 0.2836 
 0.3031 
 0.3225 
 0.3415 
 0.3600 
 0.3778 
 0.3947 
 0.4104 
 0.4247 
 0.4376 
 0.4488 
 0.4582 
 0.4656 
 0.4710 
 0.4742 
 0.4753 
 0.4742 
 0.4710 
 0.4656 
 0.4582 
 0.4488 
 0.4376 
 0.4247 
 0.4104 
 0.3947 
 0.3778 
 0.3600 
 0.3415 
 0.3225 
 0.3031 
 0.2836 
 0.2641 
 0.2448 
 0.2259 
 0.2075 
 0.1897 
 0.1727 
 0.1565 
 0.1411 
 0.1267 
 0.1132 
 0.1007 
 0.0892 
 0.0786 
 0.0689 
 0.0602 
 0.0523 
 0.0453 
 0.4753 
 0.4753 
 0.4753 
 0.4753 
 0.4753 
 0.4753 
 0.4753 
 0.4753 
 0.4753 
 0.4753 
 0.4753 
 0.4753 
 0.4753 
 0.4753 
 0.4753 
 0.4753 
 0.4753 
 0.4753 
 0.4753 
 0.4753 
 -0.4753 
 -0.4753 
 -0.4753 
 -0.4753 
 -0.4753 
 -0.4753 
 -0.4753 
 0.0000 
 0.0000 
 0.0000 
 0.0000 
 0.0000 
 0.0000 
 0.0000 
 0.0358 
 0.0416 
 0.0481 
 0.0553 
 0.0633 
 0.0722 
 0.0819 
 0.0925 
 0.1040 
 0.1164 
 0.1296 
 0.1437 
 0.1586 
 0.1743 
 0.1906 
 0.2075 
 0.2249 
 0.2426 
 0.2605 
 0.2784 
 0.2962 
 0.3137 
 0.3307 
 0.3470 
 0.3625 
 0.3769 
 0.3901 
 0.4020 
 0.4122 
 0.4209 
 0.4277 
 0.4326 
 0.4356 
 0.4366 
 0.4356 
 0.4326 
 0.4277 
 0.4209 
 0.4122 
 0.4020 
 0.3901 
 0.3769 
 0.3625 
 0.3470 
 0.3307 
 0.3137 
 0.2962 
 0.2784 
 0.2605 
 0.2426 
 0.2249 
 0.2075 
 0.1906 
 0.1743 
 0.1586 
 0.1437 
 0.1296 
 0.1164 
 0.1040 
 0.0925 
 0.0819 
 0.0722 
 0.0633 
 0.0553 
 0.0481 
 0.0416 
 0.4366 
 0.4366 
 0.4366 
 0.4366 
 0.4366 
 0.4366 
 0.4366 
 0.4366 
 0.4366 
 0.4366 
 0.4366 
 0.4366 
 0.4366 
 0.4366 
 0.4366 
 0.4366 
 0.4366 
 0.4366 
 0.4366 
 0.4366 
 -0.4366 
 -0.4366 
 -0.4366 
 -0.4366 
 -0.4366 
 -0.4366 
 -0.4366 
 0.0000 
 0.0000 
 0.0000 
 0.0000 
 0.0000 
 0.0000 
 0.0000 
 0.0328 
 0.0380 
 0.0440 
 0.0506 
 0.0579 
 0.0660 
 0.0749 
 0.0846 
 0.0951 
 0.1064 
 0.1185 
 0.1314 
 0.1451 
 0.1594 
 0.1743 
 0.1897 
 0.2056 
 0.2218 
 0.2382 
 0.2546 
 0.2708 
 0.2868 
 0.3024 
 0.3173 
 0.3315 
 0.3447 
 0.3567 
 0.3675 
 0.3769 
 0.3848 
 0.3910 
 0.3956 
 0.3983 
 0.3992 
 0.3983 
 0.3956 
 0.3910 
 0.3848 
 0.3769 
 0.3675 
 0.3567 
 0.3447 
 0.3315 
 0.3173 
 0.3024 
 0.2868 
 0.2708 
 0.2546 
 0.2382 
 0.2218 
 0.2056 
 0.1897 
 0.1743 
 0.1594 
 0.1451 
 0.1314 
 0.1185 
 0.1064 
 0.0951 
 0.0846 
 0.0749 
 0.0660 
 0.0579 
 0.0506 
 0.0440 
 0.0380 
 0.3992 
 0.3992 
 0.3992 
 0.3992 
 0.3992 
 0.3992 
 0.3992 
 0.3992 
 0.3992 
 0.3992 
 0.3992 
 0.3992 
 0.3992 
 0.3992 
 0.3992 
 0.3992 
 0.3992 
 0.3992 
 0.3992 
 0.3992 
 -0.3992 
 -0.3992 
 -0.3992 
 -0.3992 
 -0.3992 
 -0.3992 
 -0.3992 
 0.0000 
 0.0000 
 0.0000 
 0.0000 
 0.0000 
 0.0000 
 0.0000 
 0.0298 
 0.0346 
 0.0400 
 0.0460 
 0.0527 
 0.0601 
 0.0682 
 0.0770 
 0.0865 
 0.0968 
 0.1079 
 0.1196 
 0.1320 
 0.1451 
 0.1586 
 0.1727 
 0.1871 
 0.2019 
 0.2168 
 0.2317 
 0.2465 
 0.2611 
 0.2752 
 0.2888 
 0.3017 
 0.3137 
 0.3247 
 0.3345 
 0.3431 
 0.3502 
 0.3559 
 0.3600 
 0.3625 
 0.3633 
 0.3625 
 0.3600 
 0.3559 
 0.3502 
 0.3431 
 0.3345 
 0.3247 
 0.3137 
 0.3017 
 0.2888 
 0.2752 
 0.2611 
 0.2465 
 0.2317 
 0.2168 
 0.2019 
 0.1871 
 0.1727 
 0.1586 
 0.1451 
 0.1320 
 0.1196 
 0.1079 
 0.0968 
 0.0865 
 0.0770 
 0.0682 
 0.0601 
 0.0527 
 0.0460 
 0.0400 
 0.0346 
 0.3633 
 0.3633 
 0.3633 
 0.3633 
 0.3633 
 0.3633 
 0.3633 
 0.3633 
 0.3633 
 0.3633 
 0.3633 
 0.3633 
 0.3633 
 0.3633 
 0.3633 
 0.3633 
 0.3633 
 0.3633 
 0.3633 
 0.3633 
 -0.3633 
 -0.3633 
 -0.3633 
 -0.3633 
 -0.3633 
 -0.3633 
 -0.3633 
 0.0000 
 0.0000 
 0.0000 
 0.0000 
 0.0000 
 0.0000 
 0.0000 
 0.0270 
 0.0314 
 0.0363 
 0.0417 
 0.0477 
 0.0544 
 0.0617 
 0.0697 
 0.0784 
 0.0877 
 0.0977 
 0.1084 
 0.1196 
 0.1314 
 0.1437 
 0.1565 
 0.1696 
 0.1829 
 0.1964 
 0.2099 
 0.2233 
 0.2365 
 0.2494 
 0.2617 
 0.2733 
 0.2842 
 0.2942 
 0.3031 
 0.3108 
 0.3173 
 0.3225 
 0.3262 
 0.3284 
 0.3292 
 0.3284 
 0.3262 
 0.3225 
 0.3173 
 0.3108 
 0.3031 
 0.2942 
 0.2842 
 0.2733 
 0.2617 
 0.2494 
 0.2365 
 0.2233 
 0.2099 
 0.1964 
 0.1829 
 0.1696 
 0.1565 
 0.1437 
 0.1314 
 0.1196 
 0.1084 
 0.0977 
 0.0877 
 0.0784 
 0.0697 
 0.0617 
 0.0544 
 0.0477 
 0.0417 
 0.0363 
 0.0314 
 0.3292 
 0.3292 
 0.3292 
 0.3292 
 0.3292 
 0.3292 
 0.3292 
 0.3292 
 0.3292 
 0.3292 
 0.3292 
 0.3292 
 0.3292 
 0.3292 
 0.3292 
 0.3292 
 0.3292 
 0.3292 
 0.3292 
 0.3292 
 -0.3292 
 -0.3292 
 -0.3292 
 -0.3292 
 -0.3292 
 -0.3292 
 -0.3292 
 0.0000 
 0.0000 
 0.0000 
 0.0000 
 0.0000 
 0.0000 
 0.0000 
 0.0244 
 0.0283 
 0.0327 
 0.0376 
 0.0431 
 0.0491 
 0.0557 
 0.0629 
 0.0707 
 0.0791 
 0.0881 
 0.0977 
 0.1079 
 0.1185 
 0.1296 
 0.1411 
 0.1529 
 0.1650 
 0.1771 
 0.1893 
 0.2014 
 0.2133 
 0.2249 
 0.2360 
 0.2465 
 0.2563 
 0.2653 
 0.2733 
 0.2803 
 0.2862 
 0.2908 
 0.2942 
 0.2962 
 0.2969 
 0.2962 
 0.2942 
 0.2908 
 0.2862 
 0.2803 
 0.2733 
 0.2653 
 0.2563 
 0.2465 
 0.2360 
 0.2249 
 0.2133 
 0.2014 
 0.1893 
 0.1771 
 0.1650 
 0.1529 
 0.1411 
 0.1296 
 0.1185 
 0.1079 
 0.0977 
 0.0881 
 0.0791 
 0.0707 
 0.0629 
 0.0557 
 0.0491 
 0.0431 
 0.0376 
 0.0327 
 0.0283 
 0.2969 
 0.2969 
 0.2969 
 0.2969 
 0.2969 
 0.2969 
 0.2969 
 0.2969 
 0.2969 
 0.2969 
 0.2969 
 0.2969 
 0.2969 
 0.2969 
 0.2969 
 0.2969 
 0.2969 
 0.2969 
 0.2969 
 0.2969 
 -0.2969 
 -0.2969 
 -0.2969 
 -0.2969 
 -0.2969 
 -0.2969 
 -0.2969 
 0.0000 
 0.0000 
 0.0000 
 0.0000 
 0.0000 
 0.0000 
 0.0000 
 0.0219 
 0.0254 
 0.0293 
 0.0338 
 0.0387 
 0.0441 
 0.0500 
 0.0565 
 0.0635 
 0.0710 
 0.0791 
 0.0877 
 0.0968 
 0.1064 
 0.1164 
 0.1267 
 0.1373 
 0.1481 
 0.1590 
 0.1699 
 0.1808 
 0.1915 
 0.2019 
 0.2118 
 0.2213 
 0.2301 
 0.2382 
 0.2454 
 0.2517 
 0.2569 
 0.2611 
 0.2641 
 0.2659 
 0.2665 
 0.2659 
 0.2641 
 0.2611 
 0.2569 
 0.2517 
 0.2454 
 0.2382 
 0.2301 
 0.2213 
 0.2118 
 0.2019 
 0.1915 
 0.1808 
 0.1699 
 0.1590 
 0.1481 
 0.1373 
 0.1267 
 0.1164 
 0.1064 
 0.0968 
 0.0877 
 0.0791 
 0.0710 
 0.0635 
 0.0565 
 0.0500 
 0.0441 
 0.0387 
 0.0338 
 0.0293 
 0.0254 
 0.2665 
 0.2665 
 0.2665 
 0.2665 
 0.2665 
 0.2665 
 0.2665 
 0.2665 
 0.2665 
 0.2665 
 0.2665 
 0.2665 
 0.2665 
 0.2665 
 0.2665 
 0.2665 
 0.2665 
 0.2665 
 0.2665 
 0.2665 
 -0.2665 
 -0.2665 
 -0.2665 
 -0.2665 
 -0.2665 
 -0.2665 
 -0.2665 
 0.0000 
 0.0000 
 0.0000 
 0.0000 
 0.0000 
 0.0000 
 0.0000 
 0.0195 
 0.0227 
 0.0262 
 0.0302 
 0.0345 
 0.0394 
 0.0447 
 0.0505 
 0.0567 
 0.0635 
 0.0707 
 0.0784 
 0.0865 
 0.0951 
 0.1040 
 0.1132 
 0.1227 
 0.1323 
 0.1421 
 0.1519 
 0.1616 
 0.1711 
 0.1804 
 0.1893 
 0.1977 
 0.2056 
 0.2128 
 0.2193 
 0.2249 
 0.2296 
 0.2333 
 0.2360 
 0.2376 
 0.2382 
 0.2376 
 0.2360 
 0.2333 
 0.2296 
 0.2249 
 0.2193 
 0.2128 
 0.2056 
 0.1977 
 0.1893 
 0.1804 
 0.1711 
 0.1616 
 0.1519 
 0.1421 
 0.1323 
 0.1227 
 0.1132 
 0.1040 
 0.0951 
 0.0865 
 0.0784 
 0.0707 
 0.0635 
 0.0567 
 0.0505 
 0.0447 
 0.0394 
 0.0345 
 0.0302 
 0.0262 
 0.0227 
 0.2382 
 0.2382 
 0.2382 
 0.2382 
 0.2382 
 0.2382 
 0.2382 
 0.2382 
 0.2382 
 0.2382 
 0.2382 
 0.2382 
 0.2382 
 0.2382 
 0.2382 
 0.2382 
 0.2382 
 0.2382 
 0.2382 
 0.2382 
 -0.2382 
 -0.2382 
 -0.2382 
 -0.2382 
 -0.2382 
 -0.2382 
 -0.2382 
 0.0000 
 0.0000 
 0.0000 
 0.0000 
 0.0000 
 0.0000 
 0.0000 
 0.0174 
 0.0202 
 0.0233 
 0.0268 
 0.0307 
 0.0350 
 0.0397 
 0.0449 
 0.0505 
 0.0565 
 0.0629 
 0.0697 
 0.0770 
 0.0846 
 0.0925 
 0.1007 
 0.1091 
 0.1177 
 0.1264 
 0.1351 
 0.1437 
 0.1522 
 0.1605 
 0.1684 
 0.1759 
 0.1829 
 0.1893 
 0.1950 
 0.2000 
 0.2042 
 0.2075 
 0.2099 
 0.2114 
 0.2118 
 0.2114 
 0.2099 
 0.2075 
 0.2042 
 0.2000 
 0.1950 
 0.1893 
 0.1829 
 0.1759 
 0.1684 
 0.1605 
 0.1522 
 0.1437 
 0.1351 
 0.1264 
 0.1177 
 0.1091 
 0.1007 
 0.0925 
 0.0846 
 0.0770 
 0.0697 
 0.0629 
 0.0565 
 0.0505 
 0.0449 
 0.0397 
 0.0350 
 0.0307 
 0.0268 
 0.0233 
 0.0202 
 0.2118 
 0.2118 
 0.2118 
 0.2118 
 0.2118 
 0.2118 
 0.2118 
 0.2118 
 0.2118 
 0.2118 
 0.2118 
 0.2118 
 0.2118 
 0.2118 
 0.2118 
 0.2118 
 0.2118 
 0.2118 
 0.2118 
 0.2118 
 -0.2118 
 -0.2118 
 -0.2118 
 -0.2118 
 -0.2118 
 -0.2118 
 -0.2118 
 0.0000 
 0.0000 
 0.0000 
 0.0000 
 0.0000 
 0.0000 
 0.0000 
 0.0154 
 0.0179 
 0.0207 
 0.0238 
 0.0272 
 0.0310 
 0.0352 
 0.0397 
 0.0447 
 0.0500 
 0.0557 
 0.0617 
 0.0682 
 0.0749 
 0.0819 
 0.0892 
 0.0966 
 0.1042 
 0.1119 
 0.1196 
 0.1273 
 0.1348 
 0.1421 
 0.1491 
 0.1557 
 0.1619 
 0.1676 
 0.1727 
 0.1771 
 0.1808 
 0.1837 
 0.1859 
 0.1871 
 0.1876 
 0.1871 
 0.1859 
 0.1837 
 0.1808 
 0.1771 
 0.1727 
 0.1676 
 0.1619 
 0.1557 
 0.1491 
 0.1421 
 0.1348 
 0.1273 
 0.1196 
 0.1119 
 0.1042 
 0.0966 
 0.0892 
 0.0819 
 0.0749 
 0.0682 
 0.0617 
 0.0557 
 0.0500 
 0.0447 
 0.0397 
 0.0352 
 0.0310 
 0.0272 
 0.0238 
 0.0207 
 0.0179 
 0.1876 
 0.1876 
 0.1876 
 0.1876 
 0.1876 
 0.1876 
 0.1876 
 0.1876 
 0.1876 
 0.1876 
 0.1876 
 0.1876 
 0.1876 
 0.1876 
 0.1876 
 0.1876 
 0.1876 
 0.1876 
 0.1876 
 0.1876 
 -0.1876 
 -0.1876 
 -0.1876 
 -0.1876 
 -0.1876 
 -0.1876 
 -0.1876 
 0.0000 
 0.0000 
 0.0000 
 0.0000 
 0.0000 
 0.0000 
 0.0000 
 0.0136 
 0.0158 
 0.0182 
 0.0209 
 0.0240 
 0.0273 
 0.0310 
 0.0350 
 0.0394 
 0.0441 
 0.0491 
 0.0544 
 0.0601 
 0.0660 
 0.0722 
 0.0786 
 0.0852 
 0.0919 
 0.0986 
 0.1054 
 0.1122 
 0.1188 
 0.1252 
 0.1314 
 0.1373 
 0.1427 
 0.1477 
 0.1522 
 0.1561 
 0.1594 
 0.1619 
 0.1638 
 0.1650 
 0.1653 
 0.1650 
 0.1638 
 0.1619 
 0.1594 
 0.1561 
 0.1522 
 0.1477 
 0.1427 
 0.1373 
 0.1314 
 0.1252 
 0.1188 
 0.1122 
 0.1054 
 0.0986 
 0.0919 
 0.0852 
 0.0786 
 0.0722 
 0.0660 
 0.0601 
 0.0544 
 0.0491 
 0.0441 
 0.0394 
 0.0350 
 0.0310 
 0.0273 
 0.0240 
 0.0209 
 0.0182 
 0.0158 
 0.1653 
 0.1653 
 0.1653 
 0.1653 
 0.1653 
 0.1653 
 0.1653 
 0.1653 
 0.1653 
 0.1653 
 0.1653 
 0.1653 
 0.1653 
 0.1653 
 0.1653 
 0.1653 
 0.1653 
 0.1653 
 0.1653 
 0.1653 
 -0.1653 
 -0.1653 
 -0.1653 
 -0.1653 
 -0.1653 
 -0.1653 
 -0.1653 
 0.0000 
 0.0000 
 0.0000 
 0.0000 
 0.0000 
 0.0000 
 0.0000 
 0.0119 
 0.0138 
 0.0160 
 0.0184 
 0.0210 
 0.0240 
 0.0272 
 0.0307 
 0.0345 
 0.0387 
 0.0431 
 0.0477 
 0.0527 
 0.0579 
 0.0633 
 0.0689 
 0.0747 
 0.0806 
 0.0865 
 0.0925 
 0.0984 
 0.1042 
 0.1099 
 0.1153 
 0.1204 
 0.1252 
 0.1296 
 0.1335 
 0.1370 
 0.1398 
 0.1421 
 0.1437 
 0.1447 
 0.1451 
 0.1447 
 0.1437 
 0.1421 
 0.1398 
 0.1370 
 0.1335 
 0.1296 
 0.1252 
 0.1204 
 0.1153 
 0.1099 
 0.1042 
 0.0984 
 0.0925 
 0.0865 
 0.0806 
 0.0747 
 0.0689 
 0.0633 
 0.0579 
 0.0527 
 0.0477 
 0.0431 
 0.0387 
 0.0345 
 0.0307 
 0.0272 
 0.0240 
 0.0210 
 0.0184 
 0.0160 
 0.0138 
 0.1451 
 0.1451 
 0.1451 
 0.1451 
 0.1451 
 0.1451 
 0.1451 
 0.1451 
 0.1451 
 0.1451 
 0.1451 
 0.1451 
 0.1451 
 0.1451 
 0.1451 
 0.1451 
 0.1451 
 0.1451 
 0.1451 
 0.1451 
 -0.1451 
 -0.1451 
 -0.1451 
 -0.1451 
 -0.1451 
 -0.1451 
 -0.1451 
 0.0000 
 0.0000 
 0.0000 
 0.0000 
 0.0000 
 0.0000 
 0.0000 
 0.0104 
 0.0121 
 0.0140 
 0.0160 
 0.0184 
 0.0209 
 0.0238 
 0.0268 
 0.0302 
 0.0338 
 0.0376 
 0.0417 
 0.0460 
 0.0506 
 0.0553 
 0.0602 
 0.0652 
 0.0704 
 0.0756 
 0.0808 
 0.0859 
 0.0910 
 0.0960 
 0.1007 
 0.1052 
 0.1094 
 0.1132 
 0.1166 
 0.1196 
 0.1221 
 0.1241 
 0.1255 
 0.1264 
 0.1267 
 0.1264 
 0.1255 
 0.1241 
 0.1221 
 0.1196 
 0.1166 
 0.1132 
 0.1094 
 0.1052 
 0.1007 
 0.0960 
 0.0910 
 0.0859 
 0.0808 
 0.0756 
 0.0704 
 0.0652 
 0.0602 
 0.0553 
 0.0506 
 0.0460 
 0.0417 
 0.0376 
 0.0338 
 0.0302 
 0.0268 
 0.0238 
 0.0209 
 0.0184 
 0.0160 
 0.0140 
 0.0121 
 0.1267 
 0.1267 
 0.1267 
 0.1267 
 0.1267 
 0.1267 
 0.1267 
 0.1267 
 0.1267 
 0.1267 
 0.1267 
 0.1267 
 0.1267 
 0.1267 
 0.1267 
 0.1267 
 0.1267 
 0.1267 
 0.1267 
 0.1267 
 -0.1267 
 -0.1267 
 -0.1267 
 -0.1267 
 -0.1267 
 -0.1267 
 -0.1267 
 0.0000 
 0.0000 
 0.0000 
 0.0000 
 0.0000 
 0.0000 
 0.0000 
 0.0090 
 0.0105 
 0.0121 
 0.0140 
 0.0160 
 0.0182 
 0.0207 
 0.0233 
 0.0262 
 0.0293 
 0.0327 
 0.0363 
 0.0400 
 0.0440 
 0.0481 
 0.0523 
 0.0567 
 0.0612 
 0.0657 
 0.0702 
 0.0747 
 0.0791 
 0.0834 
 0.0875 
 0.0914 
 0.0951 
 0.0984 
 0.1014 
 0.1040 
 0.1062 
 0.1079 
 0.1091 
 0.1099 
 0.1101 
 0.1099 
 0.1091 
 0.1079 
 0.1062 
 0.1040 
 0.1014 
 0.0984 
 0.0951 
 0.0914 
 0.0875 
 0.0834 
 0.0791 
 0.0747 
 0.0702 
 0.0657 
 0.0612 
 0.0567 
 0.0523 
 0.0481 
 0.0440 
 0.0400 
 0.0363 
 0.0327 
 0.0293 
 0.0262 
 0.0233 
 0.0207 
 0.0182 
 0.0160 
 0.0140 
 0.0121 
 0.0105 
 0.1101 
 0.1101 
 0.1101 
 0.1101 
 0.1101 
 0.1101 
 0.1101 
 0.1101 
 0.1101 
 0.1101 
 0.1101 
 0.1101 
 0.1101 
 0.1101 
 0.1101 
 0.1101 
 0.1101 
 0.1101 
 0.1101 
 0.1101 
 -0.1101 
 -0.1101 
 -0.1101 
 -0.1101 
 -0.1101 
 -0.1101 
 -0.1101 
 0.0000 
 0.0000 
 0.0000 
 0.0000 
 0.0000 
 0.0000 
 0.0000 
 0.0078 
 0.0091 
 0.0105 
 0.0121 
 0.0138 
 0.0158 
 0.0179 
 0.0202 
 0.0227 
 0.0254 
 0.0283 
 0.0314 
 0.0346 
 0.0380 
 0.0416 
 0.0453 
 0.0491 
 0.0529 
 0.0569 
 0.0608 
 0.0647 
 0.0685 
 0.0722 
 0.0757 
 0.0791 
 0.0823 
 0.0852 
 0.0877 
 0.0900 
 0.0919 
 0.0933 
 0.0944 
 0.0951 
 0.0953 
 0.0951 
 0.0944 
 0.0933 
 0.0919 
 0.0900 
 0.0877 
 0.0852 
 0.0823 
 0.0791 
 0.0757 
 0.0722 
 0.0685 
 0.0647 
 0.0608 
 0.0569 
 0.0529 
 0.0491 
 0.0453 
 0.0416 
 0.0380 
 0.0346 
 0.0314 
 0.0283 
 0.0254 
 0.0227 
 0.0202 
 0.0179 
 0.0158 
 0.0138 
 0.0121 
 0.0105 
 0.0091 
 0.0953 
 0.0953 
 0.0953 
 0.0953 
 0.0953 
 0.0953 
 0.0953 
 0.0953 
 0.0953 
 0.0953 
 0.0953 
 0.0953 
 0.0953 
 0.0953 
 0.0953 
 0.0953 
 0.0953 
 0.0953 
 0.0953 
 0.0953 
 -0.0953 
 -0.0953 
 -0.0953 
 -0.0953 
 -0.0953 
 -0.0953 
 -0.0953 
 0.0000 
 0.0000 
 0.0000 
 0.0000 
 0.0000 
 0.0000 
 0.0000 
 0.0821 
 0.0953 
 0.1101 
 0.1267 
 0.1451 
 0.1653 
 0.1876 
 0.2118 
 0.2382 
 0.2665 
 0.2969 
 0.3292 
 0.3633 
 0.3992 
 0.4366 
 0.4753 
 0.5151 
 0.5556 
 0.5966 
 0.6377 
 0.6784 
 0.7185 
 0.7575 
 0.7949 
 0.8303 
 0.8634 
 0.8936 
 0.9207 
 0.9442 
 0.9639 
 0.9796 
 0.9909 
 0.9977 
 1.0000 
 0.9977 
 0.9909 
 0.9796 
 0.9639 
 0.9442 
 0.9207 
 0.8936 
 0.8634 
 0.8303 
 0.7949 
 0.7575 
 0.7185 
 0.6784 
 0.6377 
 0.5966 
 0.5556 
 0.5151 
 0.4753 
 0.4366 
 0.3992 
 0.3633 
 0.3292 
 0.2969 
 0.2665 
 0.2382 
 0.2118 
 0.1876 
 0.1653 
 0.1451 
 0.1267 
 0.1101 
 0.0953 
 1.0000 
 1.0000 
 1.0000 
 1.0000 
 1.0000 
 1.0000 
 1.0000 
 1.0000 
 1.0000 
 1.0000 
 1.0000 
 1.0000 
 1.0000 
 1.0000 
 1.0000 
 1.0000 
 1.0000 
 1.0000 
 1.0000 
 1.0000 
 -1.0000 
 -1.0000 
 -1.0000 
 -1.0000 
 -1.0000 
 -1.0000 
 -1.0000 
 0.0000 
 0.0000 
 0.0000 
 0.0000 
 0.0000 
 0.0000 
 0.0000 
 0.0821 
 0.0953 
 0.1101 
 0.1267 
 0.1451 
 0.1653 
 0.1876 
 0.2118 
 0.2382 
 0.2665 
 0.2969 
 0.3292 
 0.3633 
 0.3992 
 0.4366 
 0.4753 
 0.5151 
 0.5556 
 0.5966 
 0.6377 
 0.6784 
 0.7185 
 0.7575 
 0.7949 
 0.8303 
 0.8634 
 0.8936 
 0.9207 
 0.9442 
 0.9639 
 0.9796 
 0.9909 
 0.9977 
 1.0000 
 0.9977 
 0.9909 
 0.9796 
 0.9639 
 0.9442 
 0.9207 
 0.8936 
 0.8634 
 0.8303 
 0.7949 
 0.7575 
 0.7185 
 0.6784 
 0.6377 
 0.5966 
 0.5556 
 0.5151 
 0.4753 
 0.4366 
 0.3992 
 0.3633 
 0.3292 
 0.2969 
 0.2665 
 0.2382 
 0.2118 
 0.1876 
 0.1653 
 0.1451 
 0.1267 
 0.1101 
 0.0953 
 1.0000 
 1.0000 
 1.0000 
 1.0000 
 1.0000 
 1.0000 
 1.0000 
 1.0000 
 1.0000 
 1.0000 
 1.0000 
 1.0000 
 1.0000 
 1.0000 
 1.0000 
 1.0000 
 1.0000 
 1.0000 
 1.0000 
 1.0000 
 -1.0000 
 -1.0000 
 -1.0000 
 -1.0000 
 -1.0000 
 -1.0000 
 -1.0000 
 0.0000 
 0.0000 
 0.0000 
 0.0000 
 0.0000 
 0.0000 
 0.0000 
 0.0821 
 0.0953 
 0.1101 
 0.1267 
 0.1451 
 0.1653 
 0.1876 
 0.2118 
 0.2382 
 0.2665 
 0.2969 
 0.3292 
 0.3633 
 0.3992 
 0.4366 
 0.4753 
 0.5151 
 0.5556 
 0.5966 
 0.6377 
 0.6784 
 0.7185 
 0.7575 
 0.7949 
 0.8303 
 0.8634 
 0.8936 
 0.9207 
 0.9442 
 0.9639 
 0.9796 
 0.9909 
 0.9977 
 1.0000 
 0.9977 
 0.9909 
 0.9796 
 0.9639 
 0.9442 
 0.9207 
 0.8936 
 0.8634 
 0.8303 
 0.7949 
 0.7575 
 0.7185 
 0.6784 
 0.6377 
 0.5966 
 0.5556 
 0.5151 
 0.4753 
 0.4366 
 0.3992 
 0.3633 
 0.3292 
 0.2969 
 0.2665 
 0.2382 
 0.2118 
 0.1876 
 0.1653 
 0.1451 
 0.1267 
 0.1101 
 0.0953 
 1.0000 
 1.0000 
 1.0000 
 1.0000 
 1.0000 
 1.0000 
 1.0000 
 1.0000 
 1.0000 
 1.0000 
 1.0000 
 1.0000 
 1.0000 
 1.0000 
 1.0000 
 1.0000 
 1.0000 
 1.0000 
 1.0000 
 1.0000 
 -1.0000 
 -1.0000 
 -1.0000 
 -1.0000 
 -1.0000 
 -1.0000 
 -1.0000 
 0.0000 
 0.0000 
 0.0000 
 0.0000 
 0.0000 
 0.0000 
 0.0000 
 0.0821 
 0.0953 
 0.1101 
 0.1267 
 0.1451 
 0.1653 
 0.1876 
 0.2118 
 0.2382 
 0.2665 
 0.2969 
 0.3292 
 0.3633 
 0.3992 
 0.4366 
 0.4753 
 0.5151 
 0.5556 
 0.5966 
 0.6377 
 0.6784 
 0.7185 
 0.7575 
 0.7949 
 0.8303 
 0.8634 
 0.8936 
 0.9207 
 0.9442 
 0.9639 
 0.9796 
 0.9909 
 0.9977 
 1.0000 
 0.9977 
 0.9909 
 0.9796 
 0.9639 
 0.9442 
 0.9207 
 0.8936 
 0.8634 
 0.8303 
 0.7949 
 0.7575 
 0.7185 
 0.6784 
 0.6377 
 0.5966 
 0.5556 
 0.5151 
 0.4753 
 0.4366 
 0.3992 
 0.3633 
 0.3292 
 0.2969 
 0.2665 
 0.2382 
 0.2118 
 0.1876 
 0.1653 
 0.1451 
 0.1267 
 0.1101 
 0.0953 
 1.0000 
 1.0000 
 1.0000 
 1.0000 
 1.0000 
 1.0000 
 1.0000 
 1.0000 
 1.0000 
 1.0000 
 1.0000 
 1.0000 
 1.0000 
 1.0000 
 1.0000 
 1.0000 
 1.0000 
 1.0000 
 1.0000 
 1.0000 
 -1.0000 
 -1.0000 
 -1.0000 
 -1.0000 
 -1.0000 
 -1.0000 
 -1.0000 
 0.0000 
 0.0000 
 0.0000 
 0.0000 
 0.0000 
 0.0000 
 0.0000 
 0.0821 
 0.0953 
 0.1101 
 0.1267 
 0.1451 
 0.1653 
 0.1876 
 0.2118 
 0.2382 
 0.2665 
 0.2969 
 0.3292 
 0.3633 
 0.3992 
 0.4366 
 0.4753 
 0.5151 
 0.5556 
 0.5966 
 0.6377 
 0.6784 
 0.7185 
 0.7575 
 0.7949 
 0.8303 
 0.8634 
 0.8936 
 0.9207 
 0.9442 
 0.9639 
 0.9796 
 0.9909 
 0.9977 
 1.0000 
 0.9977 
 0.9909 
 0.9796 
 0.9639 
 0.9442 
 0.9207 
 0.8936 
 0.8634 
 0.8303 
 0.7949 
 0.7575 
 0.7185 
 0.6784 
 0.6377 
 0.5966 
 0.5556 
 0.5151 
 0.4753 
 0.4366 
 0.3992 
 0.3633 
 0.3292 
 0.2969 
 0.2665 
 0.2382 
 0.2118 
 0.1876 
 0.1653 
 0.1451 
 0.1267 
 0.1101 
 0.0953 
 1.0000 
 1.0000 
 1.0000 
 1.0000 
 1.0000 
 1.0000 
 1.0000 
 1.0000 
 1.0000 
 1.0000 
 1.0000 
 1.0000 
 1.0000 
 1.0000 
 1.0000 
 1.0000 
 1.0000 
 1.0000 
 1.0000 
 1.0000 
 -1.0000 
 -1.0000 
 -1.0000 
 -1.0000 
 -1.0000 
 -1.0000 
 -1.0000 
 0.0000 
 0.0000 
 0.0000 
 0.0000 
 0.0000 
 0.0000 
 0.0000 
 0.0821 
 0.0953 
 0.1101 
 0.1267 
 0.1451 
 0.1653 
 0.1876 
 0.2118 
 0.2382 
 0.2665 
 0.2969 
 0.3292 
 0.3633 
 0.3992 
 0.4366 
 0.4753 
 0.5151 
 0.5556 
 0.5966 
 0.6377 
 0.6784 
 0.7185 
 0.7575 
 0.7949 
 0.8303 
 0.8634 
 0.8936 
 0.9207 
 0.9442 
 0.9639 
 0.9796 
 0.9909 
 0.9977 
 1.0000 
 0.9977 
 0.9909 
 0.9796 
 0.9639 
 0.9442 
 0.9207 
 0.8936 
 0.8634 
 0.8303 
 0.7949 
 0.7575 
 0.7185 
 0.6784 
 0.6377 
 0.5966 
 0.5556 
 0.5151 
 0.4753 
 0.4366 
 0.3992 
 0.3633 
 0.3292 
 0.2969 
 0.2665 
 0.2382 
 0.2118 
 0.1876 
 0.1653 
 0.1451 
 0.1267 
 0.1101 
 0.0953 
 1.0000 
 1.0000 
 1.0000 
 1.0000 
 1.0000 
 1.0000 
 1.0000 
 1.0000 
 1.0000 
 1.0000 
 1.0000 
 1.0000 
 1.0000 
 1.0000 
 1.0000 
 1.0000 
 1.0000 
 1.0000 
 1.0000 
 1.0000 
 -1.0000 
 -1.0000 
 -1.0000 
 -1.0000 
 -1.0000 
 -1.0000 
 -1.0000 
 0.0000 
 0.0000 
 0.0000 
 0.0000 
 0.0000 
 0.0000 
 0.0000 
 0.0821 
 0.0953 
 0.1101 
 0.1267 
 0.1451 
 0.1653 
 0.1876 
 0.2118 
 0.2382 
 0.2665 
 0.2969 
 0.3292 
 0.3633 
 0.3992 
 0.4366 
 0.4753 
 0.5151 
 0.5556 
 0.5966 
 0.6377 
 0.6784 
 0.7185 
 0.7575 
 0.7949 
 0.8303 
 0.8634 
 0.8936 
 0.9207 
 0.9442 
 0.9639 
 0.9796 
 0.9909 
 0.9977 
 1.0000 
 0.9977 
 0.9909 
 0.9796 
 0.9639 
 0.9442 
 0.9207 
 0.8936 
 0.8634 
 0.8303 
 0.7949 
 0.7575 
 0.7185 
 0.6784 
 0.6377 
 0.5966 
 0.5556 
 0.5151 
 0.4753 
 0.4366 
 0.3992 
 0.3633 
 0.3292 
 0.2969 
 0.2665 
 0.2382 
 0.2118 
 0.1876 
 0.1653 
 0.1451 
 0.1267 
 0.1101 
 0.0953 
 1.0000 
 1.0000 
 1.0000 
 1.0000 
 1.0000 
 1.0000 
 1.0000 
 1.0000 
 1.0000 
 1.0000 
 1.0000 
 1.0000 
 1.0000 
 1.0000 
 1.0000 
 1.0000 
 1.0000 
 1.0000 
 1.0000 
 1.0000 
 -1.0000 
 -1.0000 
 -1.0000 
 -1.0000 
 -1.0000 
 -1.0000 
 -1.0000 
 0.0000 
 0.0000 
 0.0000 
 0.0000 
 0.0000 
 0.0000 
 0.0000 
 0.0821 
 0.0953 
 0.1101 
 0.1267 
 0.1451 
 0.1653 
 0.1876 
 0.2118 
 0.2382 
 0.2665 
 0.2969 
 0.3292 
 0.3633 
 0.3992 
 0.4366 
 0.4753 
 0.5151 
 0.5556 
 0.5966 
 0.6377 
 0.6784 
 0.7185 
 0.7575 
 0.7949 
 0.8303 
 0.8634 
 0.8936 
 0.9207 
 0.9442 
 0.9639 
 0.9796 
 0.9909 
 0.9977 
 1.0000 
 0.9977 
 0.9909 
 0.9796 
 0.9639 
 0.9442 
 0.9207 
 0.8936 
 0.8634 
 0.8303 
 0.7949 
 0.7575 
 0.7185 
 0.6784 
 0.6377 
 0.5966 
 0.5556 
 0.5151 
 0.4753 
 0.4366 
 0.3992 
 0.3633 
 0.3292 
 0.2969 
 0.2665 
 0.2382 
 0.2118 
 0.1876 
 0.1653 
 0.1451 
 0.1267 
 0.1101 
 0.0953 
 1.0000 
 1.0000 
 1.0000 
 1.0000 
 1.0000 
 1.0000 
 1.0000 
 1.0000 
 1.0000 
 1.0000 
 1.0000 
 1.0000 
 1.0000 
 1.0000 
 1.0000 
 1.0000 
 1.0000 
 1.0000 
 1.0000 
 1.0000 
 -1.0000 
 -1.0000 
 -1.0000 
 -1.0000 
 -1.0000 
 -1.0000 
 -1.0000 
 0.0000 
 0.0000 
 0.0000 
 0.0000 
 0.0000 
 0.0000 
 0.0000 
 0.0821 
 0.0953 
 0.1101 
 0.1267 
 0.1451 
 0.1653 
 0.1876 
 0.2118 
 0.2382 
 0.2665 
 0.2969 
 0.3292 
 0.3633 
 0.3992 
 0.4366 
 0.4753 
 0.5151 
 0.5556 
 0.5966 
 0.6377 
 0.6784 
 0.7185 
 0.7575 
 0.7949 
 0.8303 
 0.8634 
 0.8936 
 0.9207 
 0.9442 
 0.9639 
 0.9796 
 0.9909 
 0.9977 
 1.0000 
 0.9977 
 0.9909 
 0.9796 
 0.9639 
 0.9442 
 0.9207 
 0.8936 
 0.8634 
 0.8303 
 0.7949 
 0.7575 
 0.7185 
 0.6784 
 0.6377 
 0.5966 
 0.5556 
 0.5151 
 0.4753 
 0.4366 
 0.3992 
 0.3633 
 0.3292 
 0.2969 
 0.2665 
 0.2382 
 0.2118 
 0.1876 
 0.1653 
 0.1451 
 0.1267 
 0.1101 
 0.0953 
 1.0000 
 1.0000 
 1.0000 
 1.0000 
 1.0000 
 1.0000 
 1.0000 
 1.0000 
 1.0000 
 1.0000 
 1.0000 
 1.0000 
 1.0000 
 1.0000 
 1.0000 
 1.0000 
 1.0000 
 1.0000 
 1.0000 
 1.0000 
 -1.0000 
 -1.0000 
 -1.0000 
 -1.0000 
 -1.0000 
 -1.0000 
 -1.0000 
 0.0000 
 0.0000 
 0.0000 
 0.0000 
 0.0000 
 0.0000 
 0.0000 
 0.0821 
 0.0953 
 0.1101 
 0.1267 
 0.1451 
 0.1653 
 0.1876 
 0.2118 
 0.2382 
 0.2665 
 0.2969 
 0.3292 
 0.3633 
 0.3992 
 0.4366 
 0.4753 
 0.5151 
 0.5556 
 0.5966 
 0.6377 
 0.6784 
 0.7185 
 0.7575 
 0.7949 
 0.8303 
 0.8634 
 0.8936 
 0.9207 
 0.9442 
 0.9639 
 0.9796 
 0.9909 
 0.9977 
 1.0000 
 0.9977 
 0.9909 
 0.9796 
 0.9639 
 0.9442 
 0.9207 
 0.8936 
 0.8634 
 0.8303 
 0.7949 
 0.7575 
 0.7185 
 0.6784 
 0.6377 
 0.5966 
 0.5556 
 0.5151 
 0.4753 
 0.4366 
 0.3992 
 0.3633 
 0.3292 
 0.2969 
 0.2665 
 0.2382 
 0.2118 
 0.1876 
 0.1653 
 0.1451 
 0.1267 
 0.1101 
 0.0953 
 1.0000 
 1.0000 
 1.0000 
 1.0000 
 1.0000 
 1.0000 
 1.0000 
 1.0000 
 1.0000 
 1.0000 
 1.0000 
 1.0000 
 1.0000 
 1.0000 
 1.0000 
 1.0000 
 1.0000 
 1.0000 
 1.0000 
 1.0000 
 -1.0000 
 -1.0000 
 -1.0000 
 -1.0000 
 -1.0000 
 -1.0000 
 -1.0000 
 0.0000 
 0.0000 
 0.0000 
 0.0000 
 0.0000 
 0.0000 
 0.0000 
 0.0821 
 0.0953 
 0.1101 
 0.1267 
 0.1451 
 0.1653 
 0.1876 
 0.2118 
 0.2382 
 0.2665 
 0.2969 
 0.3292 
 0.3633 
 0.3992 
 0.4366 
 0.4753 
 0.5151 
 0.5556 
 0.5966 
 0.6377 
 0.6784 
 0.7185 
 0.7575 
 0.7949 
 0.8303 
 0.8634 
 0.8936 
 0.9207 
 0.9442 
 0.9639 
 0.9796 
 0.9909 
 0.9977 
 1.0000 
 0.9977 
 0.9909 
 0.9796 
 0.9639 
 0.9442 
 0.9207 
 0.8936 
 0.8634 
 0.8303 
 0.7949 
 0.7575 
 0.7185 
 0.6784 
 0.6377 
 0.5966 
 0.5556 
 0.5151 
 0.4753 
 0.4366 
 0.3992 
 0.3633 
 0.3292 
 0.2969 
 0.2665 
 0.2382 
 0.2118 
 0.1876 
 0.1653 
 0.1451 
 0.1267 
 0.1101 
 0.0953 
 1.0000 
 1.0000 
 1.0000 
 1.0000 
 1.0000 
 1.0000 
 1.0000 
 1.0000 
 1.0000 
 1.0000 
 1.0000 
 1.0000 
 1.0000 
 1.0000 
 1.0000 
 1.0000 
 1.0000 
 1.0000 
 1.0000 
 1.0000 
 -1.0000 
 -1.0000 
 -1.0000 
 -1.0000 
 -1.0000 
 -1.0000 
 -1.0000 
 0.0000 
 0.0000 
 0.0000 
 0.0000 
 0.0000 
 0.0000 
 0.0000 
 0.0821 
 0.0953 
 0.1101 
 0.1267 
 0.1451 
 0.1653 
 0.1876 
 0.2118 
 0.2382 
 0.2665 
 0.2969 
 0.3292 
 0.3633 
 0.3992 
 0.4366 
 0.4753 
 0.5151 
 0.5556 
 0.5966 
 0.6377 
 0.6784 
 0.7185 
 0.7575 
 0.7949 
 0.8303 
 0.8634 
 0.8936 
 0.9207 
 0.9442 
 0.9639 
 0.9796 
 0.9909 
 0.9977 
 1.0000 
 0.9977 
 0.9909 
 0.9796 
 0.9639 
 0.9442 
 0.9207 
 0.8936 
 0.8634 
 0.8303 
 0.7949 
 0.7575 
 0.7185 
 0.6784 
 0.6377 
 0.5966 
 0.5556 
 0.5151 
 0.4753 
 0.4366 
 0.3992 
 0.3633 
 0.3292 
 0.2969 
 0.2665 
 0.2382 
 0.2118 
 0.1876 
 0.1653 
 0.1451 
 0.1267 
 0.1101 
 0.0953 
 1.0000 
 1.0000 
 1.0000 
 1.0000 
 1.0000 
 1.0000 
 1.0000 
 1.0000 
 1.0000 
 1.0000 
 1.0000 
 1.0000 
 1.0000 
 1.0000 
 1.0000 
 1.0000 
 1.0000 
 1.0000 
 1.0000 
 1.0000 
 -1.0000 
 -1.0000 
 -1.0000 
 -1.0000 
 -1.0000 
 -1.0000 
 -1.0000 
 0.0000 
 0.0000 
 0.0000 
 0.0000 
 0.0000 
 0.0000 
 0.0000 
 0.0821 
 0.0953 
 0.1101 
 0.1267 
 0.1451 
 0.1653 
 0.1876 
 0.2118 
 0.2382 
 0.2665 
 0.2969 
 0.3292 
 0.3633 
 0.3992 
 0.4366 
 0.4753 
 0.5151 
 0.5556 
 0.5966 
 0.6377 
 0.6784 
 0.7185 
 0.7575 
 0.7949 
 0.8303 
 0.8634 
 0.8936 
 0.9207 
 0.9442 
 0.9639 
 0.9796 
 0.9909 
 0.9977 
 1.0000 
 0.9977 
 0.9909 
 0.9796 
 0.9639 
 0.9442 
 0.9207 
 0.8936 
 0.8634 
 0.8303 
 0.7949 
 0.7575 
 0.7185 
 0.6784 
 0.6377 
 0.5966 
 0.5556 
 0.5151 
 0.4753 
 0.4366 
 0.3992 
 0.3633 
 0.3292 
 0.2969 
 0.2665 
 0.2382 
 0.2118 
 0.1876 
 0.1653 
 0.1451 
 0.1267 
 0.1101 
 0.0953 
 1.0000 
 1.0000 
 1.0000 
 1.0000 
 1.0000 
 1.0000 
 1.0000 
 1.0000 
 1.0000 
 1.0000 
 1.0000 
 1.0000 
 1.0000 
 1.0000 
 1.0000 
 1.0000 
 1.0000 
 1.0000 
 1.0000 
 1.0000 
 -1.0000 
 -1.0000 
 -1.0000 
 -1.0000 
 -1.0000 
 -1.0000 
 -1.0000 
 0.0000 
 0.0000 
 0.0000 
 0.0000 
 0.0000 
 0.0000 
 0.0000 
 0.0821 
 0.0953 
 0.1101 
 0.1267 
 0.1451 
 0.1653 
 0.1876 
 0.2118 
 0.2382 
 0.2665 
 0.2969 
 0.3292 
 0.3633 
 0.3992 
 0.4366 
 0.4753 
 0.5151 
 0.5556 
 0.5966 
 0.6377 
 0.6784 
 0.7185 
 0.7575 
 0.7949 
 0.8303 
 0.8634 
 0.8936 
 0.9207 
 0.9442 
 0.9639 
 0.9796 
 0.9909 
 0.9977 
 1.0000 
 0.9977 
 0.9909 
 0.9796 
 0.9639 
 0.9442 
 0.9207 
 0.8936 
 0.8634 
 0.8303 
 0.7949 
 0.7575 
 0.7185 
 0.6784 
 0.6377 
 0.5966 
 0.5556 
 0.5151 
 0.4753 
 0.4366 
 0.3992 
 0.3633 
 0.3292 
 0.2969 
 0.2665 
 0.2382 
 0.2118 
 0.1876 
 0.1653 
 0.1451 
 0.1267 
 0.1101 
 0.0953 
 1.0000 
 1.0000 
 1.0000 
 1.0000 
 1.0000 
 1.0000 
 1.0000 
 1.0000 
 1.0000 
 1.0000 
 1.0000 
 1.0000 
 1.0000 
 1.0000 
 1.0000 
 1.0000 
 1.0000 
 1.0000 
 1.0000 
 1.0000 
 -1.0000 
 -1.0000 
 -1.0000 
 -1.0000 
 -1.0000 
 -1.0000 
 -1.0000 
 0.0000 
 0.0000 
 0.0000 
 0.0000 
 0.0000 
 0.0000 
 0.0000 
 0.0821 
 0.0953 
 0.1101 
 0.1267 
 0.1451 
 0.1653 
 0.1876 
 0.2118 
 0.2382 
 0.2665 
 0.2969 
 0.3292 
 0.3633 
 0.3992 
 0.4366 
 0.4753 
 0.5151 
 0.5556 
 0.5966 
 0.6377 
 0.6784 
 0.7185 
 0.7575 
 0.7949 
 0.8303 
 0.8634 
 0.8936 
 0.9207 
 0.9442 
 0.9639 
 0.9796 
 0.9909 
 0.9977 
 1.0000 
 0.9977 
 0.9909 
 0.9796 
 0.9639 
 0.9442 
 0.9207 
 0.8936 
 0.8634 
 0.8303 
 0.7949 
 0.7575 
 0.7185 
 0.6784 
 0.6377 
 0.5966 
 0.5556 
 0.5151 
 0.4753 
 0.4366 
 0.3992 
 0.3633 
 0.3292 
 0.2969 
 0.2665 
 0.2382 
 0.2118 
 0.1876 
 0.1653 
 0.1451 
 0.1267 
 0.1101 
 0.0953 
 1.0000 
 1.0000 
 1.0000 
 1.0000 
 1.0000 
 1.0000 
 1.0000 
 1.0000 
 1.0000 
 1.0000 
 1.0000 
 1.0000 
 1.0000 
 1.0000 
 1.0000 
 1.0000 
 1.0000 
 1.0000 
 1.0000 
 1.0000 
 -1.0000 
 -1.0000 
 -1.0000 
 -1.0000 
 -1.0000 
 -1.0000 
 -1.0000 
 0.0000 
 0.0000 
 0.0000 
 0.0000 
 0.0000 
 0.0000 
 0.0000 
 0.0821 
 0.0953 
 0.1101 
 0.1267 
 0.1451 
 0.1653 
 0.1876 
 0.2118 
 0.2382 
 0.2665 
 0.2969 
 0.3292 
 0.3633 
 0.3992 
 0.4366 
 0.4753 
 0.5151 
 0.5556 
 0.5966 
 0.6377 
 0.6784 
 0.7185 
 0.7575 
 0.7949 
 0.8303 
 0.8634 
 0.8936 
 0.9207 
 0.9442 
 0.9639 
 0.9796 
 0.9909 
 0.9977 
 1.0000 
 0.9977 
 0.9909 
 0.9796 
 0.9639 
 0.9442 
 0.9207 
 0.8936 
 0.8634 
 0.8303 
 0.7949 
 0.7575 
 0.7185 
 0.6784 
 0.6377 
 0.5966 
 0.5556 
 0.5151 
 0.4753 
 0.4366 
 0.3992 
 0.3633 
 0.3292 
 0.2969 
 0.2665 
 0.2382 
 0.2118 
 0.1876 
 0.1653 
 0.1451 
 0.1267 
 0.1101 
 0.0953 
 1.0000 
 1.0000 
 1.0000 
 1.0000 
 1.0000 
 1.0000 
 1.0000 
 1.0000 
 1.0000 
 1.0000 
 1.0000 
 1.0000 
 1.0000 
 1.0000 
 1.0000 
 1.0000 
 1.0000 
 1.0000 
 1.0000 
 1.0000 
 -1.0000 
 -1.0000 
 -1.0000 
 -1.0000 
 -1.0000 
 -1.0000 
 -1.0000 
 0.0000 
 0.0000 
 0.0000 
 0.0000 
 0.0000 
 0.0000 
 0.0000 
 0.0821 
 0.0953 
 0.1101 
 0.1267 
 0.1451 
 0.1653 
 0.1876 
 0.2118 
 0.2382 
 0.2665 
 0.2969 
 0.3292 
 0.3633 
 0.3992 
 0.4366 
 0.4753 
 0.5151 
 0.5556 
 0.5966 
 0.6377 
 0.6784 
 0.7185 
 0.7575 
 0.7949 
 0.8303 
 0.8634 
 0.8936 
 0.9207 
 0.9442 
 0.9639 
 0.9796 
 0.9909 
 0.9977 
 1.0000 
 0.9977 
 0.9909 
 0.9796 
 0.9639 
 0.9442 
 0.9207 
 0.8936 
 0.8634 
 0.8303 
 0.7949 
 0.7575 
 0.7185 
 0.6784 
 0.6377 
 0.5966 
 0.5556 
 0.5151 
 0.4753 
 0.4366 
 0.3992 
 0.3633 
 0.3292 
 0.2969 
 0.2665 
 0.2382 
 0.2118 
 0.1876 
 0.1653 
 0.1451 
 0.1267 
 0.1101 
 0.0953 
 1.0000 
 1.0000 
 1.0000 
 1.0000 
 1.0000 
 1.0000 
 1.0000 
 1.0000 
 1.0000 
 1.0000 
 1.0000 
 1.0000 
 1.0000 
 1.0000 
 1.0000 
 1.0000 
 1.0000 
 1.0000 
 1.0000 
 1.0000 
 -1.0000 
 -1.0000 
 -1.0000 
 -1.0000 
 -1.0000 
 -1.0000 
 -1.0000 
 0.0000 
 0.0000 
 0.0000 
 0.0000 
 0.0000 
 0.0000 
 0.0000 
 0.0821 
 0.0953 
 0.1101 
 0.1267 
 0.1451 
 0.1653 
 0.1876 
 0.2118 
 0.2382 
 0.2665 
 0.2969 
 0.3292 
 0.3633 
 0.3992 
 0.4366 
 0.4753 
 0.5151 
 0.5556 
 0.5966 
 0.6377 
 0.6784 
 0.7185 
 0.7575 
 0.7949 
 0.8303 
 0.8634 
 0.8936 
 0.9207 
 0.9442 
 0.9639 
 0.9796 
 0.9909 
 0.9977 
 1.0000 
 0.9977 
 0.9909 
 0.9796 
 0.9639 
 0.9442 
 0.9207 
 0.8936 
 0.8634 
 0.8303 
 0.7949 
 0.7575 
 0.7185 
 0.6784 
 0.6377 
 0.5966 
 0.5556 
 0.5151 
 0.4753 
 0.4366 
 0.3992 
 0.3633 
 0.3292 
 0.2969 
 0.2665 
 0.2382 
 0.2118 
 0.1876 
 0.1653 
 0.1451 
 0.1267 
 0.1101 
 0.0953 
 1.0000 
 1.0000 
 1.0000 
 1.0000 
 1.0000 
 1.0000 
 1.0000 
 1.0000 
 1.0000 
 1.0000 
 1.0000 
 1.0000 
 1.0000 
 1.0000 
 1.0000 
 1.0000 
 1.0000 
 1.0000 
 1.0000 
 1.0000 
 -1.0000 
 -1.0000 
 -1.0000 
 -1.0000 
 -1.0000 
 -1.0000 
 -1.0000 
 0.0000 
 0.0000 
 0.0000 
 0.0000 
 0.0000 
 0.0000 
 0.0000 
 0.0821 
 0.0953 
 0.1101 
 0.1267 
 0.1451 
 0.1653 
 0.1876 
 0.2118 
 0.2382 
 0.2665 
 0.2969 
 0.3292 
 0.3633 
 0.3992 
 0.4366 
 0.4753 
 0.5151 
 0.5556 
 0.5966 
 0.6377 
 0.6784 
 0.7185 
 0.7575 
 0.7949 
 0.8303 
 0.8634 
 0.8936 
 0.9207 
 0.9442 
 0.9639 
 0.9796 
 0.9909 
 0.9977 
 1.0000 
 0.9977 
 0.9909 
 0.9796 
 0.9639 
 0.9442 
 0.9207 
 0.8936 
 0.8634 
 0.8303 
 0.7949 
 0.7575 
 0.7185 
 0.6784 
 0.6377 
 0.5966 
 0.5556 
 0.5151 
 0.4753 
 0.4366 
 0.3992 
 0.3633 
 0.3292 
 0.2969 
 0.2665 
 0.2382 
 0.2118 
 0.1876 
 0.1653 
 0.1451 
 0.1267 
 0.1101 
 0.0953 
 1.0000 
 1.0000 
 1.0000 
 1.0000 
 1.0000 
 1.0000 
 1.0000 
 1.0000 
 1.0000 
 1.0000 
 1.0000 
 1.0000 
 1.0000 
 1.0000 
 1.0000 
 1.0000 
 1.0000 
 1.0000 
 1.0000 
 1.0000 
 -1.0000 
 -1.0000 
 -1.0000 
 -1.0000 
 -1.0000 
 -1.0000 
 -1.0000 
 0.0000 
 0.0000 
 0.0000 
 0.0000 
 0.0000 
 0.0000 
 0.0000 
 0.0821 
 0.0953 
 0.1101 
 0.1267 
 0.1451 
 0.1653 
 0.1876 
 0.2118 
 0.2382 
 0.2665 
 0.2969 
 0.3292 
 0.3633 
 0.3992 
 0.4366 
 0.4753 
 0.5151 
 0.5556 
 0.5966 
 0.6377 
 0.6784 
 0.7185 
 0.7575 
 0.7949 
 0.8303 
 0.8634 
 0.8936 
 0.9207 
 0.9442 
 0.9639 
 0.9796 
 0.9909 
 0.9977 
 1.0000 
 0.9977 
 0.9909 
 0.9796 
 0.9639 
 0.9442 
 0.9207 
 0.8936 
 0.8634 
 0.8303 
 0.7949 
 0.7575 
 0.7185 
 0.6784 
 0.6377 
 0.5966 
 0.5556 
 0.5151 
 0.4753 
 0.4366 
 0.3992 
 0.3633 
 0.3292 
 0.2969 
 0.2665 
 0.2382 
 0.2118 
 0.1876 
 0.1653 
 0.1451 
 0.1267 
 0.1101 
 0.0953 
 1.0000 
 1.0000 
 1.0000 
 1.0000 
 1.0000 
 1.0000 
 1.0000 
 1.0000 
 1.0000 
 1.0000 
 1.0000 
 1.0000 
 1.0000 
 1.0000 
 1.0000 
 1.0000 
 1.0000 
 1.0000 
 1.0000 
 1.0000 
 -1.0000 
 -1.0000 
 -1.0000 
 -1.0000 
 -1.0000 
 -1.0000 
 -1.0000 
 0.0000 
 0.0000 
 0.0000 
 0.0000 
 0.0000 
 0.0000 
 0.0000 
 -0.0821 
 -0.0953 
 -0.1101 
 -0.1267 
 -0.1451 
 -0.1653 
 -0.1876 
 -0.2118 
 -0.2382 
 -0.2665 
 -0.2969 
 -0.3292 
 -0.3633 
 -0.3992 
 -0.4366 
 -0.4753 
 -0.5151 
 -0.5556 
 -0.5966 
 -0.6377 
 -0.6784 
 -0.7185 
 -0.7575 
 -0.7949 
 -0.8303 
 -0.8634 
 -0.8936 
 -0.9207 
 -0.9442 
 -0.9639 
 -0.9796 
 -0.9909 
 -0.9977 
 -1.0000 
 -0.9977 
 -0.9909 
 -0.9796 
 -0.9639 
 -0.9442 
 -0.9207 
 -0.8936 
 -0.8634 
 -0.8303 
 -0.7949 
 -0.7575 
 -0.7185 
 -0.6784 
 -0.6377 
 -0.5966 
 -0.5556 
 -0.5151 
 -0.4753 
 -0.4366 
 -0.3992 
 -0.3633 
 -0.3292 
 -0.2969 
 -0.2665 
 -0.2382 
 -0.2118 
 -0.1876 
 -0.1653 
 -0.1451 
 -0.1267 
 -0.1101 
 -0.0953 
 -1.0000 
 -1.0000 
 -1.0000 
 -1.0000 
 -1.0000 
 -1.0000 
 -1.0000 
 -1.0000 
 -1.0000 
 -1.0000 
 -1.0000 
 -1.0000 
 -1.0000 
 -1.0000 
 -1.0000 
 -1.0000 
 -1.0000 
 -1.0000 
 -1.0000 
 -1.0000 
 1.0000 
 1.0000 
 1.0000 
 1.0000 
 1.0000 
 1.0000 
 1.0000 
 -0.0000 
 -0.0000 
 -0.0000 
 -0.0000 
 -0.0000 
 -0.0000 
 -0.0000 
 -0.0821 
 -0.0953 
 -0.1101 
 -0.1267 
 -0.1451 
 -0.1653 
 -0.1876 
 -0.2118 
 -0.2382 
 -0.2665 
 -0.2969 
 -0.3292 
 -0.3633 
 -0.3992 
 -0.4366 
 -0.4753 
 -0.5151 
 -0.5556 
 -0.5966 
 -0.6377 
 -0.6784 
 -0.7185 
 -0.7575 
 -0.7949 
 -0.8303 
 -0.8634 
 -0.8936 
 -0.9207 
 -0.9442 
 -0.9639 
 -0.9796 
 -0.9909 
 -0.9977 
 -1.0000 
 -0.9977 
 -0.9909 
 -0.9796 
 -0.9639 
 -0.9442 
 -0.9207 
 -0.8936 
 -0.8634 
 -0.8303 
 -0.7949 
 -0.7575 
 -0.7185 
 -0.6784 
 -0.6377 
 -0.5966 
 -0.5556 
 -0.5151 
 -0.4753 
 -0.4366 
 -0.3992 
 -0.3633 
 -0.3292 
 -0.2969 
 -0.2665 
 -0.2382 
 -0.2118 
 -0.1876 
 -0.1653 
 -0.1451 
 -0.1267 
 -0.1101 
 -0.0953 
 -1.0000 
 -1.0000 
 -1.0000 
 -1.0000 
 -1.0000 
 -1.0000 
 -1.0000 
 -1.0000 
 -1.0000 
 -1.0000 
 -1.0000 
 -1.0000 
 -1.0000 
 -1.0000 
 -1.0000 
 -1.0000 
 -1.0000 
 -1.0000 
 -1.0000 
 -1.0000 
 1.0000 
 1.0000 
 1.0000 
 1.0000 
 1.0000 
 1.0000 
 1.0000 
 -0.0000 
 -0.0000 
 -0.0000 
 -0.0000 
 -0.0000 
 -0.0000 
 -0.0000 
 -0.0821 
 -0.0953 
 -0.1101 
 -0.1267 
 -0.1451 
 -0.1653 
 -0.1876 
 -0.2118 
 -0.2382 
 -0.2665 
 -0.2969 
 -0.3292 
 -0.3633 
 -0.3992 
 -0.4366 
 -0.4753 
 -0.5151 
 -0.5556 
 -0.5966 
 -0.6377 
 -0.6784 
 -0.7185 
 -0.7575 
 -0.7949 
 -0.8303 
 -0.8634 
 -0.8936 
 -0.9207 
 -0.9442 
 -0.9639 
 -0.9796 
 -0.9909 
 -0.9977 
 -1.0000 
 -0.9977 
 -0.9909 
 -0.9796 
 -0.9639 
 -0.9442 
 -0.9207 
 -0.8936 
 -0.8634 
 -0.8303 
 -0.7949 
 -0.7575 
 -0.7185 
 -0.6784 
 -0.6377 
 -0.5966 
 -0.5556 
 -0.5151 
 -0.4753 
 -0.4366 
 -0.3992 
 -0.3633 
 -0.3292 
 -0.2969 
 -0.2665 
 -0.2382 
 -0.2118 
 -0.1876 
 -0.1653 
 -0.1451 
 -0.1267 
 -0.1101 
 -0.0953 
 -1.0000 
 -1.0000 
 -1.0000 
 -1.0000 
 -1.0000 
 -1.0000 
 -1.0000 
 -1.0000 
 -1.0000 
 -1.0000 
 -1.0000 
 -1.0000 
 -1.0000 
 -1.0000 
 -1.0000 
 -1.0000 
 -1.0000 
 -1.0000 
 -1.0000 
 -1.0000 
 1.0000 
 1.0000 
 1.0000 
 1.0000 
 1.0000 
 1.0000 
 1.0000 
 -0.0000 
 -0.0000 
 -0.0000 
 -0.0000 
 -0.0000 
 -0.0000 
 -0.0000 
 -0.0821 
 -0.0953 
 -0.1101 
 -0.1267 
 -0.1451 
 -0.1653 
 -0.1876 
 -0.2118 
 -0.2382 
 -0.2665 
 -0.2969 
 -0.3292 
 -0.3633 
 -0.3992 
 -0.4366 
 -0.4753 
 -0.5151 
 -0.5556 
 -0.5966 
 -0.6377 
 -0.6784 
 -0.7185 
 -0.7575 
 -0.7949 
 -0.8303 
 -0.8634 
 -0.8936 
 -0.9207 
 -0.9442 
 -0.9639 
 -0.9796 
 -0.9909 
 -0.9977 
 -1.0000 
 -0.9977 
 -0.9909 
 -0.9796 
 -0.9639 
 -0.9442 
 -0.9207 
 -0.8936 
 -0.8634 
 -0.8303 
 -0.7949 
 -0.7575 
 -0.7185 
 -0.6784 
 -0.6377 
 -0.5966 
 -0.5556 
 -0.5151 
 -0.4753 
 -0.4366 
 -0.3992 
 -0.3633 
 -0.3292 
 -0.2969 
 -0.2665 
 -0.2382 
 -0.2118 
 -0.1876 
 -0.1653 
 -0.1451 
 -0.1267 
 -0.1101 
 -0.0953 
 -1.0000 
 -1.0000 
 -1.0000 
 -1.0000 
 -1.0000 
 -1.0000 
 -1.0000 
 -1.0000 
 -1.0000 
 -1.0000 
 -1.0000 
 -1.0000 
 -1.0000 
 -1.0000 
 -1.0000 
 -1.0000 
 -1.0000 
 -1.0000 
 -1.0000 
 -1.0000 
 1.0000 
 1.0000 
 1.0000 
 1.0000 
 1.0000 
 1.0000 
 1.0000 
 -0.0000 
 -0.0000 
 -0.0000 
 -0.0000 
 -0.0000 
 -0.0000 
 -0.0000 
 -0.0821 
 -0.0953 
 -0.1101 
 -0.1267 
 -0.1451 
 -0.1653 
 -0.1876 
 -0.2118 
 -0.2382 
 -0.2665 
 -0.2969 
 -0.3292 
 -0.3633 
 -0.3992 
 -0.4366 
 -0.4753 
 -0.5151 
 -0.5556 
 -0.5966 
 -0.6377 
 -0.6784 
 -0.7185 
 -0.7575 
 -0.7949 
 -0.8303 
 -0.8634 
 -0.8936 
 -0.9207 
 -0.9442 
 -0.9639 
 -0.9796 
 -0.9909 
 -0.9977 
 -1.0000 
 -0.9977 
 -0.9909 
 -0.9796 
 -0.9639 
 -0.9442 
 -0.9207 
 -0.8936 
 -0.8634 
 -0.8303 
 -0.7949 
 -0.7575 
 -0.7185 
 -0.6784 
 -0.6377 
 -0.5966 
 -0.5556 
 -0.5151 
 -0.4753 
 -0.4366 
 -0.3992 
 -0.3633 
 -0.3292 
 -0.2969 
 -0.2665 
 -0.2382 
 -0.2118 
 -0.1876 
 -0.1653 
 -0.1451 
 -0.1267 
 -0.1101 
 -0.0953 
 -1.0000 
 -1.0000 
 -1.0000 
 -1.0000 
 -1.0000 
 -1.0000 
 -1.0000 
 -1.0000 
 -1.0000 
 -1.0000 
 -1.0000 
 -1.0000 
 -1.0000 
 -1.0000 
 -1.0000 
 -1.0000 
 -1.0000 
 -1.0000 
 -1.0000 
 -1.0000 
 1.0000 
 1.0000 
 1.0000 
 1.0000 
 1.0000 
 1.0000 
 1.0000 
 -0.0000 
 -0.0000 
 -0.0000 
 -0.0000 
 -0.0000 
 -0.0000 
 -0.0000 
 -0.0821 
 -0.0953 
 -0.1101 
 -0.1267 
 -0.1451 
 -0.1653 
 -0.1876 
 -0.2118 
 -0.2382 
 -0.2665 
 -0.2969 
 -0.3292 
 -0.3633 
 -0.3992 
 -0.4366 
 -0.4753 
 -0.5151 
 -0.5556 
 -0.5966 
 -0.6377 
 -0.6784 
 -0.7185 
 -0.7575 
 -0.7949 
 -0.8303 
 -0.8634 
 -0.8936 
 -0.9207 
 -0.9442 
 -0.9639 
 -0.9796 
 -0.9909 
 -0.9977 
 -1.0000 
 -0.9977 
 -0.9909 
 -0.9796 
 -0.9639 
 -0.9442 
 -0.9207 
 -0.8936 
 -0.8634 
 -0.8303 
 -0.7949 
 -0.7575 
 -0.7185 
 -0.6784 
 -0.6377 
 -0.5966 
 -0.5556 
 -0.5151 
 -0.4753 
 -0.4366 
 -0.3992 
 -0.3633 
 -0.3292 
 -0.2969 
 -0.2665 
 -0.2382 
 -0.2118 
 -0.1876 
 -0.1653 
 -0.1451 
 -0.1267 
 -0.1101 
 -0.0953 
 -1.0000 
 -1.0000 
 -1.0000 
 -1.0000 
 -1.0000 
 -1.0000 
 -1.0000 
 -1.0000 
 -1.0000 
 -1.0000 
 -1.0000 
 -1.0000 
 -1.0000 
 -1.0000 
 -1.0000 
 -1.0000 
 -1.0000 
 -1.0000 
 -1.0000 
 -1.0000 
 1.0000 
 1.0000 
 1.0000 
 1.0000 
 1.0000 
 1.0000 
 1.0000 
 -0.0000 
 -0.0000 
 -0.0000 
 -0.0000 
 -0.0000 
 -0.0000 
 -0.0000 
 -0.0821 
 -0.0953 
 -0.1101 
 -0.1267 
 -0.1451 
 -0.1653 
 -0.1876 
 -0.2118 
 -0.2382 
 -0.2665 
 -0.2969 
 -0.3292 
 -0.3633 
 -0.3992 
 -0.4366 
 -0.4753 
 -0.5151 
 -0.5556 
 -0.5966 
 -0.6377 
 -0.6784 
 -0.7185 
 -0.7575 
 -0.7949 
 -0.8303 
 -0.8634 
 -0.8936 
 -0.9207 
 -0.9442 
 -0.9639 
 -0.9796 
 -0.9909 
 -0.9977 
 -1.0000 
 -0.9977 
 -0.9909 
 -0.9796 
 -0.9639 
 -0.9442 
 -0.9207 
 -0.8936 
 -0.8634 
 -0.8303 
 -0.7949 
 -0.7575 
 -0.7185 
 -0.6784 
 -0.6377 
 -0.5966 
 -0.5556 
 -0.5151 
 -0.4753 
 -0.4366 
 -0.3992 
 -0.3633 
 -0.3292 
 -0.2969 
 -0.2665 
 -0.2382 
 -0.2118 
 -0.1876 
 -0.1653 
 -0.1451 
 -0.1267 
 -0.1101 
 -0.0953 
 -1.0000 
 -1.0000 
 -1.0000 
 -1.0000 
 -1.0000 
 -1.0000 
 -1.0000 
 -1.0000 
 -1.0000 
 -1.0000 
 -1.0000 
 -1.0000 
 -1.0000 
 -1.0000 
 -1.0000 
 -1.0000 
 -1.0000 
 -1.0000 
 -1.0000 
 -1.0000 
 1.0000 
 1.0000 
 1.0000 
 1.0000 
 1.0000 
 1.0000 
 1.0000 
 -0.0000 
 -0.0000 
 -0.0000 
 -0.0000 
 -0.0000 
 -0.0000 
 -0.0000 
 0.0000 
 0.0000 
 0.0000 
 0.0000 
 0.0000 
 0.0000 
 0.0000 
 0.0000 
 0.0000 
 0.0000 
 0.0000 
 0.0000 
 0.0000 
 0.0000 
 0.0000 
 0.0000 
 0.0000 
 0.0000 
 0.0000 
 0.0000 
 0.0000 
 0.0000 
 0.0000 
 0.0000 
 0.0000 
 0.0000 
 0.0000 
 0.0000 
 0.0000 
 0.0000 
 0.0000 
 0.0000 
 0.0000 
 0.0000 
 0.0000 
 0.0000 
 0.0000 
 0.0000 
 0.0000 
 0.0000 
 0.0000 
 0.0000 
 0.0000 
 0.0000 
 0.0000 
 0.0000 
 0.0000 
 0.0000 
 0.0000 
 0.0000 
 0.0000 
 0.0000 
 0.0000 
 0.0000 
 0.0000 
 0.0000 
 0.0000 
 0.0000 
 0.0000 
 0.0000 
 0.0000 
 0.0000 
 0.0000 
 0.0000 
 0.0000 
 0.0000 
 0.0000 
 0.0000 
 0.0000 
 0.0000 
 0.0000 
 0.0000 
 0.0000 
 0.0000 
 0.0000 
 0.0000 
 0.0000 
 0.0000 
 0.0000 
 0.0000 
 0.0000 
 0.0000 
 0.0000 
 0.0000 
 0.0000 
 0.0000 
 -0.0000 
 -0.0000 
 -0.0000 
 -0.0000 
 -0.0000 
 -0.0000 
 -0.0000 
 0.0000 
 0.0000 
 0.0000 
 0.0000 
 0.0000 
 0.0000 
 0.0000 
 0.0000 
 0.0000 
 0.0000 
 0.0000 
 0.0000 
 0.0000 
 0.0000 
 0.0000 
 0.0000 
 0.0000 
 0.0000 
 0.0000 
 0.0000 
 0.0000 
 0.0000 
 0.0000 
 0.0000 
 0.0000 
 0.0000 
 0.0000 
 0.0000 
 0.0000 
 0.0000 
 0.0000 
 0.0000 
 0.0000 
 0.0000 
 0.0000 
 0.0000 
 0.0000 
 0.0000 
 0.0000 
 0.0000 
 0.0000 
 0.0000 
 0.0000 
 0.0000 
 0.0000 
 0.0000 
 0.0000 
 0.0000 
 0.0000 
 0.0000 
 0.0000 
 0.0000 
 0.0000 
 0.0000 
 0.0000 
 0.0000 
 0.0000 
 0.0000 
 0.0000 
 0.0000 
 0.0000 
 0.0000 
 0.0000 
 0.0000 
 0.0000 
 0.0000 
 0.0000 
 0.0000 
 0.0000 
 0.0000 
 0.0000 
 0.0000 
 0.0000 
 0.0000 
 0.0000 
 0.0000 
 0.0000 
 0.0000 
 0.0000 
 0.0000 
 0.0000 
 0.0000 
 0.0000 
 0.0000 
 0.0000 
 0.0000 
 0.0000 
 0.0000 
 0.0000 
 0.0000 
 0.0000 
 0.0000 
 0.0000 
 -0.0000 
 -0.0000 
 -0.0000 
 -0.0000 
 -0.0000 
 -0.0000 
 -0.0000 
 0.0000 
 0.0000 
 0.0000 
 0.0000 
 0.0000 
 0.0000 
 0.0000 
 0.0000 
 0.0000 
 0.0000 
 0.0000 
 0.0000 
 0.0000 
 0.0000 
 0.0000 
 0.0000 
 0.0000 
 0.0000 
 0.0000 
 0.0000 
 0.0000 
 0.0000 
 0.0000 
 0.0000 
 0.0000 
 0.0000 
 0.0000 
 0.0000 
 0.0000 
 0.0000 
 0.0000 
 0.0000 
 0.0000 
 0.0000 
 0.0000 
 0.0000 
 0.0000 
 0.0000 
 0.0000 
 0.0000 
 0.0000 
 0.0000 
 0.0000 
 0.0000 
 0.0000 
 0.0000 
 0.0000 
 0.0000 
 0.0000 
 0.0000 
 0.0000 
 0.0000 
 0.0000 
 0.0000 
 0.0000 
 0.0000 
 0.0000 
 0.0000 
 0.0000 
 0.0000 
 0.0000 
 0.0000 
 0.0000 
 0.0000 
 0.0000 
 0.0000 
 0.0000 
 0.0000 
 0.0000 
 0.0000 
 0.0000 
 0.0000 
 0.0000 
 0.0000 
 0.0000 
 0.0000 
 0.0000 
 0.0000 
 0.0000 
 0.0000 
 0.0000 
 0.0000 
 0.0000 
 0.0000 
 0.0000 
 0.0000 
 0.0000 
 0.0000 
 0.0000 
 0.0000 
 0.0000 
 0.0000 
 0.0000 
 -0.0000 
 -0.0000 
 -0.0000 
 -0.0000 
 -0.0000 
 -0.0000 
 -0.0000 
 0.0000 
 0.0000 
 0.0000 
 0.0000 
 0.0000 
 0.0000 
 0.0000 
 0.0000 
 0.0000 
 0.0000 
 0.0000 
 0.0000 
 0.0000 
 0.0000 
 0.0000 
 0.0000 
 0.0000 
 0.0000 
 0.0000 
 0.0000 
 0.0000 
 0.0000 
 0.0000 
 0.0000 
 0.0000 
 0.0000 
 0.0000 
 0.0000 
 0.0000 
 0.0000 
 0.0000 
 0.0000 
 0.0000 
 0.0000 
 0.0000 
 0.0000 
 0.0000 
 0.0000 
 0.0000 
 0.0000 
 0.0000 
 0.0000 
 0.0000 
 0.0000 
 0.0000 
 0.0000 
 0.0000 
 0.0000 
 0.0000 
 0.0000 
 0.0000 
 0.0000 
 0.0000 
 0.0000 
 0.0000 
 0.0000 
 0.0000 
 0.0000 
 0.0000 
 0.0000 
 0.0000 
 0.0000 
 0.0000 
 0.0000 
 0.0000 
 0.0000 
 0.0000 
 0.0000 
 0.0000 
 0.0000 
 0.0000 
 0.0000 
 0.0000 
 0.0000 
 0.0000 
 0.0000 
 0.0000 
 0.0000 
 0.0000 
 0.0000 
 0.0000 
 0.0000 
 0.0000 
 0.0000 
 0.0000 
 0.0000 
 0.0000 
 0.0000 
 0.0000 
 0.0000 
 0.0000 
 0.0000 
 0.0000 
 -0.0000 
 -0.0000 
 -0.0000 
 -0.0000 
 -0.0000 
 -0.0000 
 -0.0000 
 0.0000 
 0.0000 
 0.0000 
 0.0000 
 0.0000 
 0.0000 
 0.0000 
 0.0000 
 0.0000 
 0.0000 
 0.0000 
 0.0000 
 0.0000 
 0.0000 
 0.0000 
 0.0000 
 0.0000 
 0.0000 
 0.0000 
 0.0000 
 0.0000 
 0.0000 
 0.0000 
 0.0000 
 0.0000 
 0.0000 
 0.0000 
 0.0000 
 0.0000 
 0.0000 
 0.0000 
 0.0000 
 0.0000 
 0.0000 
 0.0000 
 0.0000 
 0.0000 
 0.0000 
 0.0000 
 0.0000 
 0.0000 
 0.0000 
 0.0000 
 0.0000 
 0.0000 
 0.0000 
 0.0000 
 0.0000 
 0.0000 
 0.0000 
 0.0000 
 0.0000 
 0.0000 
 0.0000 
 0.0000 
 0.0000 
 0.0000 
 0.0000 
 0.0000 
 0.0000 
 0.0000 
 0.0000 
 0.0000 
 0.0000 
 0.0000 
 0.0000 
 0.0000 
 0.0000 
 0.0000 
 0.0000 
 0.0000 
 0.0000 
 0.0000 
 0.0000 
 0.0000 
 0.0000 
 0.0000 
 0.0000 
 0.0000 
 0.0000 
 0.0000 
 0.0000 
 0.0000 
 0.0000 
 0.0000 
 0.0000 
 0.0000 
 0.0000 
 0.0000 
 0.0000 
 0.0000 
 0.0000 
 0.0000 
 -0.0000 
 -0.0000 
 -0.0000 
 -0.0000 
 -0.0000 
 -0.0000 
 -0.0000 
 0.0000 
 0.0000 
 0.0000 
 0.0000 
 0.0000 
 0.0000 
 0.0000 
 0.0000 
 0.0000 
 0.0000 
 0.0000 
 0.0000 
 0.0000 
 0.0000 
 0.0000 
 0.0000 
 0.0000 
 0.0000 
 0.0000 
 0.0000 
 0.0000 
 0.0000 
 0.0000 
 0.0000 
 0.0000 
 0.0000 
 0.0000 
 0.0000 
 0.0000 
 0.0000 
 0.0000 
 0.0000 
 0.0000 
 0.0000 
 0.0000 
 0.0000 
 0.0000 
 0.0000 
 0.0000 
 0.0000 
 0.0000 
 0.0000 
 0.0000 
 0.0000 
 0.0000 
 0.0000 
 0.0000 
 0.0000 
 0.0000 
 0.0000 
 0.0000 
 0.0000 
 0.0000 
 0.0000 
 0.0000 
 0.0000 
 0.0000 
 0.0000 
 0.0000 
 0.0000 
 0.0000 
 0.0000 
 0.0000 
 0.0000 
 0.0000 
 0.0000 
 0.0000 
 0.0000 
 0.0000 
 0.0000 
 0.0000 
 0.0000 
 0.0000 
 0.0000 
 0.0000 
 0.0000 
 0.0000 
 0.0000 
 0.0000 
 0.0000 
 0.0000 
 0.0000 
 0.0000 
 0.0000 
 0.0000 
 0.0000 
 0.0000 
 0.0000 
 0.0000 
 0.0000 
 0.0000 
 0.0000 
 0.0000 
 -0.0000 
 -0.0000 
 -0.0000 
 -0.0000 
 -0.0000 
 -0.0000 
 -0.0000 
 0.0000 
 0.0000 
 0.0000 
 0.0000 
 0.0000 
 0.0000 
 0.0000 
 0.0000 
 0.0000 
 0.0000 
 0.0000 
 0.0000 
 0.0000 
 0.0000 
 0.0000 
 0.0000 
 0.0000 
 0.0000 
 0.0000 
 0.0000 
 0.0000 
 0.0000 
 0.0000 
 0.0000 
 0.0000 
 0.0000 
 0.0000 
 0.0000 
 0.0000 
 0.0000 
 0.0000 
 0.0000 
 0.0000 
 0.0000 
 0.0000 
 0.0000 
 0.0000 
 0.0000 
 0.0000 
 0.0000 
 0.0000 
 0.0000 
 0.0000 
 0.0000 
 0.0000 
 0.0000 
 0.0000 
 0.0000 
 0.0000 
 0.0000 
 0.0000 
 0.0000 
 0.0000 
 0.0000 
 0.0000 
 0.0000 
 0.0000 
 0.0000 
 0.0000 
 0.0000 
 0.0000 
 0.0000 
 0.0000 
 0.0000 
 0.0000 
 0.0000 
 0.0000 
 0.0000 
 0.0000 
 0.0000 
 0.0000 
 0.0000 
 0.0000 
 0.0000 
 0.0000 
 0.0000 
 0.0000 
 0.0000 
 0.0000 
 0.0000 
 0.0000 
 0.0000 
 0.0000 
 0.0000 
 0.0000 
 0.0000 
 0.0000 
 0.0000 
 0.0000 
 0.0000 
 0.0000 
 0.0000 
 0.0000 
 -0.0000 
 -0.0000 
 -0.0000 
 -0.0000 
 -0.0000 
 -0.0000 
 -0.0000 
 0.0000 
 0.0000 
 0.0000 
 0.0000 
 0.0000 
 0.0000 
 0.0000 
