 0.8965 
 0.6452 
 0.9451 
 0.7590 
 0.3128 
 0.0958 
 0.0371 
 0.8507 
 0.6242 
 0.2841 
 0.3685 
 0.9954 
 0.9768 
 0.0185 
 0.5284 
 0.3492 
 0.4506 
 0.4445 
 0.7662 
 0.6923 
 0.6837 
 0.9505 
 0.5643 
 0.9511 
 0.2043 
 0.3739 
 0.9267 
 0.2483 
 0.3999 
 0.5168 
 0.9595 
 0.3662 
 0.4361 
 0.4256 
 0.2808 
 0.9614 
 0.9988 
 0.7616 
 0.0779 
 0.8973 
 0.7857 
 0.4247 
 0.9639 
 0.5091 
 0.2537 
 0.0375 
 0.9897 
 0.4932 
 0.1275 
 0.3369 
 0.3298 
 0.4122 
 0.7161 
 0.5397 
 0.0449 
 0.1163 
 0.3980 
 0.8405 
 0.5502 
 0.4579 
 0.0363 
 0.5121 
 0.0323 
 0.9530 
 0.7976 
 0.9184 
 0.6891 
 0.7619 
 0.1792 
 0.4655 
 0.3651 
 0.8703 
 0.2864 
 0.6142 
 0.3606 
 0.0079 
 0.4693 
 0.2960 
 0.1357 
 0.9894 
 0.3623 
 0.9209 
 0.1215 
 0.3124 
 0.6244 
 0.5527 
 0.5931 
 0.3605 
 0.6838 
 0.3089 
 0.2159 
 0.9549 
 0.2232 
 0.7566 
 0.7327 
 0.9605 
 0.9220 
 0.6033 
 0.1094 
 0.1519 
 0.2884 
 0.4424 
 0.4002 
 0.5591 
 0.3973 
 0.3812 
 0.8439 
 0.4154 
 0.2774 
 0.6275 
 0.6569 
 0.9612 
 0.1340 
 0.1641 
 0.6349 
 0.6292 
 0.6762 
 0.3081 
 0.8404 
 0.6642 
 0.7484 
 0.0994 
 0.6760 
 0.0840 
 0.5014 
 0.7363 
 0.6994 
 0.7305 
 0.1482 
 0.8900 
 0.0306 
 0.1585 
 0.5077 
 0.7457 
 0.4189 
 0.6725 
 0.7162 
 0.5454 
 0.6962 
 0.9352 
 0.6502 
 0.1282 
 0.4428 
 0.1742 
 0.6334 
 0.4099 
 0.1435 
 0.1821 
 0.3695 
 0.3851 
 0.3129 
 0.5447 
 0.3654 
 0.0706 
 0.1419 
 0.0449 
 0.2265 
 0.5419 
 0.9393 
 0.3514 
 0.6222 
 0.0387 
 0.0265 
 0.8355 
 0.4964 
 0.5593 
 0.7309 
 0.9263 
 0.7099 
 0.7471 
 0.4697 
 0.8448 
 0.0285 
 0.6717 
 0.2291 
 0.5735 
 0.9507 
 0.2873 
 0.9729 
 0.8139 
 0.8792 
 0.3151 
 0.9211 
 0.2318 
 0.6982 
 0.5957 
 0.0101 
 0.3332 
 0.7492 
 0.4702 
 0.1398 
 0.2985 
 0.8792 
 0.7619 
 0.6493 
 0.9265 
 0.4357 
 0.8569 
 0.0719 
 0.9006 
 0.9961 
 0.6350 
 0.4715 
 0.3164 
 0.5832 
 0.0274 
 0.4470 
 0.9849 
 0.6748 
 0.5096 
 0.4130 
 0.8851 
 0.6432 
 0.6321 
 0.6323 
 0.0021 
 0.3274 
 0.1680 
 0.8182 
 0.5793 
 0.7084 
 0.6596 
 0.4541 
 0.3967 
 0.5575 
 0.7343 
 0.1706 
 0.1366 
 0.9365 
 0.2502 
 0.5404 
 0.2908 
 0.6277 
 0.0013 
 0.1189 
 0.8442 
 0.8906 
 0.6985 
 0.0261 
 0.1786 
 0.5276 
 0.7768 
 0.2957 
 0.7701 
 0.5450 
 0.5985 
 0.0231 
 0.4778 
 0.9238 
 0.2817 
 0.7516 
 0.9052 
 0.0537 
 0.1028 
 0.6647 
 0.4299 
 0.2983 
 0.1209 
 0.6573 
 0.3074 
 0.5828 
 0.6218 
 0.3659 
 0.5651 
 0.0413 
 0.1036 
 0.9632 
 0.2848 
 0.6837 
 0.7298 
 0.4935 
 0.3729 
 0.0526 
 0.7652 
 0.6887 
 0.4180 
 0.3703 
 0.6197 
 0.0289 
 0.6472 
 0.4991 
 0.4464 
 0.9107 
 0.0311 
 0.6248 
 0.3943 
 0.5078 
 0.8993 
 0.1653 
 0.1874 
 0.9340 
 0.9521 
 0.2436 
 0.2344 
 0.2352 
 0.7481 
 0.3891 
 0.6094 
 0.7576 
 0.5133 
 0.0141 
 0.2301 
 0.8042 
 0.3960 
 0.0084 
 0.9402 
 0.2785 
 0.9356 
 0.9600 
 0.0843 
 0.1826 
 0.6368 
 0.9907 
 0.2367 
 0.5116 
 0.5522 
 0.0679 
 0.0452 
 0.6470 
 0.4819 
 0.3042 
 0.2578 
 0.3193 
 0.5142 
 0.6637 
 0.4726 
 0.4216 
 0.6545 
 0.0303 
 0.8642 
 0.5976 
 0.0857 
 0.8357 
 0.2785 
 0.8030 
 0.5526 
 0.8874 
 0.1301 
 0.1020 
 0.0242 
 0.2800 
 0.7121 
 0.2773 
 0.6598 
 0.3981 
 0.2796 
 0.3379 
 0.9334 
 0.8519 
 0.7703 
 0.4139 
 0.2868 
 0.5131 
 0.4071 
 0.4712 
 0.5276 
 0.7895 
 0.1246 
 0.4005 
 0.7912 
 0.6712 
 0.4884 
 0.9224 
 0.8135 
 0.6375 
 0.5345 
 0.5108 
 0.1931 
 0.2855 
 0.0938 
 0.7260 
 0.1849 
 0.1593 
 0.4942 
 0.6940 
 0.1446 
 0.6292 
 0.7686 
 0.7405 
 0.6007 
 0.6213 
 0.3571 
 0.3886 
 0.3220 
 0.9801 
 0.7670 
 0.4610 
 0.1524 
 0.1493 
 0.0698 
 0.7697 
 0.7505 
 0.9458 
 0.4261 
 0.6918 
 0.4875 
 0.5113 
 0.7698 
 0.6931 
 0.1468 
 0.1056 
 0.8334 
 0.4489 
 0.9565 
 0.9986 
 0.2058 
 0.5716 
 0.0791 
 0.0390 
 0.9564 
 0.1619 
 0.7817 
 0.8411 
 0.3528 
 0.5829 
 0.9273 
 0.0328 
 0.4441 
 0.6575 
 0.5577 
 0.6054 
 0.7297 
 0.8546 
 0.5029 
 0.8846 
 0.0852 
 0.7502 
 0.9549 
 0.1911 
 0.1730 
 0.7660 
 0.5824 
 0.0246 
 0.0998 
 0.2790 
 0.6623 
 0.6576 
 0.2968 
 0.4543 
 0.7383 
 0.2128 
 0.0137 
 0.2778 
 0.9287 
 0.4409 
 0.8307 
 0.4558 
 0.9954 
 0.2746 
 0.9694 
 0.8233 
 0.5476 
 0.7695 
 0.8105 
 0.9154 
 0.8390 
 0.1031 
 0.5808 
 0.1175 
 0.9316 
 0.5491 
 0.4085 
 0.3527 
 0.5512 
 0.9095 
 0.4515 
 0.8727 
 0.2456 
 0.4666 
 0.6728 
 0.1891 
 0.7896 
 0.2365 
 0.3543 
 0.0346 
 0.4779 
 0.1094 
 0.4865 
 0.4582 
 0.8724 
 0.0030 
 0.4390 
 0.7762 
 0.4487 
 0.5342 
 0.4814 
 0.0710 
 0.9046 
 0.0610 
 0.3208 
 0.7255 
 0.5552 
 0.1614 
 0.2817 
 0.2378 
 0.0626 
 0.9617 
 0.3082 
 0.8532 
 0.8245 
 0.8077 
 0.3063 
 0.7501 
 0.7547 
 0.1857 
 0.6652 
 0.3870 
 0.3418 
 0.6918 
 0.7301 
 0.6833 
 0.8308 
 0.3424 
 0.3867 
 0.9324 
 0.9221 
 0.4698 
 0.1736 
 0.4307 
 0.1411 
 0.6471 
 0.9145 
 0.1808 
 0.2403 
 0.5534 
 0.2913 
 0.4383 
 0.5103 
 0.6959 
 0.3218 
 0.8539 
 0.6033 
 0.4128 
 0.3139 
 0.5803 
 0.3716 
 0.6176 
 0.8854 
 0.4778 
 0.3976 
 0.2798 
 0.8904 
 0.2921 
 0.1702 
 0.0240 
 0.4984 
 0.7506 
 0.1794 
 0.9904 
 0.0767 
 0.5314 
 0.6044 
 0.4123 
 0.2674 
 0.4312 
 0.0710 
 0.1492 
 0.3067 
 0.3673 
 0.6676 
 0.6840 
 0.8960 
 0.5034 
 0.0544 
 0.4882 
 0.6735 
 0.6027 
 0.3338 
 0.2734 
 0.2865 
 0.6402 
 0.3570 
 0.3588 
 0.3034 
 0.8692 
 0.7600 
 0.9990 
 0.1360 
 0.1751 
 0.8879 
 0.4091 
 0.9636 
 0.7162 
 0.2306 
 0.5202 
 0.9906 
 0.6750 
 0.5001 
 0.5291 
 0.9514 
 0.7672 
 0.2818 
 0.8092 
 0.6214 
 0.2121 
 0.7147 
 0.3138 
 0.6468 
 0.0129 
 0.7865 
 0.5614 
 0.7769 
 0.6119 
 0.6541 
 0.3662 
 0.7021 
 0.5921 
 0.0623 
 0.7420 
 0.7704 
 0.7130 
 0.8451 
 0.5135 
 0.1566 
 0.6545 
 0.9492 
 0.4862 
 0.3416 
 0.1278 
 0.8036 
 0.4418 
 0.8866 
 0.3447 
 0.8319 
 0.0014 
 0.0931 
 0.1286 
 0.1301 
 0.7734 
 0.0099 
 0.7371 
 0.4970 
 0.4914 
 0.6959 
 0.4742 
 0.6751 
 0.9283 
 0.2870 
 0.2071 
 0.8173 
 0.2304 
 0.4887 
 0.4493 
 0.2444 
 0.9698 
 0.4163 
 0.4995 
 0.9725 
 0.5855 
 0.4330 
 0.1484 
 0.4221 
 0.2016 
 0.6278 
 0.8566 
 0.7859 
 0.1974 
 0.9933 
 0.6514 
 0.6316 
 0.2824 
 0.2093 
 0.5811 
 0.4972 
 0.0196 
 0.3868 
 0.7696 
 0.8775 
 0.7846 
 0.8606 
 0.2047 
 0.4580 
 0.7887 
 0.7237 
 0.4074 
 0.0606 
 0.8544 
 0.4199 
 0.9640 
 0.8327 
 0.5373 
 0.4615 
 0.0682 
 0.7502 
 0.7648 
 0.4343 
 0.6903 
 0.1435 
 0.7250 
 0.2192 
 0.8272 
 0.0810 
 0.4559 
 0.7025 
 0.7820 
 0.9679 
 0.4188 
 0.6363 
 0.7986 
 0.0140 
 0.3478 
 0.5355 
 0.3511 
 0.0147 
 0.5876 
 0.7465 
 0.6470 
 0.9976 
 0.7491 
 0.0162 
 0.4970 
 0.7998 
 0.8633 
 0.8554 
 0.0844 
 0.3151 
 0.7227 
 0.1177 
 0.6867 
 0.7800 
 0.1178 
 0.4050 
 0.1747 
 0.1461 
 0.8740 
 0.1776 
 0.5514 
 0.4679 
 0.2905 
 0.2317 
 0.5964 
 0.6405 
 0.7373 
 0.6199 
 0.1214 
 0.1815 
 0.6112 
 0.0940 
 0.7902 
 0.3737 
 0.6649 
 0.1253 
 0.2001 
 0.1201 
 0.4671 
 0.4394 
 0.5185 
 0.1986 
 0.3898 
 0.8443 
 0.3112 
 0.2673 
 0.8036 
 0.7157 
 0.9080 
 0.6779 
 0.7800 
 0.7794 
 0.6229 
 0.6445 
 0.7298 
 0.6775 
 0.1265 
 0.5337 
 0.1851 
 0.3426 
 0.8898 
 0.3126 
 0.8327 
 0.4832 
 0.7020 
 0.3995 
 0.9774 
 0.6407 
 0.6599 
 0.1881 
 0.6635 
 0.8534 
 0.5139 
 0.2118 
 0.1543 
 0.9229 
 0.1268 
 0.4389 
 0.8040 
 0.3904 
 0.7953 
 0.6432 
 0.3319 
 0.3134 
 0.0711 
 0.2961 
 0.2307 
 0.7478 
 0.8775 
 0.1983 
 0.7559 
 0.2318 
 0.9715 
 0.7145 
 0.8832 
 0.6632 
 0.5853 
 0.0219 
 0.5025 
 0.7607 
 0.5325 
 0.5252 
 0.1652 
 0.8862 
 0.8930 
 0.9574 
 0.5827 
 0.4229 
 0.8971 
 0.1171 
 0.0479 
 0.4170 
 0.5886 
 0.7321 
 0.7001 
 0.8835 
 0.1276 
 0.8192 
 0.8949 
 0.4457 
 0.0951 
 0.0144 
 0.4399 
 0.3469 
 0.2637 
 0.4087 
 0.7698 
 0.7243 
 0.9252 
 0.1751 
 0.5113 
 0.8252 
 0.4079 
 0.4960 
 0.0749 
 0.5627 
 0.6339 
 0.8288 
 0.1758 
 0.6988 
 0.2588 
 0.6087 
 0.8924 
 0.5403 
 0.6426 
 0.2296 
 0.4066 
 0.1852 
 0.0214 
 0.5436 
 0.3218 
 0.4015 
 0.3714 
 0.2146 
 0.8940 
 0.2541 
 0.0395 
 0.5135 
 0.3199 
 0.8434 
 0.1174 
 0.6013 
 0.4712 
 0.6803 
 0.0894 
 0.8164 
 0.6444 
 0.7166 
 0.1084 
 0.4970 
 0.1595 
 0.5851 
 0.8331 
 0.3996 
 0.4582 
 0.5980 
 0.5216 
 0.6815 
 0.4621 
 0.4176 
 0.8129 
 0.8900 
 0.3074 
 0.2068 
 0.5616 
 0.3949 
 0.2156 
 0.4127 
 0.8670 
 0.4094 
 0.0811 
 0.0848 
 0.0088 
 0.1518 
 0.8923 
 0.6930 
 0.1868 
 0.1066 
 0.3752 
 0.2573 
 0.8830 
 0.0780 
 0.4109 
 0.5317 
 0.4023 
 0.7895 
 0.7871 
 0.9395 
 0.2312 
 0.2615 
 0.6705 
 0.8935 
 0.8433 
 0.5408 
 0.4302 
 0.2826 
 0.2260 
 0.4494 
 0.4438 
 0.4439 
 0.8941 
 0.6194 
 0.6364 
 0.1746 
 0.7424 
 0.4709 
 0.4042 
 0.7087 
 0.2678 
 0.2570 
 0.9149 
 0.5790 
 0.3417 
 0.4633 
 0.4180 
 0.2197 
 0.2246 
 0.9900 
 0.9795 
 0.4457 
 0.6568 
 0.7311 
 0.2921 
 0.5650 
 0.2929 
 0.9830 
 0.5501 
 0.9409 
 0.2917 
 0.4361 
 0.5750 
 0.2061 
 0.9363 
 0.1373 
 0.8307 
 0.8332 
 0.1776 
 0.5349 
 0.7442 
 0.9770 
 0.5857 
 0.2244 
 0.6983 
 0.2772 
 0.9957 
 0.8433 
 0.6944 
 0.0442 
 0.0966 
 0.5923 
 0.9418 
 0.4833 
 0.5576 
 0.4282 
 0.1962 
 0.8280 
 0.5693 
 0.3036 
 0.8422 
 0.9097 
 0.3790 
 0.5468 
 0.1075 
 0.2969 
 0.1611 
 0.4230 
 0.1400 
 0.0483 
 0.5563 
 0.1430 
 0.3227 
 0.8697 
 0.7884 
 0.2088 
