 21.2450 
 20.8450 
 20.7800 
 19.8450 
 20.1700 
 19.3500 
 18.5800 
 18.7050 
 18.0200 
 18.0500 
 18.5550 
 18.8000 
 19.2000 
 19.5050 
 19.7450 
 19.9500 
 19.5850 
 19.1950 
 19.5350 
 20.3900 
 20.2150 
 19.9850 
 19.6900 
 19.7050 
 20.2250 
 20.9050 
 20.5900 
 20.6550 
 20.6350 
 20.5850 
 19.8200 
 19.6800 
 19.3700 
 19.8350 
 19.8350 
 19.6300 
 20.6050 
 20.4850 
 21.0600 
 21.4950 
 21.5550 
 22.2500 
 22.1500 
 22.6150 
 22.9250 
 23.4150 
 23.3500 
 23.3350 
 23.9300 
 23.8750 
 24.3550 
 24.3650 
 23.9850 
 25.1400 
 25.0100 
 24.9500 
 24.9900 
 25.1250 
 25.7100 
 26.0200 
 26.9300 
 26.7400 
 26.2000 
 25.9150 
 26.1700 
 24.7300 
 24.6200 
 23.7650 
 22.5550 
 23.3500 
 24.1350 
 25.1650 
 25.6550 
 25.9900 
 26.2100 
 26.5750 
 25.8600 
 26.5050 
 26.8700 
 27.3250 
 27.2400 
 25.5600 
 26.5600 
 26.2950 
 25.8100 
 25.8500 
 26.2650 
 26.0650 
 26.4400 
 26.6700 
 27.0700 
 25.7950 
 25.7700 
 25.4500 
 25.0400 
 24.0950 
 24.2750 
 24.2450 
 24.2050 
 24.2950 
 24.3400 
 24.5050 
 23.5600 
 23.6750 
 23.3900 
 23.6400 
 23.3100 
 23.3550 
 23.2600 
 22.9350 
 22.6250 
 22.9700 
 23.9450 
 24.4400 
 24.8400 
 24.3750 
 24.3700 
 24.5750 
 24.4000 
 25.3050 
 24.9850 
 25.1000 
 25.3500 
 25.5150 
 25.7100 
 25.8500 
 25.8950 
 25.6400 
 25.8300 
 25.1000 
 25.2700 
 25.7550 
 25.7450 
 26.2350 
 25.8750 
 26.3550 
 26.7750 
 26.5800 
 26.7250 
 25.5600 
 25.1450 
 25.5300 
 25.4350 
 25.2800 
 25.2950 
 26.2350 
 25.8850 
 25.4700 
 25.9000 
 25.2600 
 25.7850 
 25.1650 
 25.5050 
 25.7050 
 26.2650 
 26.5150 
 26.6450 
 27.4750 
 27.4650 
 27.6600 
 27.2700 
 27.8000 
 27.2750 
 27.1400 
 27.4250 
 27.1400 
 26.8550 
 27.3500 
 27.4850 
 26.6400 
 27.1350 
 27.7450 
 28.3250 
 28.4650 
 28.4100 
 28.5450 
 27.8150 
 28.6400 
 28.5000 
 27.8600 
 28.3000 
 28.5350 
 28.4200 
 29.5150 
 29.1550 
 29.2800 
 29.0150 
 29.0100 
 28.8750 
 29.0650 
 28.9150 
 28.4300 
 28.5050 
 28.5700 
 28.4000 
 28.4500 
 27.9950 
 28.2900 
 28.8450 
 28.7250 
 28.3350 
 28.6100 
 28.3400 
 27.0700 
 26.5600 
 26.7350 
 26.6700 
 25.9550 
 25.6000 
 25.2750 
 25.3700 
 25.6150 
 25.2750 
 24.9850 
 24.0950 
 23.7000 
 23.4650 
 23.6200 
 23.8100 
 23.7210 
 22.5810 
 22.7610 
 23.0460 
 23.8300 
 23.6200 
 24.1650 
 24.3150 
 24.8600 
 24.2100 
 24.6000 
 25.2400 
 24.9000 
 25.2500 
 25.8600 
 26.1400 
 25.4800 
 26.2700 
 25.9600 
 26.5000 
 27.0200 
 26.9800 
 27.6000 
 27.8900 
 29.4200 
 28.9500 
 29.8800 
 30.1600 
 30.4200 
 31.6600 
 31.5500 
 31.8400 
 31.7500 
 30.3700 
 30.3800 
 31.0700 
 32.4800 
 31.9800 
 30.8700 
 29.4900 
 30.2300 
 30.7500 
 30.9500 
 31.7600 
 32.0300 
 32.1800 
 31.9800 
 32.3300 
 31.5400 
 31.9100 
 30.7400 
 31.0300 
 30.6400 
 30.6900 
 31.2600 
 31.4500 
 31.7500 
 30.9800 
 30.9200 
 31.3500 
 31.9100 
 32.3100 
 32.0200 
 32.5800 
 32.3800 
 33.0600 
 33.4000 
 32.8700 
 33.0500 
 32.9100 
 32.4100 
 32.0800 
 33.3300 
 33.4700 
 33.5100 
 33.9700 
 34.3500 
 33.4000 
 34.3100 
 34.0600 
 34.6600 
 34.5600 
 34.7300 
 33.9500 
 34.3900 
 34.0400 
 31.2400 
 29.8600 
 28.4200 
 28.3000 
 27.5700 
 24.9600 
 26.3600 
 26.7900 
 26.1600 
 27.4600 
 27.9600 
 28.0800 
 28.0200 
 26.4900 
 26.7700 
 25.0000 
 24.8400 
 25.0100 
 24.8650 
 24.8600 
 23.9300 
 24.5200 
 24.6400 
 24.7300 
 25.2100 
 25.9800 
 25.6700 
 24.4500 
 23.4200 
 23.9000 
 23.0500 
 22.8800 
 23.5000 
 23.9300 
 23.3800 
 23.1400 
 23.3600 
 23.9500 
 24.7300 
 25.2700 
 25.4500 
 25.4000 
 26.3800 
 27.0400 
 27.1200 
 27.4100 
 26.3000 
 27.3200 
 26.6400 
 26.9200 
 26.2000 
 26.2400 
 26.5400 
 26.8000 
 28.1200 
 28.0700 
 27.6100 
 28.0200 
 28.0500 
 28.5500 
 28.3200 
 28.9600 
 28.4100 
 27.1400 
 26.7900 
 26.7300 
 25.7900 
 26.2000 
 26.8000 
 26.8600 
 26.6800 
 27.3600 
 27.4300 
 27.5900 
 28.3200 
 27.8600 
 28.2300 
 28.7500 
 27.8000 
 27.7500 
 27.7000 
 28.0300 
 29.0300 
 29.3900 
 28.7200 
 28.6100 
 28.6200 
 28.8200 
 29.1200 
 28.5100 
 27.8500 
 27.8300 
 28.0700 
 28.4400 
 27.9700 
 28.2200 
 28.1300 
 28.6200 
 29.7200 
 30.2200 
 30.2900 
 29.6000 
 30.2200 
 30.2200 
 30.2400 
 30.2700 
 29.4700 
 28.7900 
 29.2700 
 29.1700 
 28.7800 
 29.1500 
 29.9900 
 30.3800 
 29.9500 
 30.0500 
 29.7650 
 29.9700 
 30.0900 
 29.5700 
 26.8750 
 28.0300 
 27.6400 
 27.5100 
 27.5800 
 27.2600 
 27.2600 
 27.2400 
 26.7000 
 26.6800 
 26.2000 
 25.9600 
 25.6300 
 25.2800 
 25.7300 
 26.0800 
 26.9700 
 27.2700 
 27.1000 
 27.5000 
 28.1800 
 28.2400 
 28.9300 
 29.2600 
 29.4000 
 29.5500 
 29.1800 
 30.3600 
 32.0900 
 31.2400 
 31.5300 
 31.2300 
 31.1000 
 29.7100 
 29.7900 
 29.6900 
 29.4000 
 29.4500 
 29.8000 
 29.2600 
 28.7000 
 28.4800 
 27.7400 
 27.9200 
 27.8900 
 27.1800 
 28.1700 
 28.0900 
 28.7100 
 28.6500 
 28.7700 
 28.7900 
 29.2300 
 29.7400 
 29.1200 
 29.2800 
 29.7400 
 29.6300 
 29.3800 
 28.3900 
 27.6200 
 28.3600 
 28.9900 
 28.8100 
 28.3700 
 29.2000 
 28.9000 
 29.3100 
 29.0200 
 30.2900 
 30.4700 
 30.0900 
 29.7300 
 30.0700 
 30.3200 
